[100%] Built target cpp_node_test
[100%] Built target ament_cmake_python_copy_calibrate_imu
running egg_info
writing calibrate_imu.egg-info/PKG-INFO
writing dependency_links to calibrate_imu.egg-info/dependency_links.txt
writing top-level names to calibrate_imu.egg-info/top_level.txt
reading manifest file 'calibrate_imu.egg-info/SOURCES.txt'
writing manifest file 'calibrate_imu.egg-info/SOURCES.txt'
[100%] Built target ament_cmake_python_build_calibrate_imu_egg
-- Install configuration: ""
-- Up-to-date: /home/waritt/urosrobotsim_ws/install/calibrate_imu/share/calibrate_imu/environment/pythonpath.sh
-- Up-to-date: /home/waritt/urosrobotsim_ws/install/calibrate_imu/share/calibrate_imu/environment/pythonpath.dsv
-- Up-to-date: /home/waritt/urosrobotsim_ws/install/calibrate_imu/local/lib/python3.10/dist-packages/calibrate_imu-0.0.0-py3.10.egg-info
-- Installing: /home/waritt/urosrobotsim_ws/install/calibrate_imu/local/lib/python3.10/dist-packages/calibrate_imu-0.0.0-py3.10.egg-info/SOURCES.txt
-- Installing: /home/waritt/urosrobotsim_ws/install/calibrate_imu/local/lib/python3.10/dist-packages/calibrate_imu-0.0.0-py3.10.egg-info/top_level.txt
-- Installing: /home/waritt/urosrobotsim_ws/install/calibrate_imu/local/lib/python3.10/dist-packages/calibrate_imu-0.0.0-py3.10.egg-info/PKG-INFO
-- Installing: /home/waritt/urosrobotsim_ws/install/calibrate_imu/local/lib/python3.10/dist-packages/calibrate_imu-0.0.0-py3.10.egg-info/dependency_links.txt
-- Up-to-date: /home/waritt/urosrobotsim_ws/install/calibrate_imu/local/lib/python3.10/dist-packages/calibrate_imu
-- Up-to-date: /home/waritt/urosrobotsim_ws/install/calibrate_imu/local/lib/python3.10/dist-packages/calibrate_imu/__init__.py
-- Up-to-date: /home/waritt/urosrobotsim_ws/install/calibrate_imu/local/lib/python3.10/dist-packages/calibrate_imu/dummy_module.py
Listing '/home/waritt/urosrobotsim_ws/install/calibrate_imu/local/lib/python3.10/dist-packages/calibrate_imu'...
-- Up-to-date: /home/waritt/urosrobotsim_ws/install/calibrate_imu/lib/calibrate_imu/imu_calibrate.py
-- Up-to-date: /home/waritt/urosrobotsim_ws/install/calibrate_imu/lib/calibrate_imu/imu_setup.py
-- Up-to-date: /home/waritt/urosrobotsim_ws/install/calibrate_imu/lib/calibrate_imu/cpp_node_test
-- Up-to-date: /home/waritt/urosrobotsim_ws/install/calibrate_imu/share/calibrate_imu
-- Up-to-date: /home/waritt/urosrobotsim_ws/install/calibrate_imu/share/ament_index/resource_index/package_run_dependencies/calibrate_imu
-- Up-to-date: /home/waritt/urosrobotsim_ws/install/calibrate_imu/share/ament_index/resource_index/parent_prefix_path/calibrate_imu
-- Up-to-date: /home/waritt/urosrobotsim_ws/install/calibrate_imu/share/calibrate_imu/environment/ament_prefix_path.sh
-- Up-to-date: /home/waritt/urosrobotsim_ws/install/calibrate_imu/share/calibrate_imu/environment/ament_prefix_path.dsv
-- Up-to-date: /home/waritt/urosrobotsim_ws/install/calibrate_imu/share/calibrate_imu/environment/path.sh
-- Up-to-date: /home/waritt/urosrobotsim_ws/install/calibrate_imu/share/calibrate_imu/environment/path.dsv
-- Up-to-date: /home/waritt/urosrobotsim_ws/install/calibrate_imu/share/calibrate_imu/local_setup.bash
-- Up-to-date: /home/waritt/urosrobotsim_ws/install/calibrate_imu/share/calibrate_imu/local_setup.sh
-- Up-to-date: /home/waritt/urosrobotsim_ws/install/calibrate_imu/share/calibrate_imu/local_setup.zsh
-- Up-to-date: /home/waritt/urosrobotsim_ws/install/calibrate_imu/share/calibrate_imu/local_setup.dsv
-- Up-to-date: /home/waritt/urosrobotsim_ws/install/calibrate_imu/share/calibrate_imu/package.dsv
-- Up-to-date: /home/waritt/urosrobotsim_ws/install/calibrate_imu/share/ament_index/resource_index/packages/calibrate_imu
-- Up-to-date: /home/waritt/urosrobotsim_ws/install/calibrate_imu/share/calibrate_imu/cmake/calibrate_imuConfig.cmake
-- Up-to-date: /home/waritt/urosrobotsim_ws/install/calibrate_imu/share/calibrate_imu/cmake/calibrate_imuConfig-version.cmake
-- Up-to-date: /home/waritt/urosrobotsim_ws/install/calibrate_imu/share/calibrate_imu/package.xml
