-- Found ament_cmake: 1.3.10 (/opt/ros/humble/share/ament_cmake/cmake)
-- Found rclcpp: 16.0.10 (/opt/ros/humble/share/rclcpp/cmake)
-- Found rosidl_generator_c: 3.1.5 (/opt/ros/humble/share/rosidl_generator_c/cmake)
-- Found rosidl_adapter: 3.1.5 (/opt/ros/humble/share/rosidl_adapter/cmake)
-- Found rosidl_generator_cpp: 3.1.5 (/opt/ros/humble/share/rosidl_generator_cpp/cmake)
-- Using all available rosidl_typesupport_c: rosidl_typesupport_fastrtps_c;rosidl_typesupport_introspection_c
-- Using all available rosidl_typesupport_cpp: rosidl_typesupport_fastrtps_cpp;rosidl_typesupport_introspection_cpp
-- Found rmw_implementation_cmake: 6.1.2 (/opt/ros/humble/share/rmw_implementation_cmake/cmake)
-- Found rmw_fastrtps_cpp: 6.2.7 (/opt/ros/humble/share/rmw_fastrtps_cpp/cmake)
-- Using RMW implementation 'rmw_fastrtps_cpp' as default
-- Found rclpy: 3.3.14 (/opt/ros/humble/share/rclpy/cmake)
-- Configuring done
-- Generating done
-- Build files have been written to: /home/waritt/urosrobotsim_ws/build/calibrate_imu
[35m[1mConsolidate compiler generated dependencies of target cpp_node_test[0m
[100%] Built target cpp_node_test
[100%] Built target ament_cmake_python_copy_calibrate_imu
running egg_info
writing calibrate_imu.egg-info/PKG-INFO
writing dependency_links to calibrate_imu.egg-info/dependency_links.txt
writing top-level names to calibrate_imu.egg-info/top_level.txt
reading manifest file 'calibrate_imu.egg-info/SOURCES.txt'
writing manifest file 'calibrate_imu.egg-info/SOURCES.txt'
[100%] Built target ament_cmake_python_build_calibrate_imu_egg
-- Install configuration: ""
-- Up-to-date: /home/waritt/urosrobotsim_ws/install/calibrate_imu/share/calibrate_imu/environment/pythonpath.sh
-- Installing: /home/waritt/urosrobotsim_ws/install/calibrate_imu/share/calibrate_imu/environment/pythonpath.dsv
-- Up-to-date: /home/waritt/urosrobotsim_ws/install/calibrate_imu/local/lib/python3.10/dist-packages/calibrate_imu-0.0.0-py3.10.egg-info
-- Installing: /home/waritt/urosrobotsim_ws/install/calibrate_imu/local/lib/python3.10/dist-packages/calibrate_imu-0.0.0-py3.10.egg-info/SOURCES.txt
-- Installing: /home/waritt/urosrobotsim_ws/install/calibrate_imu/local/lib/python3.10/dist-packages/calibrate_imu-0.0.0-py3.10.egg-info/top_level.txt
-- Installing: /home/waritt/urosrobotsim_ws/install/calibrate_imu/local/lib/python3.10/dist-packages/calibrate_imu-0.0.0-py3.10.egg-info/PKG-INFO
-- Installing: /home/waritt/urosrobotsim_ws/install/calibrate_imu/local/lib/python3.10/dist-packages/calibrate_imu-0.0.0-py3.10.egg-info/dependency_links.txt
-- Up-to-date: /home/waritt/urosrobotsim_ws/install/calibrate_imu/local/lib/python3.10/dist-packages/calibrate_imu
-- Up-to-date: /home/waritt/urosrobotsim_ws/install/calibrate_imu/local/lib/python3.10/dist-packages/calibrate_imu/__init__.py
-- Up-to-date: /home/waritt/urosrobotsim_ws/install/calibrate_imu/local/lib/python3.10/dist-packages/calibrate_imu/dummy_module.py
Listing '/home/waritt/urosrobotsim_ws/install/calibrate_imu/local/lib/python3.10/dist-packages/calibrate_imu'...
-- Installing: /home/waritt/urosrobotsim_ws/install/calibrate_imu/lib/calibrate_imu/imu_calibrate.py
-- Installing: /home/waritt/urosrobotsim_ws/install/calibrate_imu/lib/calibrate_imu/imu_setup.py
-- Up-to-date: /home/waritt/urosrobotsim_ws/install/calibrate_imu/lib/calibrate_imu/cpp_node_test
-- Up-to-date: /home/waritt/urosrobotsim_ws/install/calibrate_imu/share/calibrate_imu
-- Up-to-date: /home/waritt/urosrobotsim_ws/install/calibrate_imu/share/ament_index/resource_index/package_run_dependencies/calibrate_imu
-- Installing: /home/waritt/urosrobotsim_ws/install/calibrate_imu/share/ament_index/resource_index/parent_prefix_path/calibrate_imu
-- Up-to-date: /home/waritt/urosrobotsim_ws/install/calibrate_imu/share/calibrate_imu/environment/ament_prefix_path.sh
-- Installing: /home/waritt/urosrobotsim_ws/install/calibrate_imu/share/calibrate_imu/environment/ament_prefix_path.dsv
-- Up-to-date: /home/waritt/urosrobotsim_ws/install/calibrate_imu/share/calibrate_imu/environment/path.sh
-- Installing: /home/waritt/urosrobotsim_ws/install/calibrate_imu/share/calibrate_imu/environment/path.dsv
-- Up-to-date: /home/waritt/urosrobotsim_ws/install/calibrate_imu/share/calibrate_imu/local_setup.bash
-- Up-to-date: /home/waritt/urosrobotsim_ws/install/calibrate_imu/share/calibrate_imu/local_setup.sh
-- Up-to-date: /home/waritt/urosrobotsim_ws/install/calibrate_imu/share/calibrate_imu/local_setup.zsh
-- Installing: /home/waritt/urosrobotsim_ws/install/calibrate_imu/share/calibrate_imu/local_setup.dsv
-- Installing: /home/waritt/urosrobotsim_ws/install/calibrate_imu/share/calibrate_imu/package.dsv
-- Up-to-date: /home/waritt/urosrobotsim_ws/install/calibrate_imu/share/ament_index/resource_index/packages/calibrate_imu
-- Up-to-date: /home/waritt/urosrobotsim_ws/install/calibrate_imu/share/calibrate_imu/cmake/calibrate_imuConfig.cmake
-- Up-to-date: /home/waritt/urosrobotsim_ws/install/calibrate_imu/share/calibrate_imu/cmake/calibrate_imuConfig-version.cmake
-- Up-to-date: /home/waritt/urosrobotsim_ws/install/calibrate_imu/share/calibrate_imu/package.xml
