2024-10-28 18:13:42,069 [INFO] Activator:176 - 


2024-10-28 18:13:42,071 [INFO] Activator:177 - !SESSION log4j initialized
2024-10-28 18:13:44,776 [INFO] LogOutputStream:77 - [STDOUT_REDIRECT] 
2024-10-28 18:13:45,222 [INFO] ApplicationProperties:184 - Using Application install path: /opt/st/stm32cubeide_1.16.1/plugins/com.st.stm32cube.common.mx_6.12.1.202409122256
2024-10-28 18:13:45,233 [INFO] DbMcusXml:78 - Set database path to: /opt/st/stm32cubeide_1.16.1/plugins/com.st.stm32cube.common.mx_6.12.1.202409122256//db//mcu/
2024-10-28 18:13:45,234 [INFO] ApiDb:274 - Set plugin database path to: /opt/st/stm32cubeide_1.16.1/plugins/com.st.stm32cube.common.mx_6.12.1.202409122256//db//plugins/boardmanager/
2024-10-28 18:13:45,234 [WARN] ApiDb:259 - Overriding images path with different value:  => /opt/st/stm32cubeide_1.16.1/plugins/com.st.stm32cube.common.mx_6.12.1.202409122256//db//plugins/mcufinder/images/
2024-10-28 18:13:45,237 [INFO] ApiDb:250 - Set database path to: /home/waritt/.stmcufinder/plugins/mcufinder//mcu/
2024-10-28 18:13:45,238 [INFO] DbMcusAds:125 - Set database path to: /home/waritt/.stmcufinder/plugins/mcufinder//mcu/
2024-10-28 18:13:45,239 [INFO] CrossReferenceDbSqlite:203 - Set database path to: /home/waritt/.stmcufinder/plugins/mcufinder//mcu/cs/
2024-10-28 18:13:45,306 [INFO] RulesReader:64 - Compatibility file has been processed (297 Rules)
2024-10-28 18:13:45,343 [INFO] DbMcusXml:78 - Set database path to: /opt/st/stm32cubeide_1.16.1/plugins/com.st.stm32cube.common.mx_6.12.1.202409122256//db//mcu/
2024-10-28 18:13:45,343 [INFO] ApiDb:274 - Set plugin database path to: /opt/st/stm32cubeide_1.16.1/plugins/com.st.stm32cube.common.mx_6.12.1.202409122256//db//plugins/boardmanager/
2024-10-28 18:13:45,343 [INFO] ApiDb:261 - Set plugin images path to: /opt/st/stm32cubeide_1.16.1/plugins/com.st.stm32cube.common.mx_6.12.1.202409122256//db//plugins/mcufinder/images/
2024-10-28 18:13:45,344 [WARN] DbFile:41 - Overriding database path with different value: /home/waritt/.stmcufinder/plugins/mcufinder/ => /home/waritt/.stmcufinder/plugins/mcufinder
2024-10-28 18:13:45,344 [INFO] ApiDb:250 - Set database path to: /home/waritt/.stmcufinder/plugins/mcufinder//mcu/
2024-10-28 18:13:45,344 [WARN] DbFile:41 - Overriding database path with different value: /home/waritt/.stmcufinder/plugins/mcufinder/ => /home/waritt/.stmcufinder/plugins/mcufinder
2024-10-28 18:13:45,344 [INFO] DbMcusAds:125 - Set database path to: /home/waritt/.stmcufinder/plugins/mcufinder//mcu/
2024-10-28 18:13:45,344 [WARN] DbFile:41 - Overriding database path with different value: /home/waritt/.stmcufinder/plugins/mcufinder/ => /home/waritt/.stmcufinder/plugins/mcufinder
2024-10-28 18:13:45,344 [WARN] DbFile:41 - Overriding database path with different value: /home/waritt/.stmcufinder/plugins/mcufinder/ => /home/waritt/.stmcufinder/plugins/mcufinder
2024-10-28 18:13:45,344 [INFO] CrossReferenceDbSqlite:203 - Set database path to: /home/waritt/.stmcufinder/plugins/mcufinder//mcu/cs/
2024-10-28 18:13:45,388 [INFO] MainPanel:268 - HeapMemory: 268435456
2024-10-28 18:13:45,487 [INFO] DbMcusXml:78 - Set database path to: /opt/st/stm32cubeide_1.16.1/plugins/com.st.stm32cube.common.mx_6.12.1.202409122256//db//mcu/
2024-10-28 18:13:45,487 [INFO] ApiDb:274 - Set plugin database path to: /opt/st/stm32cubeide_1.16.1/plugins/com.st.stm32cube.common.mx_6.12.1.202409122256//db//plugins/boardmanager/
2024-10-28 18:13:45,487 [INFO] ApiDb:261 - Set plugin images path to: /opt/st/stm32cubeide_1.16.1/plugins/com.st.stm32cube.common.mx_6.12.1.202409122256//db//plugins/mcufinder/images/
2024-10-28 18:13:45,488 [WARN] DbFile:41 - Overriding database path with different value: /home/waritt/.stmcufinder/plugins/mcufinder/ => /home/waritt/.stmcufinder/plugins/mcufinder
2024-10-28 18:13:45,488 [INFO] ApiDb:250 - Set database path to: /home/waritt/.stmcufinder/plugins/mcufinder//mcu/
2024-10-28 18:13:45,488 [WARN] DbFile:41 - Overriding database path with different value: /home/waritt/.stmcufinder/plugins/mcufinder/ => /home/waritt/.stmcufinder/plugins/mcufinder
2024-10-28 18:13:45,488 [INFO] DbMcusAds:125 - Set database path to: /home/waritt/.stmcufinder/plugins/mcufinder//mcu/
2024-10-28 18:13:45,488 [WARN] DbFile:41 - Overriding database path with different value: /home/waritt/.stmcufinder/plugins/mcufinder/ => /home/waritt/.stmcufinder/plugins/mcufinder
2024-10-28 18:13:45,488 [WARN] DbFile:41 - Overriding database path with different value: /home/waritt/.stmcufinder/plugins/mcufinder/ => /home/waritt/.stmcufinder/plugins/mcufinder
2024-10-28 18:13:45,488 [INFO] CrossReferenceDbSqlite:203 - Set database path to: /home/waritt/.stmcufinder/plugins/mcufinder//mcu/cs/
2024-10-28 18:13:45,497 [INFO] ApplicationProperties:184 - Using Application install path: /opt/st/stm32cubeide_1.16.1/plugins/com.st.stm32cube.common.mx_6.12.1.202409122256
2024-10-28 18:13:45,498 [INFO] PluginManage:196 - Search for loadable plugins [exclusion list=, ]
2024-10-28 18:13:45,499 [INFO] PluginManage:310 - Check plugin analytics
2024-10-28 18:13:45,581 [INFO] AnalyticsPlugin:253 - Accepted Software Licenses: 
2024-10-28 18:13:45,581 [INFO] AnalyticsPlugin:255 - Accepted CMSIS Pack Licenses: 
2024-10-28 18:13:45,581 [INFO] AnalyticsPlugin:257 - Accepted Firmware Licenses: FW.G4.1.6.0
2024-10-28 18:13:45,582 [INFO] PluginManage:359 - Loaded plugin analytics (category:tool,tabindex:-1)
2024-10-28 18:13:45,583 [INFO] PluginManage:310 - Check plugin cadmodel
2024-10-28 18:13:45,585 [INFO] CADModel:105 - Init CAD model plugin
2024-10-28 18:13:45,585 [INFO] PluginManage:359 - Loaded plugin cadmodel (category:power,tabindex:5)
2024-10-28 18:13:45,585 [INFO] PluginManage:310 - Check plugin clock
2024-10-28 18:13:45,591 [INFO] PluginManage:359 - Loaded plugin clock (category:base,tabindex:2)
2024-10-28 18:13:45,591 [INFO] PluginManage:310 - Check plugin ddr
2024-10-28 18:13:45,592 [INFO] PluginManage:359 - Loaded plugin ddr (category:tool,tabindex:6)
2024-10-28 18:13:45,592 [INFO] PluginManage:310 - Check plugin filemanager
2024-10-28 18:13:45,676 [INFO] PluginManage:359 - Loaded plugin filemanager (category:base,tabindex:10)
2024-10-28 18:13:45,676 [INFO] PluginManage:310 - Check plugin ipmanager
2024-10-28 18:13:45,680 [INFO] PluginManage:359 - Loaded plugin ipmanager (category:base,tabindex:5)
2024-10-28 18:13:45,680 [INFO] PluginManage:310 - Check plugin lpbam
2024-10-28 18:13:45,686 [INFO] PluginManage:359 - Loaded plugin lpbam (category:base,tabindex:0)
2024-10-28 18:13:45,686 [INFO] PluginManage:310 - Check plugin memorymap
2024-10-28 18:13:45,693 [INFO] PluginManage:359 - Loaded plugin memorymap (category:base,tabindex:4)
2024-10-28 18:13:45,693 [INFO] PluginManage:310 - Check plugin pinoutandconfiguration
2024-10-28 18:13:45,698 [INFO] PluginManage:359 - Loaded plugin pinoutandconfiguration (category:base,tabindex:1)
2024-10-28 18:13:45,698 [INFO] PluginManage:310 - Check plugin pinoutconfig
2024-10-28 18:13:45,746 [WARN] SupportedApi:132 - Cannot load RTOS API schema: s4s-elt-must-match.1: The content of 'definitions' must match (annotation?, (simpleType | complexType)?, (unique | key | keyref)*)). A problem was found starting at: attribute.
2024-10-28 18:13:45,817 [INFO] PluginManage:359 - Loaded plugin pinoutconfig (category:base,tabindex:0)
2024-10-28 18:13:45,817 [INFO] PluginManage:310 - Check plugin power
2024-10-28 18:13:45,822 [INFO] PluginManage:359 - Loaded plugin power (category:power,tabindex:4)
2024-10-28 18:13:45,822 [INFO] PluginManage:310 - Check plugin projectmanager
2024-10-28 18:13:45,831 [INFO] PluginManage:359 - Loaded plugin projectmanager (category:projectmanager,tabindex:4)
2024-10-28 18:13:45,831 [INFO] PluginManage:310 - Check plugin rif
2024-10-28 18:13:45,834 [INFO] PluginManage:359 - Loaded plugin rif (category:base,tabindex:3)
2024-10-28 18:13:45,834 [INFO] PluginManage:310 - Check plugin thirdparty
2024-10-28 18:13:45,900 [INFO] PluginManage:359 - Loaded plugin thirdparty (category:base,tabindex:-1)
2024-10-28 18:13:45,900 [WARN] IntegrityCheckThread:84 - waiting for thirdparty lock release [integrity check]
2024-10-28 18:13:45,900 [INFO] IntegrityCheckThread:86 - entering critical section [integrity check]
2024-10-28 18:13:45,900 [INFO] PluginManage:310 - Check plugin tools
2024-10-28 18:13:45,900 [INFO] ThirdPartyUpdaterWithRetryManager:70 - Updater plugin not ready yet. [1/15]
2024-10-28 18:13:45,902 [INFO] PluginManage:359 - Loaded plugin tools (category:base,tabindex:7)
2024-10-28 18:13:45,902 [INFO] PluginManage:310 - Check plugin tutovideos
2024-10-28 18:13:45,996 [INFO] PluginManage:359 - Loaded plugin tutovideos (category:base,tabindex:-1)
2024-10-28 18:13:45,996 [INFO] PluginManage:310 - Check plugin updater
2024-10-28 18:13:46,006 [INFO] PluginManage:359 - Loaded plugin updater (category:base,tabindex:12)
2024-10-28 18:13:46,006 [INFO] PluginManage:310 - Check plugin userauth
2024-10-28 18:13:46,010 [INFO] UserAuth:113 - Init User Auth plugin
2024-10-28 18:13:46,010 [INFO] PluginManage:359 - Loaded plugin userauth (category:base,tabindex:14)
2024-10-28 18:13:46,010 [INFO] PluginManage:283 - PluginManage : Loaded plugins [18]
2024-10-28 18:13:46,104 [INFO] PinOutPanel:1561 - setPackage(No Configuration,No Configuration)
2024-10-28 18:13:46,144 [INFO] CADModel:165 - CPN selected for project level
2024-10-28 18:13:46,145 [INFO] CADModel:114 - Register for checkConnection events
2024-10-28 18:13:46,155 [INFO] IPUIPlugin:80 - create IPUIPlugin
2024-10-28 18:13:46,155 [INFO] PluginManager:220 - loadIPPluginJar : add stm32_wpan
2024-10-28 18:13:46,156 [INFO] IPUIPlugin:80 - create IPUIPlugin
2024-10-28 18:13:46,156 [INFO] PluginManager:220 - loadIPPluginJar : add dma3
2024-10-28 18:13:46,157 [INFO] IPUIPlugin:80 - create IPUIPlugin
2024-10-28 18:13:46,158 [INFO] PluginManager:220 - loadIPPluginJar : add aes
2024-10-28 18:13:46,161 [INFO] IPUIPlugin:80 - create IPUIPlugin
2024-10-28 18:13:46,162 [INFO] PluginManager:220 - loadIPPluginJar : add plateformsettings
2024-10-28 18:13:46,164 [INFO] IPUIPlugin:80 - create IPUIPlugin
2024-10-28 18:13:46,164 [INFO] PluginManager:220 - loadIPPluginJar : add resmgrutility
2024-10-28 18:13:46,169 [INFO] IPUIPlugin:80 - create IPUIPlugin
2024-10-28 18:13:46,169 [INFO] PluginManager:220 - loadIPPluginJar : add linkedlist
2024-10-28 18:13:46,173 [INFO] IPUIPlugin:80 - create IPUIPlugin
2024-10-28 18:13:46,173 [INFO] PluginManager:220 - loadIPPluginJar : add freertos
2024-10-28 18:13:46,174 [INFO] IPUIPlugin:80 - create IPUIPlugin
2024-10-28 18:13:46,174 [INFO] PluginManager:220 - loadIPPluginJar : add genericplugin
2024-10-28 18:13:46,175 [INFO] IPUIPlugin:80 - create IPUIPlugin
2024-10-28 18:13:46,175 [INFO] PluginManager:220 - loadIPPluginJar : add usbx
2024-10-28 18:13:46,176 [INFO] IPUIPlugin:80 - create IPUIPlugin
2024-10-28 18:13:46,176 [INFO] PluginManager:220 - loadIPPluginJar : add openamp
2024-10-28 18:13:46,178 [INFO] IPUIPlugin:80 - create IPUIPlugin
2024-10-28 18:13:46,178 [INFO] PluginManager:220 - loadIPPluginJar : add ddr_ctrl_phy
2024-10-28 18:13:46,186 [INFO] IPUIPlugin:80 - create IPUIPlugin
2024-10-28 18:13:46,187 [INFO] PluginManager:220 - loadIPPluginJar : add dma
2024-10-28 18:13:46,188 [INFO] IPUIPlugin:80 - create IPUIPlugin
2024-10-28 18:13:46,189 [INFO] PluginManager:220 - loadIPPluginJar : add usart
2024-10-28 18:13:46,190 [INFO] IPUIPlugin:80 - create IPUIPlugin
2024-10-28 18:13:46,190 [INFO] PluginManager:220 - loadIPPluginJar : add lorawan
2024-10-28 18:13:46,192 [INFO] IPUIPlugin:80 - create IPUIPlugin
2024-10-28 18:13:46,193 [INFO] PluginManager:220 - loadIPPluginJar : add nvic
2024-10-28 18:13:46,194 [INFO] IPUIPlugin:80 - create IPUIPlugin
2024-10-28 18:13:46,194 [INFO] PluginManager:220 - loadIPPluginJar : add i2s
2024-10-28 18:13:46,195 [INFO] IPUIPlugin:80 - create IPUIPlugin
2024-10-28 18:13:46,195 [INFO] PluginManager:220 - loadIPPluginJar : add gfxmmu
2024-10-28 18:13:46,196 [INFO] IPUIPlugin:80 - create IPUIPlugin
2024-10-28 18:13:46,196 [INFO] PluginManager:220 - loadIPPluginJar : add spi
2024-10-28 18:13:46,199 [INFO] IPUIPlugin:80 - create IPUIPlugin
2024-10-28 18:13:46,199 [INFO] PluginManager:220 - loadIPPluginJar : add ipddr
2024-10-28 18:13:46,202 [INFO] IPUIPlugin:80 - create IPUIPlugin
2024-10-28 18:13:46,202 [INFO] PluginManager:220 - loadIPPluginJar : add gpio
2024-10-28 18:13:46,204 [INFO] IPUIPlugin:80 - create IPUIPlugin
2024-10-28 18:13:46,204 [INFO] PluginManager:220 - loadIPPluginJar : add can
2024-10-28 18:13:46,205 [INFO] IPUIPlugin:80 - create IPUIPlugin
2024-10-28 18:13:46,205 [INFO] PluginManager:220 - loadIPPluginJar : add ltdc
2024-10-28 18:13:46,206 [INFO] IPUIPlugin:80 - create IPUIPlugin
2024-10-28 18:13:46,206 [INFO] PluginManager:220 - loadIPPluginJar : add fatfs
2024-10-28 18:13:46,209 [INFO] IPUIPlugin:80 - create IPUIPlugin
2024-10-28 18:13:46,209 [INFO] PluginManager:220 - loadIPPluginJar : add fmc
2024-10-28 18:13:46,210 [INFO] IPUIPlugin:80 - create IPUIPlugin
2024-10-28 18:13:46,210 [INFO] PluginManager:220 - loadIPPluginJar : add hash
2024-10-28 18:13:46,211 [INFO] IPUIPlugin:80 - create IPUIPlugin
2024-10-28 18:13:46,212 [INFO] PluginManager:220 - loadIPPluginJar : add radio
2024-10-28 18:13:46,213 [INFO] IPUIPlugin:80 - create IPUIPlugin
2024-10-28 18:13:46,213 [INFO] PluginManager:220 - loadIPPluginJar : add sai
2024-10-28 18:13:46,223 [INFO] IPUIPlugin:80 - create IPUIPlugin
2024-10-28 18:13:46,223 [INFO] PluginManager:220 - loadIPPluginJar : add touchsensing
2024-10-28 18:13:46,225 [INFO] IPUIPlugin:80 - create IPUIPlugin
2024-10-28 18:13:46,225 [INFO] PluginManager:220 - loadIPPluginJar : add i3c
2024-10-28 18:13:46,226 [INFO] IPUIPlugin:80 - create IPUIPlugin
2024-10-28 18:13:46,226 [INFO] PluginManager:220 - loadIPPluginJar : add tim
2024-10-28 18:13:46,227 [INFO] IPUIPlugin:80 - create IPUIPlugin
2024-10-28 18:13:46,227 [INFO] PluginManager:220 - loadIPPluginJar : add ucpd
2024-10-28 18:13:46,230 [INFO] IPUIPlugin:80 - create IPUIPlugin
2024-10-28 18:13:46,230 [INFO] PluginManager:220 - loadIPPluginJar : add gic
2024-10-28 18:13:46,232 [INFO] IPUIPlugin:80 - create IPUIPlugin
2024-10-28 18:13:46,232 [INFO] PluginManager:220 - loadIPPluginJar : add cryp
2024-10-28 18:13:46,236 [INFO] IPUIPlugin:80 - create IPUIPlugin
2024-10-28 18:13:46,236 [INFO] PluginManager:220 - loadIPPluginJar : add adc
2024-10-28 18:13:46,237 [INFO] IPUIPlugin:80 - create IPUIPlugin
2024-10-28 18:13:46,237 [INFO] PluginManager:220 - loadIPPluginJar : add opamp
2024-10-28 18:13:46,238 [INFO] IPUIPlugin:80 - create IPUIPlugin
2024-10-28 18:13:46,238 [INFO] PluginManager:220 - loadIPPluginJar : add tsc
2024-10-28 18:13:46,239 [INFO] IPUIPlugin:80 - create IPUIPlugin
2024-10-28 18:13:46,239 [INFO] PluginManager:220 - loadIPPluginJar : add i2c
2024-10-28 18:13:46,241 [INFO] IPUIPlugin:80 - create IPUIPlugin
2024-10-28 18:13:46,241 [INFO] PluginManager:220 - loadIPPluginJar : add gtzc
2024-10-28 18:13:46,242 [INFO] IPUIPlugin:80 - create IPUIPlugin
2024-10-28 18:13:46,245 [INFO] PluginManager:220 - loadIPPluginJar : add quadspi
2024-10-28 18:13:46,246 [INFO] IPUIPlugin:80 - create IPUIPlugin
2024-10-28 18:13:46,246 [INFO] PluginManager:220 - loadIPPluginJar : add comp
2024-10-28 18:13:46,249 [INFO] IPUIPlugin:80 - create IPUIPlugin
2024-10-28 18:13:46,249 [INFO] PluginManager:220 - loadIPPluginJar : add mdma
2024-10-28 18:13:46,251 [INFO] IPUIPlugin:80 - create IPUIPlugin
2024-10-28 18:13:46,251 [INFO] PluginManager:220 - loadIPPluginJar : add dfsdm
2024-10-28 18:13:46,251 [INFO] IPUIPlugin:80 - create IPUIPlugin
2024-10-28 18:13:46,251 [INFO] PluginManager:220 - loadIPPluginJar : add ts
2024-10-28 18:13:46,252 [INFO] IPUIPlugin:80 - create IPUIPlugin
2024-10-28 18:13:46,252 [INFO] PluginManager:220 - loadIPPluginJar : add tracer_emb
2024-10-28 18:13:46,253 [INFO] IPUIPlugin:80 - create IPUIPlugin
2024-10-28 18:13:46,253 [INFO] PluginManager:220 - loadIPPluginJar : add pdm2pcm
2024-10-28 18:13:46,255 [INFO] IPUIPlugin:80 - create IPUIPlugin
2024-10-28 18:13:46,255 [INFO] PluginManager:220 - loadIPPluginJar : add extmemmanager
2024-10-28 18:13:46,340 [INFO] CADModel:165 - CPN selected for project level
2024-10-28 18:13:46,340 [INFO] CADModel:114 - Register for checkConnection events
2024-10-28 18:13:46,340 [FATAL] Updater:334 - Updater called before beeing initialized
2024-10-28 18:13:46,340 [ERROR] CADModel:125 - Updater not yet initialized, retry later 
2024-10-28 18:13:46,400 [INFO] CADModel:165 - CPN selected for project level
2024-10-28 18:13:46,400 [INFO] CADModel:114 - Register for checkConnection events
2024-10-28 18:13:46,400 [FATAL] Updater:334 - Updater called before beeing initialized
2024-10-28 18:13:46,400 [ERROR] CADModel:125 - Updater not yet initialized, retry later 
2024-10-28 18:13:46,404 [FATAL] Updater:334 - Updater called before beeing initialized
2024-10-28 18:13:46,443 [FATAL] Updater:334 - Updater called before beeing initialized
2024-10-28 18:13:46,445 [INFO] DbMcusAds:53 - JSON generation date=Fri Sep 20 20:04:38 ICT 2024 (1726837478367)
2024-10-28 18:13:46,446 [FATAL] Updater:334 - Updater called before beeing initialized
2024-10-28 18:13:46,467 [WARN] DetailPanel:346 - Failed to get advertising image, set to default
2024-10-28 18:13:46,510 [FATAL] Updater:334 - Updater called before beeing initialized
2024-10-28 18:13:46,511 [FATAL] Updater:334 - Updater called before beeing initialized
2024-10-28 18:13:46,511 [FATAL] Updater:334 - Updater called before beeing initialized
2024-10-28 18:13:46,511 [WARN] DetailPanel:346 - Failed to get advertising image, set to default
2024-10-28 18:13:46,512 [FATAL] Updater:334 - Updater called before beeing initialized
2024-10-28 18:13:46,529 [ERROR] Updater:1164 - MainUpdater not yet initialized. External WinMGr cannot be set.
2024-10-28 18:13:46,530 [INFO] Updater:1100 - Updater Version found : 6.12.1
2024-10-28 18:13:46,540 [INFO] ApplicationProperties:184 - Using Application install path: /opt/st/stm32cubeide_1.16.1/plugins/com.st.stm32cube.common.mx_6.12.1.202409122256
2024-10-28 18:13:46,669 [INFO] MainUpdater:2873 - connection check result : 10
2024-10-28 18:13:46,669 [INFO] MainUpdater:290 - Updater Check For Update Now.
2024-10-28 18:13:46,669 [INFO] MicroXplorer:498 - Change Database Version : DB.6.0.121
2024-10-28 18:13:46,672 [INFO] McuFinderGlobals:63 - Set McuFinder mode to 2 (CubeIDE integrated)
2024-10-28 18:13:46,673 [INFO] UserAuth:417 - Internet connection configuration mode: 1
2024-10-28 18:13:46,685 [INFO] JxBrowserEngine:152 - Initiate JxBrowser Engine with user profile folder
2024-10-28 18:13:46,818 [INFO] CheckServerUpdateThread:120 - End of CheckServer Thread
2024-10-28 18:13:47,212 [INFO] WebApp:167 - Instantiating new browser for Auth
2024-10-28 18:13:47,684 [INFO] WebApp:448 - Apply proxy settings
2024-10-28 18:13:47,684 [INFO] WebApp:533 - Chromium requires no authentication
2024-10-28 18:13:47,688 [INFO] WebApp:476 - Direct internet connection detected
2024-10-28 18:13:47,698 [INFO] WebApp:869 - Register for checkConnection events
2024-10-28 18:13:47,698 [INFO] WebApp:448 - Apply proxy settings
2024-10-28 18:13:47,698 [INFO] WebApp:533 - Chromium requires no authentication
2024-10-28 18:13:47,699 [INFO] WebApp:476 - Direct internet connection detected
2024-10-28 18:13:47,770 [INFO] WebApp:220 - Starting web application
2024-10-28 18:13:47,770 [INFO] WebApp:578 - Web application path used /opt/st/stm32cubeide_1.16.1/plugins/com.st.stm32cube.common.mx_6.12.1.202409122256/db/plugins/mcufinder/reactClient1/index.html
2024-10-28 18:13:47,829 [INFO] UserAuth:417 - Internet connection configuration mode: 1
2024-10-28 18:13:47,911 [INFO] WebApp:186 - Connection restablished
2024-10-28 18:13:48,953 [WARN] PackLoader:240 - Cannot read IP mode file for STMicroelectronics.FP-SNS-MOTENVWB1.1.4.0
2024-10-28 18:13:48,957 [WARN] PackLoader:240 - Cannot read IP mode file for STMicroelectronics.FP-SNS-FLIGHT1.5.0.2
2024-10-28 18:13:48,961 [WARN] PackLoader:240 - Cannot read IP mode file for STMicroelectronics.FP-SNS-SMARTAG2.1.2.0
2024-10-28 18:13:48,964 [WARN] PackLoader:240 - Cannot read IP mode file for STMicroelectronics.FP-SNS-MOTENV1.5.0.0
2024-10-28 18:13:48,967 [WARN] PackLoader:240 - Cannot read IP mode file for STMicroelectronics.FP-ATR-SIGFOX1.3.2.0
2024-10-28 18:13:48,970 [WARN] PackLoader:240 - Cannot read IP mode file for STMicroelectronics.FP-ATR-ASTRA1.2.0.0
2024-10-28 18:13:48,970 [INFO] ThirdParty:978 - Integrity check success = true
2024-10-28 18:13:48,970 [INFO] IntegrityCheckThread:100 - exiting critical section [integrity check]
2024-10-28 18:13:48,970 [INFO] IntegrityCheckThread:103 - End integrity checks thread
2024-10-28 18:16:30,654 [ERROR] LogOutputStream:75 - [STDERR_REDIRECT] 
2024-10-28 21:34:02,330 [INFO] Activator:176 - 


2024-10-28 21:34:02,331 [INFO] Activator:177 - !SESSION log4j initialized
2024-10-28 21:34:05,103 [INFO] LogOutputStream:77 - [STDOUT_REDIRECT] 
2024-10-28 21:34:05,530 [INFO] ApplicationProperties:184 - Using Application install path: /opt/st/stm32cubeide_1.16.1/plugins/com.st.stm32cube.common.mx_6.12.1.202409122256
2024-10-28 21:34:05,540 [INFO] DbMcusXml:78 - Set database path to: /opt/st/stm32cubeide_1.16.1/plugins/com.st.stm32cube.common.mx_6.12.1.202409122256//db//mcu/
2024-10-28 21:34:05,540 [INFO] ApiDb:274 - Set plugin database path to: /opt/st/stm32cubeide_1.16.1/plugins/com.st.stm32cube.common.mx_6.12.1.202409122256//db//plugins/boardmanager/
2024-10-28 21:34:05,540 [WARN] ApiDb:259 - Overriding images path with different value:  => /opt/st/stm32cubeide_1.16.1/plugins/com.st.stm32cube.common.mx_6.12.1.202409122256//db//plugins/mcufinder/images/
2024-10-28 21:34:05,542 [INFO] ApiDb:250 - Set database path to: /home/waritt/.stmcufinder/plugins/mcufinder//mcu/
2024-10-28 21:34:05,543 [INFO] DbMcusAds:125 - Set database path to: /home/waritt/.stmcufinder/plugins/mcufinder//mcu/
2024-10-28 21:34:05,544 [INFO] CrossReferenceDbSqlite:203 - Set database path to: /home/waritt/.stmcufinder/plugins/mcufinder//mcu/cs/
2024-10-28 21:34:05,605 [INFO] RulesReader:64 - Compatibility file has been processed (297 Rules)
2024-10-28 21:34:05,639 [INFO] DbMcusXml:78 - Set database path to: /opt/st/stm32cubeide_1.16.1/plugins/com.st.stm32cube.common.mx_6.12.1.202409122256//db//mcu/
2024-10-28 21:34:05,639 [INFO] ApiDb:274 - Set plugin database path to: /opt/st/stm32cubeide_1.16.1/plugins/com.st.stm32cube.common.mx_6.12.1.202409122256//db//plugins/boardmanager/
2024-10-28 21:34:05,639 [INFO] ApiDb:261 - Set plugin images path to: /opt/st/stm32cubeide_1.16.1/plugins/com.st.stm32cube.common.mx_6.12.1.202409122256//db//plugins/mcufinder/images/
2024-10-28 21:34:05,639 [WARN] DbFile:41 - Overriding database path with different value: /home/waritt/.stmcufinder/plugins/mcufinder/ => /home/waritt/.stmcufinder/plugins/mcufinder
2024-10-28 21:34:05,639 [INFO] ApiDb:250 - Set database path to: /home/waritt/.stmcufinder/plugins/mcufinder//mcu/
2024-10-28 21:34:05,639 [WARN] DbFile:41 - Overriding database path with different value: /home/waritt/.stmcufinder/plugins/mcufinder/ => /home/waritt/.stmcufinder/plugins/mcufinder
2024-10-28 21:34:05,639 [INFO] DbMcusAds:125 - Set database path to: /home/waritt/.stmcufinder/plugins/mcufinder//mcu/
2024-10-28 21:34:05,639 [WARN] DbFile:41 - Overriding database path with different value: /home/waritt/.stmcufinder/plugins/mcufinder/ => /home/waritt/.stmcufinder/plugins/mcufinder
2024-10-28 21:34:05,639 [WARN] DbFile:41 - Overriding database path with different value: /home/waritt/.stmcufinder/plugins/mcufinder/ => /home/waritt/.stmcufinder/plugins/mcufinder
2024-10-28 21:34:05,639 [INFO] CrossReferenceDbSqlite:203 - Set database path to: /home/waritt/.stmcufinder/plugins/mcufinder//mcu/cs/
2024-10-28 21:34:05,681 [INFO] MainPanel:268 - HeapMemory: 268435456
2024-10-28 21:34:05,746 [INFO] DbMcusXml:78 - Set database path to: /opt/st/stm32cubeide_1.16.1/plugins/com.st.stm32cube.common.mx_6.12.1.202409122256//db//mcu/
2024-10-28 21:34:05,746 [INFO] ApiDb:274 - Set plugin database path to: /opt/st/stm32cubeide_1.16.1/plugins/com.st.stm32cube.common.mx_6.12.1.202409122256//db//plugins/boardmanager/
2024-10-28 21:34:05,746 [INFO] ApiDb:261 - Set plugin images path to: /opt/st/stm32cubeide_1.16.1/plugins/com.st.stm32cube.common.mx_6.12.1.202409122256//db//plugins/mcufinder/images/
2024-10-28 21:34:05,746 [WARN] DbFile:41 - Overriding database path with different value: /home/waritt/.stmcufinder/plugins/mcufinder/ => /home/waritt/.stmcufinder/plugins/mcufinder
2024-10-28 21:34:05,746 [INFO] ApiDb:250 - Set database path to: /home/waritt/.stmcufinder/plugins/mcufinder//mcu/
2024-10-28 21:34:05,746 [WARN] DbFile:41 - Overriding database path with different value: /home/waritt/.stmcufinder/plugins/mcufinder/ => /home/waritt/.stmcufinder/plugins/mcufinder
2024-10-28 21:34:05,746 [INFO] DbMcusAds:125 - Set database path to: /home/waritt/.stmcufinder/plugins/mcufinder//mcu/
2024-10-28 21:34:05,746 [WARN] DbFile:41 - Overriding database path with different value: /home/waritt/.stmcufinder/plugins/mcufinder/ => /home/waritt/.stmcufinder/plugins/mcufinder
2024-10-28 21:34:05,746 [WARN] DbFile:41 - Overriding database path with different value: /home/waritt/.stmcufinder/plugins/mcufinder/ => /home/waritt/.stmcufinder/plugins/mcufinder
2024-10-28 21:34:05,747 [INFO] CrossReferenceDbSqlite:203 - Set database path to: /home/waritt/.stmcufinder/plugins/mcufinder//mcu/cs/
2024-10-28 21:34:05,754 [INFO] ApplicationProperties:184 - Using Application install path: /opt/st/stm32cubeide_1.16.1/plugins/com.st.stm32cube.common.mx_6.12.1.202409122256
2024-10-28 21:34:05,755 [INFO] PluginManage:196 - Search for loadable plugins [exclusion list=, ]
2024-10-28 21:34:05,756 [INFO] PluginManage:310 - Check plugin analytics
2024-10-28 21:34:05,841 [INFO] AnalyticsPlugin:253 - Accepted Software Licenses: 
2024-10-28 21:34:05,841 [INFO] AnalyticsPlugin:255 - Accepted CMSIS Pack Licenses: 
2024-10-28 21:34:05,841 [INFO] AnalyticsPlugin:257 - Accepted Firmware Licenses: FW.G4.1.6.0
2024-10-28 21:34:05,843 [INFO] PluginManage:359 - Loaded plugin analytics (category:tool,tabindex:-1)
2024-10-28 21:34:05,843 [INFO] PluginManage:310 - Check plugin cadmodel
2024-10-28 21:34:05,845 [INFO] CADModel:105 - Init CAD model plugin
2024-10-28 21:34:05,845 [INFO] PluginManage:359 - Loaded plugin cadmodel (category:power,tabindex:5)
2024-10-28 21:34:05,845 [INFO] PluginManage:310 - Check plugin clock
2024-10-28 21:34:05,849 [INFO] PluginManage:359 - Loaded plugin clock (category:base,tabindex:2)
2024-10-28 21:34:05,849 [INFO] PluginManage:310 - Check plugin ddr
2024-10-28 21:34:05,850 [INFO] PluginManage:359 - Loaded plugin ddr (category:tool,tabindex:6)
2024-10-28 21:34:05,850 [INFO] PluginManage:310 - Check plugin filemanager
2024-10-28 21:34:05,929 [INFO] PluginManage:359 - Loaded plugin filemanager (category:base,tabindex:10)
2024-10-28 21:34:05,929 [INFO] PluginManage:310 - Check plugin ipmanager
2024-10-28 21:34:05,932 [INFO] PluginManage:359 - Loaded plugin ipmanager (category:base,tabindex:5)
2024-10-28 21:34:05,932 [INFO] PluginManage:310 - Check plugin lpbam
2024-10-28 21:34:05,937 [INFO] PluginManage:359 - Loaded plugin lpbam (category:base,tabindex:0)
2024-10-28 21:34:05,937 [INFO] PluginManage:310 - Check plugin memorymap
2024-10-28 21:34:05,944 [INFO] PluginManage:359 - Loaded plugin memorymap (category:base,tabindex:4)
2024-10-28 21:34:05,944 [INFO] PluginManage:310 - Check plugin pinoutandconfiguration
2024-10-28 21:34:05,947 [INFO] PluginManage:359 - Loaded plugin pinoutandconfiguration (category:base,tabindex:1)
2024-10-28 21:34:05,947 [INFO] PluginManage:310 - Check plugin pinoutconfig
2024-10-28 21:34:06,007 [WARN] SupportedApi:132 - Cannot load RTOS API schema: s4s-elt-must-match.1: The content of 'definitions' must match (annotation?, (simpleType | complexType)?, (unique | key | keyref)*)). A problem was found starting at: attribute.
2024-10-28 21:34:06,076 [INFO] PluginManage:359 - Loaded plugin pinoutconfig (category:base,tabindex:0)
2024-10-28 21:34:06,076 [INFO] PluginManage:310 - Check plugin power
2024-10-28 21:34:06,080 [INFO] PluginManage:359 - Loaded plugin power (category:power,tabindex:4)
2024-10-28 21:34:06,080 [INFO] PluginManage:310 - Check plugin projectmanager
2024-10-28 21:34:06,089 [INFO] PluginManage:359 - Loaded plugin projectmanager (category:projectmanager,tabindex:4)
2024-10-28 21:34:06,089 [INFO] PluginManage:310 - Check plugin rif
2024-10-28 21:34:06,092 [INFO] PluginManage:359 - Loaded plugin rif (category:base,tabindex:3)
2024-10-28 21:34:06,092 [INFO] PluginManage:310 - Check plugin thirdparty
2024-10-28 21:34:06,158 [WARN] IntegrityCheckThread:84 - waiting for thirdparty lock release [integrity check]
2024-10-28 21:34:06,158 [INFO] IntegrityCheckThread:86 - entering critical section [integrity check]
2024-10-28 21:34:06,159 [INFO] PluginManage:359 - Loaded plugin thirdparty (category:base,tabindex:-1)
2024-10-28 21:34:06,159 [INFO] PluginManage:310 - Check plugin tools
2024-10-28 21:34:06,159 [INFO] ThirdPartyUpdaterWithRetryManager:70 - Updater plugin not ready yet. [1/15]
2024-10-28 21:34:06,160 [INFO] PluginManage:359 - Loaded plugin tools (category:base,tabindex:7)
2024-10-28 21:34:06,160 [INFO] PluginManage:310 - Check plugin tutovideos
2024-10-28 21:34:06,253 [INFO] PluginManage:359 - Loaded plugin tutovideos (category:base,tabindex:-1)
2024-10-28 21:34:06,253 [INFO] PluginManage:310 - Check plugin updater
2024-10-28 21:34:06,264 [INFO] PluginManage:359 - Loaded plugin updater (category:base,tabindex:12)
2024-10-28 21:34:06,264 [INFO] PluginManage:310 - Check plugin userauth
2024-10-28 21:34:06,267 [INFO] UserAuth:113 - Init User Auth plugin
2024-10-28 21:34:06,267 [INFO] PluginManage:359 - Loaded plugin userauth (category:base,tabindex:14)
2024-10-28 21:34:06,267 [INFO] PluginManage:283 - PluginManage : Loaded plugins [18]
2024-10-28 21:34:06,370 [INFO] PinOutPanel:1561 - setPackage(No Configuration,No Configuration)
2024-10-28 21:34:06,438 [INFO] CADModel:165 - CPN selected for project level
2024-10-28 21:34:06,438 [INFO] CADModel:114 - Register for checkConnection events
2024-10-28 21:34:06,451 [INFO] IPUIPlugin:80 - create IPUIPlugin
2024-10-28 21:34:06,451 [INFO] PluginManager:220 - loadIPPluginJar : add stm32_wpan
2024-10-28 21:34:06,453 [INFO] IPUIPlugin:80 - create IPUIPlugin
2024-10-28 21:34:06,453 [INFO] PluginManager:220 - loadIPPluginJar : add dma3
2024-10-28 21:34:06,455 [INFO] IPUIPlugin:80 - create IPUIPlugin
2024-10-28 21:34:06,455 [INFO] PluginManager:220 - loadIPPluginJar : add aes
2024-10-28 21:34:06,463 [INFO] IPUIPlugin:80 - create IPUIPlugin
2024-10-28 21:34:06,465 [INFO] PluginManager:220 - loadIPPluginJar : add plateformsettings
2024-10-28 21:34:06,466 [INFO] IPUIPlugin:80 - create IPUIPlugin
2024-10-28 21:34:06,466 [INFO] PluginManager:220 - loadIPPluginJar : add resmgrutility
2024-10-28 21:34:06,471 [INFO] IPUIPlugin:80 - create IPUIPlugin
2024-10-28 21:34:06,471 [INFO] PluginManager:220 - loadIPPluginJar : add linkedlist
2024-10-28 21:34:06,474 [INFO] IPUIPlugin:80 - create IPUIPlugin
2024-10-28 21:34:06,474 [INFO] PluginManager:220 - loadIPPluginJar : add freertos
2024-10-28 21:34:06,475 [INFO] IPUIPlugin:80 - create IPUIPlugin
2024-10-28 21:34:06,475 [INFO] PluginManager:220 - loadIPPluginJar : add genericplugin
2024-10-28 21:34:06,476 [INFO] IPUIPlugin:80 - create IPUIPlugin
2024-10-28 21:34:06,476 [INFO] PluginManager:220 - loadIPPluginJar : add usbx
2024-10-28 21:34:06,477 [INFO] IPUIPlugin:80 - create IPUIPlugin
2024-10-28 21:34:06,477 [INFO] PluginManager:220 - loadIPPluginJar : add openamp
2024-10-28 21:34:06,479 [INFO] IPUIPlugin:80 - create IPUIPlugin
2024-10-28 21:34:06,479 [INFO] PluginManager:220 - loadIPPluginJar : add ddr_ctrl_phy
2024-10-28 21:34:06,482 [INFO] IPUIPlugin:80 - create IPUIPlugin
2024-10-28 21:34:06,482 [INFO] PluginManager:220 - loadIPPluginJar : add dma
2024-10-28 21:34:06,484 [INFO] IPUIPlugin:80 - create IPUIPlugin
2024-10-28 21:34:06,484 [INFO] PluginManager:220 - loadIPPluginJar : add usart
2024-10-28 21:34:06,485 [INFO] IPUIPlugin:80 - create IPUIPlugin
2024-10-28 21:34:06,485 [INFO] PluginManager:220 - loadIPPluginJar : add lorawan
2024-10-28 21:34:06,486 [INFO] IPUIPlugin:80 - create IPUIPlugin
2024-10-28 21:34:06,486 [INFO] PluginManager:220 - loadIPPluginJar : add nvic
2024-10-28 21:34:06,487 [INFO] IPUIPlugin:80 - create IPUIPlugin
2024-10-28 21:34:06,487 [INFO] PluginManager:220 - loadIPPluginJar : add i2s
2024-10-28 21:34:06,488 [INFO] IPUIPlugin:80 - create IPUIPlugin
2024-10-28 21:34:06,488 [INFO] PluginManager:220 - loadIPPluginJar : add gfxmmu
2024-10-28 21:34:06,489 [INFO] IPUIPlugin:80 - create IPUIPlugin
2024-10-28 21:34:06,489 [INFO] PluginManager:220 - loadIPPluginJar : add spi
2024-10-28 21:34:06,491 [INFO] IPUIPlugin:80 - create IPUIPlugin
2024-10-28 21:34:06,491 [INFO] PluginManager:220 - loadIPPluginJar : add ipddr
2024-10-28 21:34:06,493 [INFO] IPUIPlugin:80 - create IPUIPlugin
2024-10-28 21:34:06,493 [INFO] PluginManager:220 - loadIPPluginJar : add gpio
2024-10-28 21:34:06,494 [INFO] IPUIPlugin:80 - create IPUIPlugin
2024-10-28 21:34:06,495 [INFO] PluginManager:220 - loadIPPluginJar : add can
2024-10-28 21:34:06,495 [INFO] IPUIPlugin:80 - create IPUIPlugin
2024-10-28 21:34:06,495 [INFO] PluginManager:220 - loadIPPluginJar : add ltdc
2024-10-28 21:34:06,496 [INFO] IPUIPlugin:80 - create IPUIPlugin
2024-10-28 21:34:06,496 [INFO] PluginManager:220 - loadIPPluginJar : add fatfs
2024-10-28 21:34:06,499 [INFO] IPUIPlugin:80 - create IPUIPlugin
2024-10-28 21:34:06,499 [INFO] PluginManager:220 - loadIPPluginJar : add fmc
2024-10-28 21:34:06,500 [INFO] IPUIPlugin:80 - create IPUIPlugin
2024-10-28 21:34:06,500 [INFO] PluginManager:220 - loadIPPluginJar : add hash
2024-10-28 21:34:06,501 [INFO] IPUIPlugin:80 - create IPUIPlugin
2024-10-28 21:34:06,501 [INFO] PluginManager:220 - loadIPPluginJar : add radio
2024-10-28 21:34:06,503 [INFO] IPUIPlugin:80 - create IPUIPlugin
2024-10-28 21:34:06,503 [INFO] PluginManager:220 - loadIPPluginJar : add sai
2024-10-28 21:34:06,504 [INFO] IPUIPlugin:80 - create IPUIPlugin
2024-10-28 21:34:06,504 [INFO] PluginManager:220 - loadIPPluginJar : add touchsensing
2024-10-28 21:34:06,505 [INFO] IPUIPlugin:80 - create IPUIPlugin
2024-10-28 21:34:06,505 [INFO] PluginManager:220 - loadIPPluginJar : add i3c
2024-10-28 21:34:06,506 [INFO] IPUIPlugin:80 - create IPUIPlugin
2024-10-28 21:34:06,506 [INFO] PluginManager:220 - loadIPPluginJar : add tim
2024-10-28 21:34:06,506 [INFO] IPUIPlugin:80 - create IPUIPlugin
2024-10-28 21:34:06,507 [INFO] PluginManager:220 - loadIPPluginJar : add ucpd
2024-10-28 21:34:06,509 [INFO] IPUIPlugin:80 - create IPUIPlugin
2024-10-28 21:34:06,509 [INFO] PluginManager:220 - loadIPPluginJar : add gic
2024-10-28 21:34:06,510 [INFO] IPUIPlugin:80 - create IPUIPlugin
2024-10-28 21:34:06,510 [INFO] PluginManager:220 - loadIPPluginJar : add cryp
2024-10-28 21:34:06,512 [INFO] IPUIPlugin:80 - create IPUIPlugin
2024-10-28 21:34:06,512 [INFO] PluginManager:220 - loadIPPluginJar : add adc
2024-10-28 21:34:06,514 [INFO] IPUIPlugin:80 - create IPUIPlugin
2024-10-28 21:34:06,514 [INFO] PluginManager:220 - loadIPPluginJar : add opamp
2024-10-28 21:34:06,514 [INFO] IPUIPlugin:80 - create IPUIPlugin
2024-10-28 21:34:06,514 [INFO] PluginManager:220 - loadIPPluginJar : add tsc
2024-10-28 21:34:06,515 [INFO] IPUIPlugin:80 - create IPUIPlugin
2024-10-28 21:34:06,515 [INFO] PluginManager:220 - loadIPPluginJar : add i2c
2024-10-28 21:34:06,516 [INFO] IPUIPlugin:80 - create IPUIPlugin
2024-10-28 21:34:06,516 [INFO] PluginManager:220 - loadIPPluginJar : add gtzc
2024-10-28 21:34:06,517 [INFO] IPUIPlugin:80 - create IPUIPlugin
2024-10-28 21:34:06,517 [INFO] PluginManager:220 - loadIPPluginJar : add quadspi
2024-10-28 21:34:06,517 [INFO] IPUIPlugin:80 - create IPUIPlugin
2024-10-28 21:34:06,517 [INFO] PluginManager:220 - loadIPPluginJar : add comp
2024-10-28 21:34:06,520 [INFO] IPUIPlugin:80 - create IPUIPlugin
2024-10-28 21:34:06,520 [INFO] PluginManager:220 - loadIPPluginJar : add mdma
2024-10-28 21:34:06,521 [INFO] IPUIPlugin:80 - create IPUIPlugin
2024-10-28 21:34:06,521 [INFO] PluginManager:220 - loadIPPluginJar : add dfsdm
2024-10-28 21:34:06,522 [INFO] IPUIPlugin:80 - create IPUIPlugin
2024-10-28 21:34:06,522 [INFO] PluginManager:220 - loadIPPluginJar : add ts
2024-10-28 21:34:06,523 [INFO] IPUIPlugin:80 - create IPUIPlugin
2024-10-28 21:34:06,523 [INFO] PluginManager:220 - loadIPPluginJar : add tracer_emb
2024-10-28 21:34:06,524 [INFO] IPUIPlugin:80 - create IPUIPlugin
2024-10-28 21:34:06,524 [INFO] PluginManager:220 - loadIPPluginJar : add pdm2pcm
2024-10-28 21:34:06,525 [INFO] IPUIPlugin:80 - create IPUIPlugin
2024-10-28 21:34:06,525 [INFO] PluginManager:220 - loadIPPluginJar : add extmemmanager
2024-10-28 21:34:06,614 [INFO] CADModel:165 - CPN selected for project level
2024-10-28 21:34:06,615 [INFO] CADModel:114 - Register for checkConnection events
2024-10-28 21:34:06,615 [FATAL] Updater:334 - Updater called before beeing initialized
2024-10-28 21:34:06,616 [ERROR] CADModel:125 - Updater not yet initialized, retry later 
2024-10-28 21:34:06,691 [INFO] CADModel:165 - CPN selected for project level
2024-10-28 21:34:06,691 [INFO] CADModel:114 - Register for checkConnection events
2024-10-28 21:34:06,691 [FATAL] Updater:334 - Updater called before beeing initialized
2024-10-28 21:34:06,691 [ERROR] CADModel:125 - Updater not yet initialized, retry later 
2024-10-28 21:34:06,693 [FATAL] Updater:334 - Updater called before beeing initialized
2024-10-28 21:34:06,741 [FATAL] Updater:334 - Updater called before beeing initialized
2024-10-28 21:34:06,743 [INFO] DbMcusAds:53 - JSON generation date=Fri Sep 20 20:04:38 ICT 2024 (1726837478367)
2024-10-28 21:34:06,743 [FATAL] Updater:334 - Updater called before beeing initialized
2024-10-28 21:34:06,762 [WARN] DetailPanel:346 - Failed to get advertising image, set to default
2024-10-28 21:34:06,805 [FATAL] Updater:334 - Updater called before beeing initialized
2024-10-28 21:34:06,806 [FATAL] Updater:334 - Updater called before beeing initialized
2024-10-28 21:34:06,806 [FATAL] Updater:334 - Updater called before beeing initialized
2024-10-28 21:34:06,806 [WARN] DetailPanel:346 - Failed to get advertising image, set to default
2024-10-28 21:34:06,806 [FATAL] Updater:334 - Updater called before beeing initialized
2024-10-28 21:34:06,822 [ERROR] Updater:1164 - MainUpdater not yet initialized. External WinMGr cannot be set.
2024-10-28 21:34:06,823 [INFO] Updater:1100 - Updater Version found : 6.12.1
2024-10-28 21:34:06,832 [INFO] ApplicationProperties:184 - Using Application install path: /opt/st/stm32cubeide_1.16.1/plugins/com.st.stm32cube.common.mx_6.12.1.202409122256
2024-10-28 21:34:07,077 [INFO] MainUpdater:2873 - connection check result : 10
2024-10-28 21:34:07,078 [INFO] MainUpdater:290 - Updater Check For Update Now.
2024-10-28 21:34:07,078 [INFO] MicroXplorer:498 - Change Database Version : DB.6.0.121
2024-10-28 21:34:07,080 [INFO] McuFinderGlobals:63 - Set McuFinder mode to 2 (CubeIDE integrated)
2024-10-28 21:34:07,080 [INFO] UserAuth:417 - Internet connection configuration mode: 1
2024-10-28 21:34:07,085 [INFO] JxBrowserEngine:152 - Initiate JxBrowser Engine with user profile folder
2024-10-28 21:34:07,218 [INFO] CheckServerUpdateThread:120 - End of CheckServer Thread
2024-10-28 21:34:07,408 [INFO] WebApp:167 - Instantiating new browser for Auth
2024-10-28 21:34:07,797 [INFO] WebApp:448 - Apply proxy settings
2024-10-28 21:34:07,797 [INFO] WebApp:533 - Chromium requires no authentication
2024-10-28 21:34:07,801 [INFO] WebApp:476 - Direct internet connection detected
2024-10-28 21:34:07,811 [INFO] WebApp:869 - Register for checkConnection events
2024-10-28 21:34:07,811 [INFO] WebApp:448 - Apply proxy settings
2024-10-28 21:34:07,811 [INFO] WebApp:533 - Chromium requires no authentication
2024-10-28 21:34:07,812 [INFO] WebApp:476 - Direct internet connection detected
2024-10-28 21:34:07,885 [INFO] WebApp:220 - Starting web application
2024-10-28 21:34:07,885 [INFO] WebApp:578 - Web application path used /opt/st/stm32cubeide_1.16.1/plugins/com.st.stm32cube.common.mx_6.12.1.202409122256/db/plugins/mcufinder/reactClient1/index.html
2024-10-28 21:34:07,937 [INFO] UserAuth:417 - Internet connection configuration mode: 1
2024-10-28 21:34:08,052 [INFO] WebApp:186 - Connection restablished
2024-10-28 21:34:09,219 [WARN] PackLoader:240 - Cannot read IP mode file for STMicroelectronics.FP-SNS-MOTENVWB1.1.4.0
2024-10-28 21:34:09,222 [WARN] PackLoader:240 - Cannot read IP mode file for STMicroelectronics.FP-SNS-FLIGHT1.5.0.2
2024-10-28 21:34:09,225 [WARN] PackLoader:240 - Cannot read IP mode file for STMicroelectronics.FP-SNS-SMARTAG2.1.2.0
2024-10-28 21:34:09,227 [WARN] PackLoader:240 - Cannot read IP mode file for STMicroelectronics.FP-SNS-MOTENV1.5.0.0
2024-10-28 21:34:09,231 [WARN] PackLoader:240 - Cannot read IP mode file for STMicroelectronics.FP-ATR-SIGFOX1.3.2.0
2024-10-28 21:34:09,233 [WARN] PackLoader:240 - Cannot read IP mode file for STMicroelectronics.FP-ATR-ASTRA1.2.0.0
2024-10-28 21:34:09,234 [INFO] ThirdParty:978 - Integrity check success = true
2024-10-28 21:34:09,234 [INFO] IntegrityCheckThread:100 - exiting critical section [integrity check]
2024-10-28 21:34:09,234 [INFO] IntegrityCheckThread:103 - End integrity checks thread
2024-10-28 22:00:00,763 [INFO] WebApp:189 - Connection lost
2024-10-28 22:00:00,949 [INFO] WebApp:186 - Connection restablished
2024-10-28 22:03:14,284 [INFO] WebApp:189 - Connection lost
2024-10-28 22:03:14,491 [INFO] WebApp:186 - Connection restablished
2024-10-28 22:03:25,241 [INFO] WebApp:189 - Connection lost
2024-10-28 22:03:25,417 [INFO] WebApp:186 - Connection restablished
2024-10-28 22:15:59,271 [INFO] WebApp:189 - Connection lost
2024-10-28 22:15:59,470 [INFO] WebApp:186 - Connection restablished
2024-10-28 22:16:52,334 [INFO] WebApp:189 - Connection lost
2024-10-28 22:16:52,500 [INFO] WebApp:186 - Connection restablished
2024-10-28 22:17:39,319 [INFO] WebApp:189 - Connection lost
2024-10-28 22:17:39,505 [INFO] WebApp:186 - Connection restablished
2024-10-28 22:18:15,711 [INFO] WebApp:189 - Connection lost
2024-10-28 22:18:15,892 [INFO] WebApp:186 - Connection restablished
2024-10-28 22:20:35,506 [INFO] WebApp:189 - Connection lost
2024-10-28 22:20:35,667 [INFO] WebApp:186 - Connection restablished
2024-10-28 22:22:39,823 [INFO] WebApp:189 - Connection lost
2024-10-28 22:22:40,016 [INFO] WebApp:186 - Connection restablished
2024-10-28 22:22:46,751 [INFO] WebApp:189 - Connection lost
2024-10-28 22:22:46,870 [INFO] WebApp:186 - Connection restablished
2024-10-28 22:23:25,516 [INFO] WebApp:189 - Connection lost
2024-10-28 22:23:25,691 [INFO] WebApp:186 - Connection restablished
2024-10-28 22:25:13,404 [INFO] WebApp:189 - Connection lost
2024-10-28 22:25:13,523 [INFO] WebApp:186 - Connection restablished
2024-10-28 22:27:20,593 [INFO] WebApp:189 - Connection lost
2024-10-28 22:27:20,751 [INFO] WebApp:186 - Connection restablished
2024-10-28 22:30:25,494 [INFO] WebApp:189 - Connection lost
2024-10-28 22:30:25,614 [INFO] WebApp:186 - Connection restablished
2024-10-28 22:31:16,171 [INFO] WebApp:189 - Connection lost
2024-10-28 22:31:16,362 [INFO] WebApp:186 - Connection restablished
2024-10-28 22:32:49,578 [INFO] WebApp:189 - Connection lost
2024-10-28 22:32:49,749 [INFO] WebApp:186 - Connection restablished
2024-10-28 22:34:12,811 [INFO] WebApp:189 - Connection lost
2024-10-28 22:34:12,991 [INFO] WebApp:186 - Connection restablished
2024-10-28 22:34:19,946 [INFO] WebApp:189 - Connection lost
2024-10-28 22:34:20,054 [INFO] WebApp:186 - Connection restablished
2024-10-28 22:40:50,699 [INFO] WebApp:189 - Connection lost
2024-10-28 22:40:50,829 [INFO] WebApp:186 - Connection restablished
2024-10-28 22:40:54,193 [INFO] WebApp:189 - Connection lost
2024-10-28 22:40:54,362 [INFO] WebApp:186 - Connection restablished
2024-10-28 22:44:32,716 [INFO] WebApp:189 - Connection lost
2024-10-28 22:44:32,928 [INFO] WebApp:186 - Connection restablished
2024-10-28 22:44:39,380 [INFO] WebApp:189 - Connection lost
2024-10-28 22:44:39,828 [INFO] WebApp:186 - Connection restablished
2024-10-28 22:44:46,578 [INFO] WebApp:189 - Connection lost
2024-10-28 22:44:46,799 [INFO] WebApp:186 - Connection restablished
2024-10-28 22:46:21,867 [INFO] WebApp:189 - Connection lost
2024-10-28 22:46:22,298 [INFO] WebApp:186 - Connection restablished
2024-10-28 22:47:52,039 [INFO] WebApp:189 - Connection lost
2024-10-28 22:47:52,211 [INFO] WebApp:186 - Connection restablished
2024-10-28 22:50:38,293 [INFO] WebApp:189 - Connection lost
2024-10-28 22:50:38,585 [INFO] WebApp:186 - Connection restablished
2024-10-28 22:51:44,219 [INFO] WebApp:189 - Connection lost
2024-10-28 22:51:44,716 [INFO] WebApp:186 - Connection restablished
2024-10-28 22:52:36,757 [INFO] WebApp:189 - Connection lost
2024-10-28 22:52:36,941 [INFO] WebApp:186 - Connection restablished
2024-10-28 22:54:33,440 [INFO] WebApp:189 - Connection lost
2024-10-28 22:54:33,630 [INFO] WebApp:186 - Connection restablished
2024-10-28 22:56:48,492 [INFO] WebApp:189 - Connection lost
2024-10-28 22:56:48,670 [INFO] WebApp:186 - Connection restablished
2024-10-28 22:56:51,060 [INFO] WebApp:189 - Connection lost
2024-10-28 22:56:51,217 [INFO] WebApp:186 - Connection restablished
2024-10-28 23:00:32,716 [INFO] WebApp:189 - Connection lost
2024-10-28 23:00:32,906 [INFO] WebApp:186 - Connection restablished
2024-10-28 23:00:38,633 [INFO] WebApp:189 - Connection lost
2024-10-28 23:00:38,799 [INFO] WebApp:186 - Connection restablished
2024-10-28 23:00:46,542 [INFO] WebApp:189 - Connection lost
2024-10-28 23:00:46,699 [INFO] WebApp:186 - Connection restablished
2024-10-28 23:06:20,713 [ERROR] LogOutputStream:75 - [STDERR_REDIRECT] 
