[0.022s] Invoking command in '/home/waritt/urosrobotsim_ws/build/micro_ros_msgs': CMAKE_PREFIX_PATH=${CMAKE_PREFIX_PATH}:/opt/ros/humble /usr/bin/cmake --build /home/waritt/urosrobotsim_ws/build/micro_ros_msgs -- -j16 -l16
[0.057s] [  2%] Built target micro_ros_msgs__cpp
[0.061s] [ 12%] Built target micro_ros_msgs__rosidl_generator_c
[0.068s] [ 12%] Built target ament_cmake_python_copy_micro_ros_msgs
[0.083s] [ 23%] Built target micro_ros_msgs__rosidl_typesupport_cpp
[0.083s] [ 34%] Built target micro_ros_msgs__rosidl_typesupport_fastrtps_cpp
[0.085s] [ 44%] Built target micro_ros_msgs__rosidl_typesupport_introspection_cpp
[0.089s] [ 55%] Built target micro_ros_msgs__rosidl_typesupport_c
[0.089s] [ 65%] Built target micro_ros_msgs__rosidl_typesupport_introspection_c
[0.093s] [ 76%] Built target micro_ros_msgs__rosidl_typesupport_fastrtps_c
[0.116s] [ 76%] Built target micro_ros_msgs
[0.147s] [ 78%] Built target micro_ros_msgs__py
[0.158s] [ 87%] Built target micro_ros_msgs__rosidl_generator_py
[0.176s] [ 91%] Built target micro_ros_msgs__rosidl_typesupport_introspection_c__pyext
[0.177s] [ 95%] Built target micro_ros_msgs__rosidl_typesupport_fastrtps_c__pyext
[0.177s] [100%] Built target micro_ros_msgs__rosidl_typesupport_c__pyext
[0.338s] running egg_info
[0.338s] writing micro_ros_msgs.egg-info/PKG-INFO
[0.339s] writing dependency_links to micro_ros_msgs.egg-info/dependency_links.txt
[0.339s] writing top-level names to micro_ros_msgs.egg-info/top_level.txt
[0.340s] reading manifest file 'micro_ros_msgs.egg-info/SOURCES.txt'
[0.341s] writing manifest file 'micro_ros_msgs.egg-info/SOURCES.txt'
[0.358s] [100%] Built target ament_cmake_python_build_micro_ros_msgs_egg
[0.366s] Invoked command in '/home/waritt/urosrobotsim_ws/build/micro_ros_msgs' returned '0': CMAKE_PREFIX_PATH=${CMAKE_PREFIX_PATH}:/opt/ros/humble /usr/bin/cmake --build /home/waritt/urosrobotsim_ws/build/micro_ros_msgs -- -j16 -l16
[0.451s] Invoking command in '/home/waritt/urosrobotsim_ws/build/micro_ros_msgs': CMAKE_PREFIX_PATH=${CMAKE_PREFIX_PATH}:/opt/ros/humble /usr/bin/cmake --install /home/waritt/urosrobotsim_ws/build/micro_ros_msgs
[0.456s] -- Install configuration: ""
[0.457s] -- Up-to-date: /home/waritt/urosrobotsim_ws/install/micro_ros_msgs/share/ament_index/resource_index/rosidl_interfaces/micro_ros_msgs
[0.457s] -- Up-to-date: /home/waritt/urosrobotsim_ws/install/micro_ros_msgs/include/micro_ros_msgs/micro_ros_msgs
[0.457s] -- Up-to-date: /home/waritt/urosrobotsim_ws/install/micro_ros_msgs/include/micro_ros_msgs/micro_ros_msgs/msg
[0.457s] -- Up-to-date: /home/waritt/urosrobotsim_ws/install/micro_ros_msgs/include/micro_ros_msgs/micro_ros_msgs/msg/rosidl_generator_c__visibility_control.h
[0.457s] -- Up-to-date: /home/waritt/urosrobotsim_ws/install/micro_ros_msgs/include/micro_ros_msgs/micro_ros_msgs/msg/entity.h
[0.457s] -- Up-to-date: /home/waritt/urosrobotsim_ws/install/micro_ros_msgs/include/micro_ros_msgs/micro_ros_msgs/msg/node.h
[0.457s] -- Up-to-date: /home/waritt/urosrobotsim_ws/install/micro_ros_msgs/include/micro_ros_msgs/micro_ros_msgs/msg/graph.h
[0.457s] -- Up-to-date: /home/waritt/urosrobotsim_ws/install/micro_ros_msgs/include/micro_ros_msgs/micro_ros_msgs/msg/detail
[0.457s] -- Up-to-date: /home/waritt/urosrobotsim_ws/install/micro_ros_msgs/include/micro_ros_msgs/micro_ros_msgs/msg/detail/node__struct.h
[0.457s] -- Up-to-date: /home/waritt/urosrobotsim_ws/install/micro_ros_msgs/include/micro_ros_msgs/micro_ros_msgs/msg/detail/entity__functions.h
[0.457s] -- Up-to-date: /home/waritt/urosrobotsim_ws/install/micro_ros_msgs/include/micro_ros_msgs/micro_ros_msgs/msg/detail/graph__functions.h
[0.457s] -- Up-to-date: /home/waritt/urosrobotsim_ws/install/micro_ros_msgs/include/micro_ros_msgs/micro_ros_msgs/msg/detail/node__type_support.h
[0.457s] -- Up-to-date: /home/waritt/urosrobotsim_ws/install/micro_ros_msgs/include/micro_ros_msgs/micro_ros_msgs/msg/detail/entity__type_support.h
[0.458s] -- Up-to-date: /home/waritt/urosrobotsim_ws/install/micro_ros_msgs/include/micro_ros_msgs/micro_ros_msgs/msg/detail/graph__functions.c
[0.458s] -- Up-to-date: /home/waritt/urosrobotsim_ws/install/micro_ros_msgs/include/micro_ros_msgs/micro_ros_msgs/msg/detail/graph__type_support.h
[0.458s] -- Up-to-date: /home/waritt/urosrobotsim_ws/install/micro_ros_msgs/include/micro_ros_msgs/micro_ros_msgs/msg/detail/entity__struct.h
[0.458s] -- Up-to-date: /home/waritt/urosrobotsim_ws/install/micro_ros_msgs/include/micro_ros_msgs/micro_ros_msgs/msg/detail/node__functions.h
[0.458s] -- Up-to-date: /home/waritt/urosrobotsim_ws/install/micro_ros_msgs/include/micro_ros_msgs/micro_ros_msgs/msg/detail/entity__functions.c
[0.458s] -- Up-to-date: /home/waritt/urosrobotsim_ws/install/micro_ros_msgs/include/micro_ros_msgs/micro_ros_msgs/msg/detail/graph__struct.h
[0.458s] -- Up-to-date: /home/waritt/urosrobotsim_ws/install/micro_ros_msgs/include/micro_ros_msgs/micro_ros_msgs/msg/detail/node__functions.c
[0.458s] -- Up-to-date: /home/waritt/urosrobotsim_ws/install/micro_ros_msgs/share/micro_ros_msgs/environment/library_path.sh
[0.458s] -- Up-to-date: /home/waritt/urosrobotsim_ws/install/micro_ros_msgs/share/micro_ros_msgs/environment/library_path.dsv
[0.458s] -- Up-to-date: /home/waritt/urosrobotsim_ws/install/micro_ros_msgs/lib/libmicro_ros_msgs__rosidl_generator_c.so
[0.458s] -- Up-to-date: /home/waritt/urosrobotsim_ws/install/micro_ros_msgs/include/micro_ros_msgs/micro_ros_msgs
[0.458s] -- Up-to-date: /home/waritt/urosrobotsim_ws/install/micro_ros_msgs/include/micro_ros_msgs/micro_ros_msgs/msg
[0.459s] -- Up-to-date: /home/waritt/urosrobotsim_ws/install/micro_ros_msgs/include/micro_ros_msgs/micro_ros_msgs/msg/rosidl_typesupport_fastrtps_c__visibility_control.h
[0.459s] -- Up-to-date: /home/waritt/urosrobotsim_ws/install/micro_ros_msgs/include/micro_ros_msgs/micro_ros_msgs/msg/detail
[0.459s] -- Up-to-date: /home/waritt/urosrobotsim_ws/install/micro_ros_msgs/include/micro_ros_msgs/micro_ros_msgs/msg/detail/node__rosidl_typesupport_fastrtps_c.h
[0.459s] -- Up-to-date: /home/waritt/urosrobotsim_ws/install/micro_ros_msgs/include/micro_ros_msgs/micro_ros_msgs/msg/detail/entity__rosidl_typesupport_fastrtps_c.h
[0.459s] -- Up-to-date: /home/waritt/urosrobotsim_ws/install/micro_ros_msgs/include/micro_ros_msgs/micro_ros_msgs/msg/detail/graph__rosidl_typesupport_fastrtps_c.h
[0.459s] -- Up-to-date: /home/waritt/urosrobotsim_ws/install/micro_ros_msgs/lib/libmicro_ros_msgs__rosidl_typesupport_fastrtps_c.so
[0.459s] -- Up-to-date: /home/waritt/urosrobotsim_ws/install/micro_ros_msgs/include/micro_ros_msgs/micro_ros_msgs
[0.459s] -- Up-to-date: /home/waritt/urosrobotsim_ws/install/micro_ros_msgs/include/micro_ros_msgs/micro_ros_msgs/msg
[0.459s] -- Up-to-date: /home/waritt/urosrobotsim_ws/install/micro_ros_msgs/include/micro_ros_msgs/micro_ros_msgs/msg/detail
[0.459s] -- Up-to-date: /home/waritt/urosrobotsim_ws/install/micro_ros_msgs/include/micro_ros_msgs/micro_ros_msgs/msg/detail/graph__type_support.c
[0.459s] -- Up-to-date: /home/waritt/urosrobotsim_ws/install/micro_ros_msgs/include/micro_ros_msgs/micro_ros_msgs/msg/detail/node__rosidl_typesupport_introspection_c.h
[0.459s] -- Up-to-date: /home/waritt/urosrobotsim_ws/install/micro_ros_msgs/include/micro_ros_msgs/micro_ros_msgs/msg/detail/entity__rosidl_typesupport_introspection_c.h
[0.459s] -- Up-to-date: /home/waritt/urosrobotsim_ws/install/micro_ros_msgs/include/micro_ros_msgs/micro_ros_msgs/msg/detail/node__type_support.c
[0.460s] -- Up-to-date: /home/waritt/urosrobotsim_ws/install/micro_ros_msgs/include/micro_ros_msgs/micro_ros_msgs/msg/detail/entity__type_support.c
[0.460s] -- Up-to-date: /home/waritt/urosrobotsim_ws/install/micro_ros_msgs/include/micro_ros_msgs/micro_ros_msgs/msg/detail/graph__rosidl_typesupport_introspection_c.h
[0.460s] -- Up-to-date: /home/waritt/urosrobotsim_ws/install/micro_ros_msgs/include/micro_ros_msgs/micro_ros_msgs/msg/rosidl_typesupport_introspection_c__visibility_control.h
[0.460s] -- Up-to-date: /home/waritt/urosrobotsim_ws/install/micro_ros_msgs/lib/libmicro_ros_msgs__rosidl_typesupport_introspection_c.so
[0.460s] -- Up-to-date: /home/waritt/urosrobotsim_ws/install/micro_ros_msgs/lib/libmicro_ros_msgs__rosidl_typesupport_c.so
[0.460s] -- Up-to-date: /home/waritt/urosrobotsim_ws/install/micro_ros_msgs/include/micro_ros_msgs/micro_ros_msgs
[0.460s] -- Up-to-date: /home/waritt/urosrobotsim_ws/install/micro_ros_msgs/include/micro_ros_msgs/micro_ros_msgs/msg
[0.460s] -- Up-to-date: /home/waritt/urosrobotsim_ws/install/micro_ros_msgs/include/micro_ros_msgs/micro_ros_msgs/msg/graph.hpp
[0.460s] -- Up-to-date: /home/waritt/urosrobotsim_ws/install/micro_ros_msgs/include/micro_ros_msgs/micro_ros_msgs/msg/entity.hpp
[0.460s] -- Up-to-date: /home/waritt/urosrobotsim_ws/install/micro_ros_msgs/include/micro_ros_msgs/micro_ros_msgs/msg/node.hpp
[0.460s] -- Up-to-date: /home/waritt/urosrobotsim_ws/install/micro_ros_msgs/include/micro_ros_msgs/micro_ros_msgs/msg/detail
[0.460s] -- Up-to-date: /home/waritt/urosrobotsim_ws/install/micro_ros_msgs/include/micro_ros_msgs/micro_ros_msgs/msg/detail/graph__struct.hpp
[0.461s] -- Up-to-date: /home/waritt/urosrobotsim_ws/install/micro_ros_msgs/include/micro_ros_msgs/micro_ros_msgs/msg/detail/entity__builder.hpp
[0.461s] -- Up-to-date: /home/waritt/urosrobotsim_ws/install/micro_ros_msgs/include/micro_ros_msgs/micro_ros_msgs/msg/detail/entity__struct.hpp
[0.461s] -- Up-to-date: /home/waritt/urosrobotsim_ws/install/micro_ros_msgs/include/micro_ros_msgs/micro_ros_msgs/msg/detail/node__struct.hpp
[0.461s] -- Up-to-date: /home/waritt/urosrobotsim_ws/install/micro_ros_msgs/include/micro_ros_msgs/micro_ros_msgs/msg/detail/node__traits.hpp
[0.461s] -- Up-to-date: /home/waritt/urosrobotsim_ws/install/micro_ros_msgs/include/micro_ros_msgs/micro_ros_msgs/msg/detail/node__builder.hpp
[0.461s] -- Up-to-date: /home/waritt/urosrobotsim_ws/install/micro_ros_msgs/include/micro_ros_msgs/micro_ros_msgs/msg/detail/graph__traits.hpp
[0.461s] -- Up-to-date: /home/waritt/urosrobotsim_ws/install/micro_ros_msgs/include/micro_ros_msgs/micro_ros_msgs/msg/detail/graph__builder.hpp
[0.461s] -- Up-to-date: /home/waritt/urosrobotsim_ws/install/micro_ros_msgs/include/micro_ros_msgs/micro_ros_msgs/msg/detail/entity__traits.hpp
[0.461s] -- Up-to-date: /home/waritt/urosrobotsim_ws/install/micro_ros_msgs/include/micro_ros_msgs/micro_ros_msgs
[0.461s] -- Up-to-date: /home/waritt/urosrobotsim_ws/install/micro_ros_msgs/include/micro_ros_msgs/micro_ros_msgs/msg
[0.461s] -- Up-to-date: /home/waritt/urosrobotsim_ws/install/micro_ros_msgs/include/micro_ros_msgs/micro_ros_msgs/msg/rosidl_typesupport_fastrtps_cpp__visibility_control.h
[0.461s] -- Up-to-date: /home/waritt/urosrobotsim_ws/install/micro_ros_msgs/include/micro_ros_msgs/micro_ros_msgs/msg/detail
[0.461s] -- Up-to-date: /home/waritt/urosrobotsim_ws/install/micro_ros_msgs/include/micro_ros_msgs/micro_ros_msgs/msg/detail/dds_fastrtps
[0.461s] -- Up-to-date: /home/waritt/urosrobotsim_ws/install/micro_ros_msgs/include/micro_ros_msgs/micro_ros_msgs/msg/detail/graph__rosidl_typesupport_fastrtps_cpp.hpp
[0.461s] -- Up-to-date: /home/waritt/urosrobotsim_ws/install/micro_ros_msgs/include/micro_ros_msgs/micro_ros_msgs/msg/detail/entity__rosidl_typesupport_fastrtps_cpp.hpp
[0.461s] -- Up-to-date: /home/waritt/urosrobotsim_ws/install/micro_ros_msgs/include/micro_ros_msgs/micro_ros_msgs/msg/detail/node__rosidl_typesupport_fastrtps_cpp.hpp
[0.461s] -- Up-to-date: /home/waritt/urosrobotsim_ws/install/micro_ros_msgs/lib/libmicro_ros_msgs__rosidl_typesupport_fastrtps_cpp.so
[0.461s] -- Up-to-date: /home/waritt/urosrobotsim_ws/install/micro_ros_msgs/include/micro_ros_msgs/micro_ros_msgs
[0.461s] -- Up-to-date: /home/waritt/urosrobotsim_ws/install/micro_ros_msgs/include/micro_ros_msgs/micro_ros_msgs/msg
[0.461s] -- Up-to-date: /home/waritt/urosrobotsim_ws/install/micro_ros_msgs/include/micro_ros_msgs/micro_ros_msgs/msg/detail
[0.462s] -- Up-to-date: /home/waritt/urosrobotsim_ws/install/micro_ros_msgs/include/micro_ros_msgs/micro_ros_msgs/msg/detail/graph__type_support.cpp
[0.462s] -- Up-to-date: /home/waritt/urosrobotsim_ws/install/micro_ros_msgs/include/micro_ros_msgs/micro_ros_msgs/msg/detail/entity__type_support.cpp
[0.462s] -- Up-to-date: /home/waritt/urosrobotsim_ws/install/micro_ros_msgs/include/micro_ros_msgs/micro_ros_msgs/msg/detail/graph__rosidl_typesupport_introspection_cpp.hpp
[0.462s] -- Up-to-date: /home/waritt/urosrobotsim_ws/install/micro_ros_msgs/include/micro_ros_msgs/micro_ros_msgs/msg/detail/entity__rosidl_typesupport_introspection_cpp.hpp
[0.462s] -- Up-to-date: /home/waritt/urosrobotsim_ws/install/micro_ros_msgs/include/micro_ros_msgs/micro_ros_msgs/msg/detail/node__rosidl_typesupport_introspection_cpp.hpp
[0.462s] -- Up-to-date: /home/waritt/urosrobotsim_ws/install/micro_ros_msgs/include/micro_ros_msgs/micro_ros_msgs/msg/detail/node__type_support.cpp
[0.462s] -- Up-to-date: /home/waritt/urosrobotsim_ws/install/micro_ros_msgs/lib/libmicro_ros_msgs__rosidl_typesupport_introspection_cpp.so
[0.462s] -- Up-to-date: /home/waritt/urosrobotsim_ws/install/micro_ros_msgs/lib/libmicro_ros_msgs__rosidl_typesupport_cpp.so
[0.462s] -- Up-to-date: /home/waritt/urosrobotsim_ws/install/micro_ros_msgs/share/micro_ros_msgs/environment/pythonpath.sh
[0.462s] -- Up-to-date: /home/waritt/urosrobotsim_ws/install/micro_ros_msgs/share/micro_ros_msgs/environment/pythonpath.dsv
[0.462s] -- Up-to-date: /home/waritt/urosrobotsim_ws/install/micro_ros_msgs/local/lib/python3.10/dist-packages/micro_ros_msgs-3.0.1-py3.10.egg-info
[0.462s] -- Installing: /home/waritt/urosrobotsim_ws/install/micro_ros_msgs/local/lib/python3.10/dist-packages/micro_ros_msgs-3.0.1-py3.10.egg-info/SOURCES.txt
[0.462s] -- Installing: /home/waritt/urosrobotsim_ws/install/micro_ros_msgs/local/lib/python3.10/dist-packages/micro_ros_msgs-3.0.1-py3.10.egg-info/top_level.txt
[0.462s] -- Installing: /home/waritt/urosrobotsim_ws/install/micro_ros_msgs/local/lib/python3.10/dist-packages/micro_ros_msgs-3.0.1-py3.10.egg-info/PKG-INFO
[0.462s] -- Installing: /home/waritt/urosrobotsim_ws/install/micro_ros_msgs/local/lib/python3.10/dist-packages/micro_ros_msgs-3.0.1-py3.10.egg-info/dependency_links.txt
[0.462s] -- Up-to-date: /home/waritt/urosrobotsim_ws/install/micro_ros_msgs/local/lib/python3.10/dist-packages/micro_ros_msgs
[0.462s] -- Up-to-date: /home/waritt/urosrobotsim_ws/install/micro_ros_msgs/local/lib/python3.10/dist-packages/micro_ros_msgs/_micro_ros_msgs_s.ep.rosidl_typesupport_c.c
[0.462s] -- Up-to-date: /home/waritt/urosrobotsim_ws/install/micro_ros_msgs/local/lib/python3.10/dist-packages/micro_ros_msgs/_micro_ros_msgs_s.ep.rosidl_typesupport_fastrtps_c.c
[0.462s] -- Up-to-date: /home/waritt/urosrobotsim_ws/install/micro_ros_msgs/local/lib/python3.10/dist-packages/micro_ros_msgs/__init__.py
[0.462s] -- Up-to-date: /home/waritt/urosrobotsim_ws/install/micro_ros_msgs/local/lib/python3.10/dist-packages/micro_ros_msgs/micro_ros_msgs_s__rosidl_typesupport_introspection_c.cpython-310-x86_64-linux-gnu.so
[0.462s] -- Up-to-date: /home/waritt/urosrobotsim_ws/install/micro_ros_msgs/local/lib/python3.10/dist-packages/micro_ros_msgs/libmicro_ros_msgs__rosidl_generator_py.so
[0.462s] -- Up-to-date: /home/waritt/urosrobotsim_ws/install/micro_ros_msgs/local/lib/python3.10/dist-packages/micro_ros_msgs/micro_ros_msgs_s__rosidl_typesupport_fastrtps_c.cpython-310-x86_64-linux-gnu.so
[0.462s] -- Up-to-date: /home/waritt/urosrobotsim_ws/install/micro_ros_msgs/local/lib/python3.10/dist-packages/micro_ros_msgs/_micro_ros_msgs_s.ep.rosidl_typesupport_introspection_c.c
[0.462s] -- Up-to-date: /home/waritt/urosrobotsim_ws/install/micro_ros_msgs/local/lib/python3.10/dist-packages/micro_ros_msgs/micro_ros_msgs_s__rosidl_typesupport_c.cpython-310-x86_64-linux-gnu.so
[0.462s] -- Up-to-date: /home/waritt/urosrobotsim_ws/install/micro_ros_msgs/local/lib/python3.10/dist-packages/micro_ros_msgs/msg
[0.462s] -- Up-to-date: /home/waritt/urosrobotsim_ws/install/micro_ros_msgs/local/lib/python3.10/dist-packages/micro_ros_msgs/msg/_graph.py
[0.463s] -- Up-to-date: /home/waritt/urosrobotsim_ws/install/micro_ros_msgs/local/lib/python3.10/dist-packages/micro_ros_msgs/msg/_node.py
[0.463s] -- Up-to-date: /home/waritt/urosrobotsim_ws/install/micro_ros_msgs/local/lib/python3.10/dist-packages/micro_ros_msgs/msg/__init__.py
[0.463s] -- Up-to-date: /home/waritt/urosrobotsim_ws/install/micro_ros_msgs/local/lib/python3.10/dist-packages/micro_ros_msgs/msg/_graph_s.c
[0.463s] -- Up-to-date: /home/waritt/urosrobotsim_ws/install/micro_ros_msgs/local/lib/python3.10/dist-packages/micro_ros_msgs/msg/_node_s.c
[0.463s] -- Up-to-date: /home/waritt/urosrobotsim_ws/install/micro_ros_msgs/local/lib/python3.10/dist-packages/micro_ros_msgs/msg/_entity.py
[0.463s] -- Up-to-date: /home/waritt/urosrobotsim_ws/install/micro_ros_msgs/local/lib/python3.10/dist-packages/micro_ros_msgs/msg/_entity_s.c
[0.487s] Listing '/home/waritt/urosrobotsim_ws/install/micro_ros_msgs/local/lib/python3.10/dist-packages/micro_ros_msgs'...
[0.487s] Listing '/home/waritt/urosrobotsim_ws/install/micro_ros_msgs/local/lib/python3.10/dist-packages/micro_ros_msgs/msg'...
[0.490s] -- Up-to-date: /home/waritt/urosrobotsim_ws/install/micro_ros_msgs/local/lib/python3.10/dist-packages/micro_ros_msgs/micro_ros_msgs_s__rosidl_typesupport_fastrtps_c.cpython-310-x86_64-linux-gnu.so
[0.490s] -- Up-to-date: /home/waritt/urosrobotsim_ws/install/micro_ros_msgs/local/lib/python3.10/dist-packages/micro_ros_msgs/micro_ros_msgs_s__rosidl_typesupport_introspection_c.cpython-310-x86_64-linux-gnu.so
[0.490s] -- Up-to-date: /home/waritt/urosrobotsim_ws/install/micro_ros_msgs/local/lib/python3.10/dist-packages/micro_ros_msgs/micro_ros_msgs_s__rosidl_typesupport_c.cpython-310-x86_64-linux-gnu.so
[0.490s] -- Up-to-date: /home/waritt/urosrobotsim_ws/install/micro_ros_msgs/lib/libmicro_ros_msgs__rosidl_generator_py.so
[0.490s] -- Up-to-date: /home/waritt/urosrobotsim_ws/install/micro_ros_msgs/share/micro_ros_msgs/msg/Graph.idl
[0.490s] -- Up-to-date: /home/waritt/urosrobotsim_ws/install/micro_ros_msgs/share/micro_ros_msgs/msg/Node.idl
[0.491s] -- Up-to-date: /home/waritt/urosrobotsim_ws/install/micro_ros_msgs/share/micro_ros_msgs/msg/Entity.idl
[0.491s] -- Up-to-date: /home/waritt/urosrobotsim_ws/install/micro_ros_msgs/share/micro_ros_msgs/msg/Graph.msg
[0.491s] -- Up-to-date: /home/waritt/urosrobotsim_ws/install/micro_ros_msgs/share/micro_ros_msgs/msg/Node.msg
[0.491s] -- Up-to-date: /home/waritt/urosrobotsim_ws/install/micro_ros_msgs/share/micro_ros_msgs/msg/Entity.msg
[0.491s] -- Up-to-date: /home/waritt/urosrobotsim_ws/install/micro_ros_msgs/share/ament_index/resource_index/package_run_dependencies/micro_ros_msgs
[0.491s] -- Up-to-date: /home/waritt/urosrobotsim_ws/install/micro_ros_msgs/share/ament_index/resource_index/parent_prefix_path/micro_ros_msgs
[0.491s] -- Up-to-date: /home/waritt/urosrobotsim_ws/install/micro_ros_msgs/share/micro_ros_msgs/environment/ament_prefix_path.sh
[0.491s] -- Up-to-date: /home/waritt/urosrobotsim_ws/install/micro_ros_msgs/share/micro_ros_msgs/environment/ament_prefix_path.dsv
[0.491s] -- Up-to-date: /home/waritt/urosrobotsim_ws/install/micro_ros_msgs/share/micro_ros_msgs/environment/path.sh
[0.491s] -- Up-to-date: /home/waritt/urosrobotsim_ws/install/micro_ros_msgs/share/micro_ros_msgs/environment/path.dsv
[0.491s] -- Up-to-date: /home/waritt/urosrobotsim_ws/install/micro_ros_msgs/share/micro_ros_msgs/local_setup.bash
[0.491s] -- Up-to-date: /home/waritt/urosrobotsim_ws/install/micro_ros_msgs/share/micro_ros_msgs/local_setup.sh
[0.491s] -- Up-to-date: /home/waritt/urosrobotsim_ws/install/micro_ros_msgs/share/micro_ros_msgs/local_setup.zsh
[0.491s] -- Up-to-date: /home/waritt/urosrobotsim_ws/install/micro_ros_msgs/share/micro_ros_msgs/local_setup.dsv
[0.491s] -- Up-to-date: /home/waritt/urosrobotsim_ws/install/micro_ros_msgs/share/micro_ros_msgs/package.dsv
[0.491s] -- Up-to-date: /home/waritt/urosrobotsim_ws/install/micro_ros_msgs/share/ament_index/resource_index/packages/micro_ros_msgs
[0.491s] -- Up-to-date: /home/waritt/urosrobotsim_ws/install/micro_ros_msgs/share/micro_ros_msgs/cmake/export_micro_ros_msgs__rosidl_generator_cExport.cmake
[0.491s] -- Up-to-date: /home/waritt/urosrobotsim_ws/install/micro_ros_msgs/share/micro_ros_msgs/cmake/export_micro_ros_msgs__rosidl_generator_cExport-noconfig.cmake
[0.492s] -- Up-to-date: /home/waritt/urosrobotsim_ws/install/micro_ros_msgs/share/micro_ros_msgs/cmake/export_micro_ros_msgs__rosidl_typesupport_fastrtps_cExport.cmake
[0.492s] -- Up-to-date: /home/waritt/urosrobotsim_ws/install/micro_ros_msgs/share/micro_ros_msgs/cmake/export_micro_ros_msgs__rosidl_typesupport_fastrtps_cExport-noconfig.cmake
[0.492s] -- Up-to-date: /home/waritt/urosrobotsim_ws/install/micro_ros_msgs/share/micro_ros_msgs/cmake/micro_ros_msgs__rosidl_typesupport_introspection_cExport.cmake
[0.492s] -- Up-to-date: /home/waritt/urosrobotsim_ws/install/micro_ros_msgs/share/micro_ros_msgs/cmake/micro_ros_msgs__rosidl_typesupport_introspection_cExport-noconfig.cmake
[0.492s] -- Up-to-date: /home/waritt/urosrobotsim_ws/install/micro_ros_msgs/share/micro_ros_msgs/cmake/micro_ros_msgs__rosidl_typesupport_cExport.cmake
[0.492s] -- Up-to-date: /home/waritt/urosrobotsim_ws/install/micro_ros_msgs/share/micro_ros_msgs/cmake/micro_ros_msgs__rosidl_typesupport_cExport-noconfig.cmake
[0.492s] -- Up-to-date: /home/waritt/urosrobotsim_ws/install/micro_ros_msgs/share/micro_ros_msgs/cmake/export_micro_ros_msgs__rosidl_generator_cppExport.cmake
[0.492s] -- Up-to-date: /home/waritt/urosrobotsim_ws/install/micro_ros_msgs/share/micro_ros_msgs/cmake/export_micro_ros_msgs__rosidl_typesupport_fastrtps_cppExport.cmake
[0.492s] -- Up-to-date: /home/waritt/urosrobotsim_ws/install/micro_ros_msgs/share/micro_ros_msgs/cmake/export_micro_ros_msgs__rosidl_typesupport_fastrtps_cppExport-noconfig.cmake
[0.492s] -- Up-to-date: /home/waritt/urosrobotsim_ws/install/micro_ros_msgs/share/micro_ros_msgs/cmake/micro_ros_msgs__rosidl_typesupport_introspection_cppExport.cmake
[0.492s] -- Up-to-date: /home/waritt/urosrobotsim_ws/install/micro_ros_msgs/share/micro_ros_msgs/cmake/micro_ros_msgs__rosidl_typesupport_introspection_cppExport-noconfig.cmake
[0.492s] -- Up-to-date: /home/waritt/urosrobotsim_ws/install/micro_ros_msgs/share/micro_ros_msgs/cmake/micro_ros_msgs__rosidl_typesupport_cppExport.cmake
[0.492s] -- Up-to-date: /home/waritt/urosrobotsim_ws/install/micro_ros_msgs/share/micro_ros_msgs/cmake/micro_ros_msgs__rosidl_typesupport_cppExport-noconfig.cmake
[0.492s] -- Up-to-date: /home/waritt/urosrobotsim_ws/install/micro_ros_msgs/share/micro_ros_msgs/cmake/export_micro_ros_msgs__rosidl_generator_pyExport.cmake
[0.492s] -- Up-to-date: /home/waritt/urosrobotsim_ws/install/micro_ros_msgs/share/micro_ros_msgs/cmake/export_micro_ros_msgs__rosidl_generator_pyExport-noconfig.cmake
[0.492s] -- Up-to-date: /home/waritt/urosrobotsim_ws/install/micro_ros_msgs/share/micro_ros_msgs/cmake/rosidl_cmake-extras.cmake
[0.492s] -- Up-to-date: /home/waritt/urosrobotsim_ws/install/micro_ros_msgs/share/micro_ros_msgs/cmake/ament_cmake_export_include_directories-extras.cmake
[0.492s] -- Up-to-date: /home/waritt/urosrobotsim_ws/install/micro_ros_msgs/share/micro_ros_msgs/cmake/ament_cmake_export_libraries-extras.cmake
[0.492s] -- Up-to-date: /home/waritt/urosrobotsim_ws/install/micro_ros_msgs/share/micro_ros_msgs/cmake/ament_cmake_export_targets-extras.cmake
[0.493s] -- Up-to-date: /home/waritt/urosrobotsim_ws/install/micro_ros_msgs/share/micro_ros_msgs/cmake/rosidl_cmake_export_typesupport_targets-extras.cmake
[0.493s] -- Up-to-date: /home/waritt/urosrobotsim_ws/install/micro_ros_msgs/share/micro_ros_msgs/cmake/ament_cmake_export_dependencies-extras.cmake
[0.493s] -- Up-to-date: /home/waritt/urosrobotsim_ws/install/micro_ros_msgs/share/micro_ros_msgs/cmake/rosidl_cmake_export_typesupport_libraries-extras.cmake
[0.493s] -- Up-to-date: /home/waritt/urosrobotsim_ws/install/micro_ros_msgs/share/micro_ros_msgs/cmake/micro_ros_msgsConfig.cmake
[0.493s] -- Up-to-date: /home/waritt/urosrobotsim_ws/install/micro_ros_msgs/share/micro_ros_msgs/cmake/micro_ros_msgsConfig-version.cmake
[0.493s] -- Up-to-date: /home/waritt/urosrobotsim_ws/install/micro_ros_msgs/share/micro_ros_msgs/package.xml
[0.494s] Invoked command in '/home/waritt/urosrobotsim_ws/build/micro_ros_msgs' returned '0': CMAKE_PREFIX_PATH=${CMAKE_PREFIX_PATH}:/opt/ros/humble /usr/bin/cmake --install /home/waritt/urosrobotsim_ws/build/micro_ros_msgs
