[0.018s] Invoking command in '/home/waritt/urosrobotsim_ws/build/imu_interfaces': CMAKE_PREFIX_PATH=${CMAKE_PREFIX_PATH}:/opt/ros/humble /usr/bin/cmake --build /home/waritt/urosrobotsim_ws/build/imu_interfaces -- -j16 -l16
[0.034s] -- Found ament_cmake: 1.3.10 (/opt/ros/humble/share/ament_cmake/cmake)
[0.164s] -- Found sensor_msgs: 4.2.4 (/opt/ros/humble/share/sensor_msgs/cmake)
[0.180s] -- Found rosidl_generator_c: 3.1.5 (/opt/ros/humble/share/rosidl_generator_c/cmake)
[0.181s] -- Found rosidl_adapter: 3.1.5 (/opt/ros/humble/share/rosidl_adapter/cmake)
[0.185s] -- Found rosidl_generator_cpp: 3.1.5 (/opt/ros/humble/share/rosidl_generator_cpp/cmake)
[0.191s] -- Using all available rosidl_typesupport_c: rosidl_typesupport_fastrtps_c;rosidl_typesupport_introspection_c
[0.199s] -- Using all available rosidl_typesupport_cpp: rosidl_typesupport_fastrtps_cpp;rosidl_typesupport_introspection_cpp
[0.235s] -- Found rosidl_default_generators: 1.2.0 (/opt/ros/humble/share/rosidl_default_generators/cmake)
[0.240s] -- Found ament_lint_auto: 0.12.11 (/opt/ros/humble/share/ament_lint_auto/cmake)
[0.471s] -- Found ament_cmake_ros: 0.10.0 (/opt/ros/humble/share/ament_cmake_ros/cmake)
[0.832s] -- Using all available rosidl_typesupport_c: rosidl_typesupport_fastrtps_c;rosidl_typesupport_introspection_c
[0.956s] -- Using all available rosidl_typesupport_cpp: rosidl_typesupport_fastrtps_cpp;rosidl_typesupport_introspection_cpp
[0.972s] -- Found python_cmake_module: 0.10.0 (/opt/ros/humble/share/python_cmake_module/cmake)
[0.989s] -- Using PYTHON_EXECUTABLE: /usr/bin/python3
[0.989s] -- Using PYTHON_INCLUDE_DIRS: /usr/include/python3.10
[0.989s] -- Using PYTHON_LIBRARIES: /usr/lib/x86_64-linux-gnu/libpython3.10.so
[1.030s] -- Added test 'lint_cmake' to check CMake code style
[1.031s] -- Added test 'xmllint' to check XML markup files
[1.033s] -- Configuring done
[1.061s] -- Generating done
[1.062s] -- Build files have been written to: /home/waritt/urosrobotsim_ws/build/imu_interfaces
[1.082s] [  2%] [34m[1mGenerating C code for ROS interfaces[0m
[1.090s] [  5%] [34m[1mGenerating C++ code for ROS interfaces[0m
[1.096s] [  5%] Built target ament_cmake_python_copy_imu_interfaces
[1.274s] running egg_info
[1.275s] writing imu_interfaces.egg-info/PKG-INFO
[1.275s] writing dependency_links to imu_interfaces.egg-info/dependency_links.txt
[1.275s] writing top-level names to imu_interfaces.egg-info/top_level.txt
[1.276s] reading manifest file 'imu_interfaces.egg-info/SOURCES.txt'
[1.277s] writing manifest file 'imu_interfaces.egg-info/SOURCES.txt'
[1.295s] [  5%] Built target ament_cmake_python_build_imu_interfaces_egg
[1.313s] [  5%] Built target imu_interfaces__cpp
[1.322s] [  7%] [34m[1mGenerating C++ type support for eProsima Fast-RTPS[0m
[1.322s] [ 10%] [34m[1mGenerating C++ type support dispatch for ROS interfaces[0m
[1.322s] [ 12%] [34m[1mGenerating C++ introspection for ROS interfaces[0m
[1.324s] [35m[1mConsolidate compiler generated dependencies of target imu_interfaces__rosidl_generator_c[0m
[1.335s] [ 17%] [32mBuilding C object CMakeFiles/imu_interfaces__rosidl_generator_c.dir/rosidl_generator_c/imu_interfaces/srv/detail/imu_status__functions.c.o[0m
[1.335s] [ 17%] [32mBuilding C object CMakeFiles/imu_interfaces__rosidl_generator_c.dir/rosidl_generator_c/imu_interfaces/srv/detail/imu_calibration__functions.c.o[0m
[1.378s] [ 20%] [32m[1mLinking C shared library libimu_interfaces__rosidl_generator_c.so[0m
[1.405s] [ 20%] Built target imu_interfaces__rosidl_generator_c
[1.414s] [ 28%] [34m[1mGenerating C type support for eProsima Fast-RTPS[0m
[1.414s] [ 28%] [34m[1mGenerating C introspection for ROS interfaces[0m
[1.414s] [ 28%] [34m[1mGenerating C type support dispatch for ROS interfaces[0m
[1.529s] [35m[1mConsolidate compiler generated dependencies of target imu_interfaces__rosidl_typesupport_cpp[0m
[1.541s] [ 33%] [32mBuilding CXX object CMakeFiles/imu_interfaces__rosidl_typesupport_cpp.dir/rosidl_typesupport_cpp/imu_interfaces/srv/imu_status__type_support.cpp.o[0m
[1.541s] [ 33%] [32mBuilding CXX object CMakeFiles/imu_interfaces__rosidl_typesupport_cpp.dir/rosidl_typesupport_cpp/imu_interfaces/srv/imu_calibration__type_support.cpp.o[0m
[1.552s] [35m[1mConsolidate compiler generated dependencies of target imu_interfaces__rosidl_typesupport_introspection_cpp[0m
[1.564s] [ 35%] [32mBuilding CXX object CMakeFiles/imu_interfaces__rosidl_typesupport_introspection_cpp.dir/rosidl_typesupport_introspection_cpp/imu_interfaces/srv/detail/imu_calibration__type_support.cpp.o[0m
[1.564s] [ 38%] [32mBuilding CXX object CMakeFiles/imu_interfaces__rosidl_typesupport_introspection_cpp.dir/rosidl_typesupport_introspection_cpp/imu_interfaces/srv/detail/imu_status__type_support.cpp.o[0m
[1.575s] [35m[1mConsolidate compiler generated dependencies of target imu_interfaces__rosidl_typesupport_fastrtps_cpp[0m
[1.589s] [ 43%] [32mBuilding CXX object CMakeFiles/imu_interfaces__rosidl_typesupport_fastrtps_cpp.dir/rosidl_typesupport_fastrtps_cpp/imu_interfaces/srv/detail/dds_fastrtps/imu_calibration__type_support.cpp.o[0m
[1.589s] [ 43%] [32mBuilding CXX object CMakeFiles/imu_interfaces__rosidl_typesupport_fastrtps_cpp.dir/rosidl_typesupport_fastrtps_cpp/imu_interfaces/srv/detail/dds_fastrtps/imu_status__type_support.cpp.o[0m
[1.642s] [35m[1mConsolidate compiler generated dependencies of target imu_interfaces__rosidl_typesupport_c[0m
[1.656s] [ 46%] [32mBuilding CXX object CMakeFiles/imu_interfaces__rosidl_typesupport_c.dir/rosidl_typesupport_c/imu_interfaces/srv/imu_calibration__type_support.cpp.o[0m
[1.656s] [ 48%] [32mBuilding CXX object CMakeFiles/imu_interfaces__rosidl_typesupport_c.dir/rosidl_typesupport_c/imu_interfaces/srv/imu_status__type_support.cpp.o[0m
[1.688s] [35m[1mConsolidate compiler generated dependencies of target imu_interfaces__rosidl_typesupport_fastrtps_c[0m
[1.698s] [ 51%] [32m[1mLinking CXX shared library libimu_interfaces__rosidl_typesupport_c.so[0m
[1.701s] [ 53%] [32mBuilding CXX object CMakeFiles/imu_interfaces__rosidl_typesupport_fastrtps_c.dir/rosidl_typesupport_fastrtps_c/imu_interfaces/srv/detail/imu_calibration__type_support_c.cpp.o[0m
[1.704s] [ 56%] [32mBuilding CXX object CMakeFiles/imu_interfaces__rosidl_typesupport_fastrtps_c.dir/rosidl_typesupport_fastrtps_c/imu_interfaces/srv/detail/imu_status__type_support_c.cpp.o[0m
[1.737s] [ 56%] Built target imu_interfaces__rosidl_typesupport_c
[1.766s] [35m[1mConsolidate compiler generated dependencies of target imu_interfaces__rosidl_typesupport_introspection_c[0m
[1.776s] [ 61%] [32mBuilding C object CMakeFiles/imu_interfaces__rosidl_typesupport_introspection_c.dir/rosidl_typesupport_introspection_c/imu_interfaces/srv/detail/imu_calibration__type_support.c.o[0m
[1.776s] [ 61%] [32mBuilding C object CMakeFiles/imu_interfaces__rosidl_typesupport_introspection_c.dir/rosidl_typesupport_introspection_c/imu_interfaces/srv/detail/imu_status__type_support.c.o[0m
[1.777s] [ 64%] [32m[1mLinking CXX shared library libimu_interfaces__rosidl_typesupport_cpp.so[0m
[1.808s] [ 66%] [32m[1mLinking C shared library libimu_interfaces__rosidl_typesupport_introspection_c.so[0m
[1.813s] [ 66%] Built target imu_interfaces__rosidl_typesupport_cpp
[1.835s] [ 66%] Built target imu_interfaces__rosidl_typesupport_introspection_c
[1.915s] [ 69%] [32m[1mLinking CXX shared library libimu_interfaces__rosidl_typesupport_fastrtps_cpp.so[0m
[1.928s] [ 71%] [32m[1mLinking CXX shared library libimu_interfaces__rosidl_typesupport_introspection_cpp.so[0m
[1.967s] [ 71%] Built target imu_interfaces__rosidl_typesupport_fastrtps_cpp
[1.978s] [ 71%] Built target imu_interfaces__rosidl_typesupport_introspection_cpp
[2.012s] [ 74%] [32m[1mLinking CXX shared library libimu_interfaces__rosidl_typesupport_fastrtps_c.so[0m
[2.060s] [ 74%] Built target imu_interfaces__rosidl_typesupport_fastrtps_c
[2.074s] [ 74%] Built target imu_interfaces
[2.088s] [ 76%] [34m[1mGenerating Python code for ROS interfaces[0m
[2.401s] [ 76%] Built target imu_interfaces__py
[2.408s] [35m[1mConsolidate compiler generated dependencies of target imu_interfaces__rosidl_generator_py[0m
[2.417s] [ 82%] [32mBuilding C object CMakeFiles/imu_interfaces__rosidl_generator_py.dir/rosidl_generator_py/imu_interfaces/srv/_imu_status_s.c.o[0m
[2.417s] [ 82%] [32mBuilding C object CMakeFiles/imu_interfaces__rosidl_generator_py.dir/rosidl_generator_py/imu_interfaces/srv/_imu_calibration_s.c.o[0m
[2.487s] [ 84%] [32m[1mLinking C shared library rosidl_generator_py/imu_interfaces/libimu_interfaces__rosidl_generator_py.so[0m
[2.516s] [ 84%] Built target imu_interfaces__rosidl_generator_py
[2.523s] [35m[1mConsolidate compiler generated dependencies of target imu_interfaces__rosidl_typesupport_introspection_c__pyext[0m
[2.523s] [35m[1mConsolidate compiler generated dependencies of target imu_interfaces__rosidl_typesupport_fastrtps_c__pyext[0m
[2.523s] [35m[1mConsolidate compiler generated dependencies of target imu_interfaces__rosidl_typesupport_c__pyext[0m
[2.532s] [ 89%] [32mBuilding C object CMakeFiles/imu_interfaces__rosidl_typesupport_introspection_c__pyext.dir/rosidl_generator_py/imu_interfaces/_imu_interfaces_s.ep.rosidl_typesupport_introspection_c.c.o[0m
[2.533s] [ 92%] [32mBuilding C object CMakeFiles/imu_interfaces__rosidl_typesupport_c__pyext.dir/rosidl_generator_py/imu_interfaces/_imu_interfaces_s.ep.rosidl_typesupport_c.c.o[0m
[2.533s] [ 92%] [32mBuilding C object CMakeFiles/imu_interfaces__rosidl_typesupport_fastrtps_c__pyext.dir/rosidl_generator_py/imu_interfaces/_imu_interfaces_s.ep.rosidl_typesupport_fastrtps_c.c.o[0m
[2.605s] [100%] [32m[1mLinking C shared library rosidl_generator_py/imu_interfaces/imu_interfaces_s__rosidl_typesupport_fastrtps_c.cpython-310-x86_64-linux-gnu.so[0m
[2.605s] [100%] [32m[1mLinking C shared library rosidl_generator_py/imu_interfaces/imu_interfaces_s__rosidl_typesupport_introspection_c.cpython-310-x86_64-linux-gnu.so[0m
[2.605s] [100%] [32m[1mLinking C shared library rosidl_generator_py/imu_interfaces/imu_interfaces_s__rosidl_typesupport_c.cpython-310-x86_64-linux-gnu.so[0m
[2.635s] [100%] Built target imu_interfaces__rosidl_typesupport_introspection_c__pyext
[2.635s] [100%] Built target imu_interfaces__rosidl_typesupport_fastrtps_c__pyext
[2.635s] [100%] Built target imu_interfaces__rosidl_typesupport_c__pyext
[2.642s] Invoked command in '/home/waritt/urosrobotsim_ws/build/imu_interfaces' returned '0': CMAKE_PREFIX_PATH=${CMAKE_PREFIX_PATH}:/opt/ros/humble /usr/bin/cmake --build /home/waritt/urosrobotsim_ws/build/imu_interfaces -- -j16 -l16
[2.710s] Invoking command in '/home/waritt/urosrobotsim_ws/build/imu_interfaces': CMAKE_PREFIX_PATH=${CMAKE_PREFIX_PATH}:/opt/ros/humble /usr/bin/cmake --install /home/waritt/urosrobotsim_ws/build/imu_interfaces
[2.715s] -- Install configuration: ""
[2.715s] -- Installing: /home/waritt/urosrobotsim_ws/install/imu_interfaces/share/ament_index/resource_index/rosidl_interfaces/imu_interfaces
[2.715s] -- Up-to-date: /home/waritt/urosrobotsim_ws/install/imu_interfaces/include/imu_interfaces/imu_interfaces
[2.715s] -- Up-to-date: /home/waritt/urosrobotsim_ws/install/imu_interfaces/include/imu_interfaces/imu_interfaces/msg
[2.715s] -- Up-to-date: /home/waritt/urosrobotsim_ws/install/imu_interfaces/include/imu_interfaces/imu_interfaces/msg/rosidl_generator_c__visibility_control.h
[2.716s] -- Up-to-date: /home/waritt/urosrobotsim_ws/install/imu_interfaces/include/imu_interfaces/imu_interfaces/srv
[2.716s] -- Installing: /home/waritt/urosrobotsim_ws/install/imu_interfaces/include/imu_interfaces/imu_interfaces/srv/imu_status.h
[2.716s] -- Installing: /home/waritt/urosrobotsim_ws/install/imu_interfaces/include/imu_interfaces/imu_interfaces/srv/imu_calibration.h
[2.716s] -- Up-to-date: /home/waritt/urosrobotsim_ws/install/imu_interfaces/include/imu_interfaces/imu_interfaces/srv/detail
[2.716s] -- Installing: /home/waritt/urosrobotsim_ws/install/imu_interfaces/include/imu_interfaces/imu_interfaces/srv/detail/imu_status__struct.h
[2.716s] -- Installing: /home/waritt/urosrobotsim_ws/install/imu_interfaces/include/imu_interfaces/imu_interfaces/srv/detail/imu_calibration__functions.h
[2.716s] -- Installing: /home/waritt/urosrobotsim_ws/install/imu_interfaces/include/imu_interfaces/imu_interfaces/srv/detail/imu_calibration__type_support.h
[2.716s] -- Installing: /home/waritt/urosrobotsim_ws/install/imu_interfaces/include/imu_interfaces/imu_interfaces/srv/detail/imu_calibration__struct.h
[2.716s] -- Installing: /home/waritt/urosrobotsim_ws/install/imu_interfaces/include/imu_interfaces/imu_interfaces/srv/detail/imu_status__type_support.h
[2.716s] -- Installing: /home/waritt/urosrobotsim_ws/install/imu_interfaces/include/imu_interfaces/imu_interfaces/srv/detail/imu_status__functions.c
[2.716s] -- Installing: /home/waritt/urosrobotsim_ws/install/imu_interfaces/include/imu_interfaces/imu_interfaces/srv/detail/imu_calibration__functions.c
[2.716s] -- Installing: /home/waritt/urosrobotsim_ws/install/imu_interfaces/include/imu_interfaces/imu_interfaces/srv/detail/imu_status__functions.h
[2.716s] -- Up-to-date: /home/waritt/urosrobotsim_ws/install/imu_interfaces/share/imu_interfaces/environment/library_path.sh
[2.716s] -- Installing: /home/waritt/urosrobotsim_ws/install/imu_interfaces/share/imu_interfaces/environment/library_path.dsv
[2.717s] -- Installing: /home/waritt/urosrobotsim_ws/install/imu_interfaces/lib/libimu_interfaces__rosidl_generator_c.so
[2.717s] -- Set runtime path of "/home/waritt/urosrobotsim_ws/install/imu_interfaces/lib/libimu_interfaces__rosidl_generator_c.so" to ""
[2.717s] -- Up-to-date: /home/waritt/urosrobotsim_ws/install/imu_interfaces/include/imu_interfaces/imu_interfaces
[2.717s] -- Up-to-date: /home/waritt/urosrobotsim_ws/install/imu_interfaces/include/imu_interfaces/imu_interfaces/msg
[2.717s] -- Up-to-date: /home/waritt/urosrobotsim_ws/install/imu_interfaces/include/imu_interfaces/imu_interfaces/msg/rosidl_typesupport_fastrtps_c__visibility_control.h
[2.717s] -- Up-to-date: /home/waritt/urosrobotsim_ws/install/imu_interfaces/include/imu_interfaces/imu_interfaces/srv
[2.717s] -- Up-to-date: /home/waritt/urosrobotsim_ws/install/imu_interfaces/include/imu_interfaces/imu_interfaces/srv/detail
[2.717s] -- Installing: /home/waritt/urosrobotsim_ws/install/imu_interfaces/include/imu_interfaces/imu_interfaces/srv/detail/imu_calibration__rosidl_typesupport_fastrtps_c.h
[2.717s] -- Installing: /home/waritt/urosrobotsim_ws/install/imu_interfaces/include/imu_interfaces/imu_interfaces/srv/detail/imu_status__rosidl_typesupport_fastrtps_c.h
[2.717s] -- Installing: /home/waritt/urosrobotsim_ws/install/imu_interfaces/lib/libimu_interfaces__rosidl_typesupport_fastrtps_c.so
[2.718s] -- Set runtime path of "/home/waritt/urosrobotsim_ws/install/imu_interfaces/lib/libimu_interfaces__rosidl_typesupport_fastrtps_c.so" to ""
[2.718s] -- Up-to-date: /home/waritt/urosrobotsim_ws/install/imu_interfaces/include/imu_interfaces/imu_interfaces
[2.718s] -- Up-to-date: /home/waritt/urosrobotsim_ws/install/imu_interfaces/include/imu_interfaces/imu_interfaces/srv
[2.718s] -- Installing: /home/waritt/urosrobotsim_ws/install/imu_interfaces/include/imu_interfaces/imu_interfaces/srv/imu_calibration.hpp
[2.718s] -- Up-to-date: /home/waritt/urosrobotsim_ws/install/imu_interfaces/include/imu_interfaces/imu_interfaces/srv/detail
[2.718s] -- Installing: /home/waritt/urosrobotsim_ws/install/imu_interfaces/include/imu_interfaces/imu_interfaces/srv/detail/imu_calibration__struct.hpp
[2.718s] -- Installing: /home/waritt/urosrobotsim_ws/install/imu_interfaces/include/imu_interfaces/imu_interfaces/srv/detail/imu_status__traits.hpp
[2.718s] -- Installing: /home/waritt/urosrobotsim_ws/install/imu_interfaces/include/imu_interfaces/imu_interfaces/srv/detail/imu_calibration__traits.hpp
[2.718s] -- Installing: /home/waritt/urosrobotsim_ws/install/imu_interfaces/include/imu_interfaces/imu_interfaces/srv/detail/imu_status__builder.hpp
[2.718s] -- Installing: /home/waritt/urosrobotsim_ws/install/imu_interfaces/include/imu_interfaces/imu_interfaces/srv/detail/imu_calibration__builder.hpp
[2.718s] -- Installing: /home/waritt/urosrobotsim_ws/install/imu_interfaces/include/imu_interfaces/imu_interfaces/srv/detail/imu_status__struct.hpp
[2.718s] -- Installing: /home/waritt/urosrobotsim_ws/install/imu_interfaces/include/imu_interfaces/imu_interfaces/srv/imu_status.hpp
[2.718s] -- Up-to-date: /home/waritt/urosrobotsim_ws/install/imu_interfaces/include/imu_interfaces/imu_interfaces
[2.718s] -- Up-to-date: /home/waritt/urosrobotsim_ws/install/imu_interfaces/include/imu_interfaces/imu_interfaces/msg
[2.718s] -- Up-to-date: /home/waritt/urosrobotsim_ws/install/imu_interfaces/include/imu_interfaces/imu_interfaces/msg/rosidl_typesupport_fastrtps_cpp__visibility_control.h
[2.718s] -- Up-to-date: /home/waritt/urosrobotsim_ws/install/imu_interfaces/include/imu_interfaces/imu_interfaces/srv
[2.718s] -- Up-to-date: /home/waritt/urosrobotsim_ws/install/imu_interfaces/include/imu_interfaces/imu_interfaces/srv/detail
[2.718s] -- Installing: /home/waritt/urosrobotsim_ws/install/imu_interfaces/include/imu_interfaces/imu_interfaces/srv/detail/imu_status__rosidl_typesupport_fastrtps_cpp.hpp
[2.718s] -- Up-to-date: /home/waritt/urosrobotsim_ws/install/imu_interfaces/include/imu_interfaces/imu_interfaces/srv/detail/dds_fastrtps
[2.718s] -- Installing: /home/waritt/urosrobotsim_ws/install/imu_interfaces/include/imu_interfaces/imu_interfaces/srv/detail/imu_calibration__rosidl_typesupport_fastrtps_cpp.hpp
[2.719s] -- Installing: /home/waritt/urosrobotsim_ws/install/imu_interfaces/lib/libimu_interfaces__rosidl_typesupport_fastrtps_cpp.so
[2.719s] -- Set runtime path of "/home/waritt/urosrobotsim_ws/install/imu_interfaces/lib/libimu_interfaces__rosidl_typesupport_fastrtps_cpp.so" to ""
[2.719s] -- Up-to-date: /home/waritt/urosrobotsim_ws/install/imu_interfaces/include/imu_interfaces/imu_interfaces
[2.719s] -- Up-to-date: /home/waritt/urosrobotsim_ws/install/imu_interfaces/include/imu_interfaces/imu_interfaces/msg
[2.719s] -- Up-to-date: /home/waritt/urosrobotsim_ws/install/imu_interfaces/include/imu_interfaces/imu_interfaces/msg/rosidl_typesupport_introspection_c__visibility_control.h
[2.719s] -- Up-to-date: /home/waritt/urosrobotsim_ws/install/imu_interfaces/include/imu_interfaces/imu_interfaces/srv
[2.719s] -- Up-to-date: /home/waritt/urosrobotsim_ws/install/imu_interfaces/include/imu_interfaces/imu_interfaces/srv/detail
[2.719s] -- Installing: /home/waritt/urosrobotsim_ws/install/imu_interfaces/include/imu_interfaces/imu_interfaces/srv/detail/imu_status__type_support.c
[2.719s] -- Installing: /home/waritt/urosrobotsim_ws/install/imu_interfaces/include/imu_interfaces/imu_interfaces/srv/detail/imu_status__rosidl_typesupport_introspection_c.h
[2.719s] -- Installing: /home/waritt/urosrobotsim_ws/install/imu_interfaces/include/imu_interfaces/imu_interfaces/srv/detail/imu_calibration__type_support.c
[2.719s] -- Installing: /home/waritt/urosrobotsim_ws/install/imu_interfaces/include/imu_interfaces/imu_interfaces/srv/detail/imu_calibration__rosidl_typesupport_introspection_c.h
[2.720s] -- Installing: /home/waritt/urosrobotsim_ws/install/imu_interfaces/lib/libimu_interfaces__rosidl_typesupport_introspection_c.so
[2.720s] -- Set runtime path of "/home/waritt/urosrobotsim_ws/install/imu_interfaces/lib/libimu_interfaces__rosidl_typesupport_introspection_c.so" to ""
[2.720s] -- Installing: /home/waritt/urosrobotsim_ws/install/imu_interfaces/lib/libimu_interfaces__rosidl_typesupport_c.so
[2.720s] -- Set runtime path of "/home/waritt/urosrobotsim_ws/install/imu_interfaces/lib/libimu_interfaces__rosidl_typesupport_c.so" to ""
[2.720s] -- Up-to-date: /home/waritt/urosrobotsim_ws/install/imu_interfaces/include/imu_interfaces/imu_interfaces
[2.720s] -- Up-to-date: /home/waritt/urosrobotsim_ws/install/imu_interfaces/include/imu_interfaces/imu_interfaces/srv
[2.720s] -- Up-to-date: /home/waritt/urosrobotsim_ws/install/imu_interfaces/include/imu_interfaces/imu_interfaces/srv/detail
[2.720s] -- Installing: /home/waritt/urosrobotsim_ws/install/imu_interfaces/include/imu_interfaces/imu_interfaces/srv/detail/imu_status__type_support.cpp
[2.720s] -- Installing: /home/waritt/urosrobotsim_ws/install/imu_interfaces/include/imu_interfaces/imu_interfaces/srv/detail/imu_status__rosidl_typesupport_introspection_cpp.hpp
[2.720s] -- Installing: /home/waritt/urosrobotsim_ws/install/imu_interfaces/include/imu_interfaces/imu_interfaces/srv/detail/imu_calibration__type_support.cpp
[2.720s] -- Installing: /home/waritt/urosrobotsim_ws/install/imu_interfaces/include/imu_interfaces/imu_interfaces/srv/detail/imu_calibration__rosidl_typesupport_introspection_cpp.hpp
[2.721s] -- Installing: /home/waritt/urosrobotsim_ws/install/imu_interfaces/lib/libimu_interfaces__rosidl_typesupport_introspection_cpp.so
[2.721s] -- Set runtime path of "/home/waritt/urosrobotsim_ws/install/imu_interfaces/lib/libimu_interfaces__rosidl_typesupport_introspection_cpp.so" to ""
[2.721s] -- Installing: /home/waritt/urosrobotsim_ws/install/imu_interfaces/lib/libimu_interfaces__rosidl_typesupport_cpp.so
[2.721s] -- Set runtime path of "/home/waritt/urosrobotsim_ws/install/imu_interfaces/lib/libimu_interfaces__rosidl_typesupport_cpp.so" to ""
[2.721s] -- Up-to-date: /home/waritt/urosrobotsim_ws/install/imu_interfaces/share/imu_interfaces/environment/pythonpath.sh
[2.722s] -- Installing: /home/waritt/urosrobotsim_ws/install/imu_interfaces/share/imu_interfaces/environment/pythonpath.dsv
[2.722s] -- Up-to-date: /home/waritt/urosrobotsim_ws/install/imu_interfaces/local/lib/python3.10/dist-packages/imu_interfaces-0.0.0-py3.10.egg-info
[2.722s] -- Installing: /home/waritt/urosrobotsim_ws/install/imu_interfaces/local/lib/python3.10/dist-packages/imu_interfaces-0.0.0-py3.10.egg-info/SOURCES.txt
[2.722s] -- Installing: /home/waritt/urosrobotsim_ws/install/imu_interfaces/local/lib/python3.10/dist-packages/imu_interfaces-0.0.0-py3.10.egg-info/top_level.txt
[2.722s] -- Installing: /home/waritt/urosrobotsim_ws/install/imu_interfaces/local/lib/python3.10/dist-packages/imu_interfaces-0.0.0-py3.10.egg-info/PKG-INFO
[2.722s] -- Installing: /home/waritt/urosrobotsim_ws/install/imu_interfaces/local/lib/python3.10/dist-packages/imu_interfaces-0.0.0-py3.10.egg-info/dependency_links.txt
[2.722s] -- Up-to-date: /home/waritt/urosrobotsim_ws/install/imu_interfaces/local/lib/python3.10/dist-packages/imu_interfaces
[2.722s] -- Installing: /home/waritt/urosrobotsim_ws/install/imu_interfaces/local/lib/python3.10/dist-packages/imu_interfaces/libimu_interfaces__rosidl_generator_py.so
[2.722s] -- Installing: /home/waritt/urosrobotsim_ws/install/imu_interfaces/local/lib/python3.10/dist-packages/imu_interfaces/imu_interfaces_s__rosidl_typesupport_c.cpython-310-x86_64-linux-gnu.so
[2.722s] -- Installing: /home/waritt/urosrobotsim_ws/install/imu_interfaces/local/lib/python3.10/dist-packages/imu_interfaces/imu_interfaces_s__rosidl_typesupport_fastrtps_c.cpython-310-x86_64-linux-gnu.so
[2.722s] -- Installing: /home/waritt/urosrobotsim_ws/install/imu_interfaces/local/lib/python3.10/dist-packages/imu_interfaces/__init__.py
[2.722s] -- Installing: /home/waritt/urosrobotsim_ws/install/imu_interfaces/local/lib/python3.10/dist-packages/imu_interfaces/_imu_interfaces_s.ep.rosidl_typesupport_c.c
[2.722s] -- Installing: /home/waritt/urosrobotsim_ws/install/imu_interfaces/local/lib/python3.10/dist-packages/imu_interfaces/_imu_interfaces_s.ep.rosidl_typesupport_introspection_c.c
[2.722s] -- Installing: /home/waritt/urosrobotsim_ws/install/imu_interfaces/local/lib/python3.10/dist-packages/imu_interfaces/imu_interfaces_s__rosidl_typesupport_introspection_c.cpython-310-x86_64-linux-gnu.so
[2.722s] -- Installing: /home/waritt/urosrobotsim_ws/install/imu_interfaces/local/lib/python3.10/dist-packages/imu_interfaces/_imu_interfaces_s.ep.rosidl_typesupport_fastrtps_c.c
[2.722s] -- Up-to-date: /home/waritt/urosrobotsim_ws/install/imu_interfaces/local/lib/python3.10/dist-packages/imu_interfaces/srv
[2.722s] -- Installing: /home/waritt/urosrobotsim_ws/install/imu_interfaces/local/lib/python3.10/dist-packages/imu_interfaces/srv/__init__.py
[2.723s] -- Installing: /home/waritt/urosrobotsim_ws/install/imu_interfaces/local/lib/python3.10/dist-packages/imu_interfaces/srv/_imu_calibration_s.c
[2.723s] -- Installing: /home/waritt/urosrobotsim_ws/install/imu_interfaces/local/lib/python3.10/dist-packages/imu_interfaces/srv/_imu_calibration.py
[2.723s] -- Installing: /home/waritt/urosrobotsim_ws/install/imu_interfaces/local/lib/python3.10/dist-packages/imu_interfaces/srv/_imu_status.py
[2.723s] -- Installing: /home/waritt/urosrobotsim_ws/install/imu_interfaces/local/lib/python3.10/dist-packages/imu_interfaces/srv/_imu_status_s.c
[2.751s] Listing '/home/waritt/urosrobotsim_ws/install/imu_interfaces/local/lib/python3.10/dist-packages/imu_interfaces'...
[2.751s] Compiling '/home/waritt/urosrobotsim_ws/install/imu_interfaces/local/lib/python3.10/dist-packages/imu_interfaces/__init__.py'...
[2.751s] Listing '/home/waritt/urosrobotsim_ws/install/imu_interfaces/local/lib/python3.10/dist-packages/imu_interfaces/srv'...
[2.751s] Compiling '/home/waritt/urosrobotsim_ws/install/imu_interfaces/local/lib/python3.10/dist-packages/imu_interfaces/srv/__init__.py'...
[2.751s] Compiling '/home/waritt/urosrobotsim_ws/install/imu_interfaces/local/lib/python3.10/dist-packages/imu_interfaces/srv/_imu_calibration.py'...
[2.751s] Compiling '/home/waritt/urosrobotsim_ws/install/imu_interfaces/local/lib/python3.10/dist-packages/imu_interfaces/srv/_imu_status.py'...
[2.753s] -- Installing: /home/waritt/urosrobotsim_ws/install/imu_interfaces/local/lib/python3.10/dist-packages/imu_interfaces/imu_interfaces_s__rosidl_typesupport_fastrtps_c.cpython-310-x86_64-linux-gnu.so
[2.754s] -- Set runtime path of "/home/waritt/urosrobotsim_ws/install/imu_interfaces/local/lib/python3.10/dist-packages/imu_interfaces/imu_interfaces_s__rosidl_typesupport_fastrtps_c.cpython-310-x86_64-linux-gnu.so" to ""
[2.754s] -- Installing: /home/waritt/urosrobotsim_ws/install/imu_interfaces/local/lib/python3.10/dist-packages/imu_interfaces/imu_interfaces_s__rosidl_typesupport_introspection_c.cpython-310-x86_64-linux-gnu.so
[2.754s] -- Set runtime path of "/home/waritt/urosrobotsim_ws/install/imu_interfaces/local/lib/python3.10/dist-packages/imu_interfaces/imu_interfaces_s__rosidl_typesupport_introspection_c.cpython-310-x86_64-linux-gnu.so" to ""
[2.754s] -- Installing: /home/waritt/urosrobotsim_ws/install/imu_interfaces/local/lib/python3.10/dist-packages/imu_interfaces/imu_interfaces_s__rosidl_typesupport_c.cpython-310-x86_64-linux-gnu.so
[2.754s] -- Set runtime path of "/home/waritt/urosrobotsim_ws/install/imu_interfaces/local/lib/python3.10/dist-packages/imu_interfaces/imu_interfaces_s__rosidl_typesupport_c.cpython-310-x86_64-linux-gnu.so" to ""
[2.754s] -- Installing: /home/waritt/urosrobotsim_ws/install/imu_interfaces/lib/libimu_interfaces__rosidl_generator_py.so
[2.755s] -- Set runtime path of "/home/waritt/urosrobotsim_ws/install/imu_interfaces/lib/libimu_interfaces__rosidl_generator_py.so" to ""
[2.755s] -- Up-to-date: /home/waritt/urosrobotsim_ws/install/imu_interfaces/share/imu_interfaces/srv/ImuCalibration.idl
[2.755s] -- Installing: /home/waritt/urosrobotsim_ws/install/imu_interfaces/share/imu_interfaces/srv/ImuStatus.idl
[2.755s] -- Up-to-date: /home/waritt/urosrobotsim_ws/install/imu_interfaces/share/imu_interfaces/srv/ImuCalibration.srv
[2.755s] -- Up-to-date: /home/waritt/urosrobotsim_ws/install/imu_interfaces/share/imu_interfaces/srv/ImuCalibration_Request.msg
[2.755s] -- Up-to-date: /home/waritt/urosrobotsim_ws/install/imu_interfaces/share/imu_interfaces/srv/ImuCalibration_Response.msg
[2.755s] -- Installing: /home/waritt/urosrobotsim_ws/install/imu_interfaces/share/imu_interfaces/srv/ImuStatus.srv
[2.755s] -- Installing: /home/waritt/urosrobotsim_ws/install/imu_interfaces/share/imu_interfaces/srv/ImuStatus_Request.msg
[2.755s] -- Installing: /home/waritt/urosrobotsim_ws/install/imu_interfaces/share/imu_interfaces/srv/ImuStatus_Response.msg
[2.755s] -- Installing: /home/waritt/urosrobotsim_ws/install/imu_interfaces/share/ament_index/resource_index/package_run_dependencies/imu_interfaces
[2.755s] -- Installing: /home/waritt/urosrobotsim_ws/install/imu_interfaces/share/ament_index/resource_index/parent_prefix_path/imu_interfaces
[2.755s] -- Up-to-date: /home/waritt/urosrobotsim_ws/install/imu_interfaces/share/imu_interfaces/environment/ament_prefix_path.sh
[2.755s] -- Installing: /home/waritt/urosrobotsim_ws/install/imu_interfaces/share/imu_interfaces/environment/ament_prefix_path.dsv
[2.755s] -- Up-to-date: /home/waritt/urosrobotsim_ws/install/imu_interfaces/share/imu_interfaces/environment/path.sh
[2.755s] -- Installing: /home/waritt/urosrobotsim_ws/install/imu_interfaces/share/imu_interfaces/environment/path.dsv
[2.755s] -- Up-to-date: /home/waritt/urosrobotsim_ws/install/imu_interfaces/share/imu_interfaces/local_setup.bash
[2.755s] -- Up-to-date: /home/waritt/urosrobotsim_ws/install/imu_interfaces/share/imu_interfaces/local_setup.sh
[2.755s] -- Up-to-date: /home/waritt/urosrobotsim_ws/install/imu_interfaces/share/imu_interfaces/local_setup.zsh
[2.755s] -- Installing: /home/waritt/urosrobotsim_ws/install/imu_interfaces/share/imu_interfaces/local_setup.dsv
[2.755s] -- Installing: /home/waritt/urosrobotsim_ws/install/imu_interfaces/share/imu_interfaces/package.dsv
[2.756s] -- Up-to-date: /home/waritt/urosrobotsim_ws/install/imu_interfaces/share/ament_index/resource_index/packages/imu_interfaces
[2.756s] -- Up-to-date: /home/waritt/urosrobotsim_ws/install/imu_interfaces/share/imu_interfaces/cmake/export_imu_interfaces__rosidl_generator_cExport.cmake
[2.756s] -- Up-to-date: /home/waritt/urosrobotsim_ws/install/imu_interfaces/share/imu_interfaces/cmake/export_imu_interfaces__rosidl_generator_cExport-noconfig.cmake
[2.756s] -- Up-to-date: /home/waritt/urosrobotsim_ws/install/imu_interfaces/share/imu_interfaces/cmake/export_imu_interfaces__rosidl_typesupport_fastrtps_cExport.cmake
[2.756s] -- Up-to-date: /home/waritt/urosrobotsim_ws/install/imu_interfaces/share/imu_interfaces/cmake/export_imu_interfaces__rosidl_typesupport_fastrtps_cExport-noconfig.cmake
[2.756s] -- Up-to-date: /home/waritt/urosrobotsim_ws/install/imu_interfaces/share/imu_interfaces/cmake/export_imu_interfaces__rosidl_generator_cppExport.cmake
[2.756s] -- Up-to-date: /home/waritt/urosrobotsim_ws/install/imu_interfaces/share/imu_interfaces/cmake/export_imu_interfaces__rosidl_typesupport_fastrtps_cppExport.cmake
[2.756s] -- Up-to-date: /home/waritt/urosrobotsim_ws/install/imu_interfaces/share/imu_interfaces/cmake/export_imu_interfaces__rosidl_typesupport_fastrtps_cppExport-noconfig.cmake
[2.756s] -- Up-to-date: /home/waritt/urosrobotsim_ws/install/imu_interfaces/share/imu_interfaces/cmake/imu_interfaces__rosidl_typesupport_introspection_cExport.cmake
[2.756s] -- Up-to-date: /home/waritt/urosrobotsim_ws/install/imu_interfaces/share/imu_interfaces/cmake/imu_interfaces__rosidl_typesupport_introspection_cExport-noconfig.cmake
[2.756s] -- Up-to-date: /home/waritt/urosrobotsim_ws/install/imu_interfaces/share/imu_interfaces/cmake/imu_interfaces__rosidl_typesupport_cExport.cmake
[2.757s] -- Up-to-date: /home/waritt/urosrobotsim_ws/install/imu_interfaces/share/imu_interfaces/cmake/imu_interfaces__rosidl_typesupport_cExport-noconfig.cmake
[2.757s] -- Up-to-date: /home/waritt/urosrobotsim_ws/install/imu_interfaces/share/imu_interfaces/cmake/imu_interfaces__rosidl_typesupport_introspection_cppExport.cmake
[2.757s] -- Up-to-date: /home/waritt/urosrobotsim_ws/install/imu_interfaces/share/imu_interfaces/cmake/imu_interfaces__rosidl_typesupport_introspection_cppExport-noconfig.cmake
[2.757s] -- Up-to-date: /home/waritt/urosrobotsim_ws/install/imu_interfaces/share/imu_interfaces/cmake/imu_interfaces__rosidl_typesupport_cppExport.cmake
[2.757s] -- Up-to-date: /home/waritt/urosrobotsim_ws/install/imu_interfaces/share/imu_interfaces/cmake/imu_interfaces__rosidl_typesupport_cppExport-noconfig.cmake
[2.757s] -- Up-to-date: /home/waritt/urosrobotsim_ws/install/imu_interfaces/share/imu_interfaces/cmake/export_imu_interfaces__rosidl_generator_pyExport.cmake
[2.757s] -- Up-to-date: /home/waritt/urosrobotsim_ws/install/imu_interfaces/share/imu_interfaces/cmake/export_imu_interfaces__rosidl_generator_pyExport-noconfig.cmake
[2.757s] -- Installing: /home/waritt/urosrobotsim_ws/install/imu_interfaces/share/imu_interfaces/cmake/rosidl_cmake-extras.cmake
[2.757s] -- Installing: /home/waritt/urosrobotsim_ws/install/imu_interfaces/share/imu_interfaces/cmake/ament_cmake_export_dependencies-extras.cmake
[2.757s] -- Up-to-date: /home/waritt/urosrobotsim_ws/install/imu_interfaces/share/imu_interfaces/cmake/ament_cmake_export_include_directories-extras.cmake
[2.757s] -- Up-to-date: /home/waritt/urosrobotsim_ws/install/imu_interfaces/share/imu_interfaces/cmake/ament_cmake_export_libraries-extras.cmake
[2.757s] -- Up-to-date: /home/waritt/urosrobotsim_ws/install/imu_interfaces/share/imu_interfaces/cmake/ament_cmake_export_targets-extras.cmake
[2.757s] -- Up-to-date: /home/waritt/urosrobotsim_ws/install/imu_interfaces/share/imu_interfaces/cmake/rosidl_cmake_export_typesupport_targets-extras.cmake
[2.757s] -- Up-to-date: /home/waritt/urosrobotsim_ws/install/imu_interfaces/share/imu_interfaces/cmake/rosidl_cmake_export_typesupport_libraries-extras.cmake
[2.757s] -- Up-to-date: /home/waritt/urosrobotsim_ws/install/imu_interfaces/share/imu_interfaces/cmake/imu_interfacesConfig.cmake
[2.757s] -- Up-to-date: /home/waritt/urosrobotsim_ws/install/imu_interfaces/share/imu_interfaces/cmake/imu_interfacesConfig-version.cmake
[2.758s] -- Installing: /home/waritt/urosrobotsim_ws/install/imu_interfaces/share/imu_interfaces/package.xml
[2.759s] Invoked command in '/home/waritt/urosrobotsim_ws/build/imu_interfaces' returned '0': CMAKE_PREFIX_PATH=${CMAKE_PREFIX_PATH}:/opt/ros/humble /usr/bin/cmake --install /home/waritt/urosrobotsim_ws/build/imu_interfaces
