[0.017s] Invoking command in '/home/waritt/urosrobotsim_ws/build/imu_interfaces': CMAKE_PREFIX_PATH=${CMAKE_PREFIX_PATH}:/opt/ros/humble /usr/bin/cmake /home/waritt/urosrobotsim_ws/src/imu_interfaces -DCMAKE_INSTALL_PREFIX=/home/waritt/urosrobotsim_ws/install/imu_interfaces
[0.054s] -- The C compiler identification is GNU 11.4.0
[0.093s] -- The CXX compiler identification is GNU 11.4.0
[0.098s] -- Detecting C compiler ABI info
[0.147s] -- Detecting C compiler ABI info - done
[0.152s] -- Check for working C compiler: /usr/bin/cc - skipped
[0.152s] -- Detecting C compile features
[0.152s] -- Detecting C compile features - done
[0.154s] -- Detecting CXX compiler ABI info
[0.212s] -- Detecting CXX compiler ABI info - done
[0.223s] -- Check for working CXX compiler: /usr/bin/c++ - skipped
[0.223s] -- Detecting CXX compile features
[0.223s] -- Detecting CXX compile features - done
[0.228s] -- Found ament_cmake: 1.3.10 (/opt/ros/humble/share/ament_cmake/cmake)
[0.349s] -- Found Python3: /usr/bin/python3 (found version "3.10.12") found components: Interpreter 
[0.438s] -- Found sensor_msgs: 4.2.4 (/opt/ros/humble/share/sensor_msgs/cmake)
[0.470s] -- Found rosidl_generator_c: 3.1.5 (/opt/ros/humble/share/rosidl_generator_c/cmake)
[0.476s] -- Found rosidl_adapter: 3.1.5 (/opt/ros/humble/share/rosidl_adapter/cmake)
[0.484s] -- Found rosidl_generator_cpp: 3.1.5 (/opt/ros/humble/share/rosidl_generator_cpp/cmake)
[0.494s] -- Using all available rosidl_typesupport_c: rosidl_typesupport_fastrtps_c;rosidl_typesupport_introspection_c
[0.508s] -- Using all available rosidl_typesupport_cpp: rosidl_typesupport_fastrtps_cpp;rosidl_typesupport_introspection_cpp
[0.550s] -- Found rosidl_default_generators: 1.2.0 (/opt/ros/humble/share/rosidl_default_generators/cmake)
[0.559s] -- Found ament_lint_auto: 0.12.11 (/opt/ros/humble/share/ament_lint_auto/cmake)
[0.798s] -- Found ament_cmake_ros: 0.10.0 (/opt/ros/humble/share/ament_cmake_ros/cmake)
[1.152s] -- Using all available rosidl_typesupport_c: rosidl_typesupport_fastrtps_c;rosidl_typesupport_introspection_c
[1.287s] -- Using all available rosidl_typesupport_cpp: rosidl_typesupport_fastrtps_cpp;rosidl_typesupport_introspection_cpp
[1.305s] -- Found PythonInterp: /usr/bin/python3 (found suitable version "3.10.12", minimum required is "3.6") 
[1.308s] -- Found python_cmake_module: 0.10.0 (/opt/ros/humble/share/python_cmake_module/cmake)
[1.328s] -- Found PythonLibs: /usr/lib/x86_64-linux-gnu/libpython3.10.so (found suitable version "3.10.12", minimum required is "3.5") 
[1.328s] -- Using PYTHON_EXECUTABLE: /usr/bin/python3
[1.328s] -- Using PYTHON_INCLUDE_DIRS: /usr/include/python3.10
[1.328s] -- Using PYTHON_LIBRARIES: /usr/lib/x86_64-linux-gnu/libpython3.10.so
[1.345s] -- Found PythonExtra: .so  
[1.402s] -- Added test 'lint_cmake' to check CMake code style
[1.403s] -- Added test 'xmllint' to check XML markup files
[1.406s] -- Configuring done
[1.426s] -- Generating done
[1.427s] -- Build files have been written to: /home/waritt/urosrobotsim_ws/build/imu_interfaces
[1.434s] Invoked command in '/home/waritt/urosrobotsim_ws/build/imu_interfaces' returned '0': CMAKE_PREFIX_PATH=${CMAKE_PREFIX_PATH}:/opt/ros/humble /usr/bin/cmake /home/waritt/urosrobotsim_ws/src/imu_interfaces -DCMAKE_INSTALL_PREFIX=/home/waritt/urosrobotsim_ws/install/imu_interfaces
[1.435s] Invoking command in '/home/waritt/urosrobotsim_ws/build/imu_interfaces': CMAKE_PREFIX_PATH=${CMAKE_PREFIX_PATH}:/opt/ros/humble /usr/bin/cmake --build /home/waritt/urosrobotsim_ws/build/imu_interfaces -- -j16 -l16
[1.463s] [  3%] [34m[1mGenerating C code for ROS interfaces[0m
[1.469s] [  6%] [34m[1mGenerating C++ code for ROS interfaces[0m
[1.475s] [  6%] Built target ament_cmake_python_copy_imu_interfaces
[1.658s] running egg_info
[1.658s] [  9%] [32mBuilding C object CMakeFiles/imu_interfaces__rosidl_generator_c.dir/rosidl_generator_c/imu_interfaces/srv/detail/imu_calibration__functions.c.o[0m
[1.658s] creating imu_interfaces.egg-info
[1.658s] writing imu_interfaces.egg-info/PKG-INFO
[1.658s] writing dependency_links to imu_interfaces.egg-info/dependency_links.txt
[1.658s] writing top-level names to imu_interfaces.egg-info/top_level.txt
[1.658s] writing manifest file 'imu_interfaces.egg-info/SOURCES.txt'
[1.659s] [  9%] Built target imu_interfaces__cpp
[1.660s] reading manifest file 'imu_interfaces.egg-info/SOURCES.txt'
[1.660s] writing manifest file 'imu_interfaces.egg-info/SOURCES.txt'
[1.666s] [ 19%] [34m[1mGenerating C++ type support dispatch for ROS interfaces[0m
[1.667s] [ 19%] [34m[1mGenerating C++ introspection for ROS interfaces[0m
[1.667s] [ 19%] [34m[1mGenerating C++ type support for eProsima Fast-RTPS[0m
[1.680s] [ 19%] Built target ament_cmake_python_build_imu_interfaces_egg
[1.702s] [ 22%] [32m[1mLinking C shared library libimu_interfaces__rosidl_generator_c.so[0m
[1.731s] [ 22%] Built target imu_interfaces__rosidl_generator_c
[1.740s] [ 32%] [34m[1mGenerating C type support for eProsima Fast-RTPS[0m
[1.740s] [ 32%] [34m[1mGenerating C introspection for ROS interfaces[0m
[1.740s] [ 32%] [34m[1mGenerating C type support dispatch for ROS interfaces[0m
[1.855s] [ 35%] [32mBuilding CXX object CMakeFiles/imu_interfaces__rosidl_typesupport_cpp.dir/rosidl_typesupport_cpp/imu_interfaces/srv/imu_calibration__type_support.cpp.o[0m
[1.866s] [ 38%] [32mBuilding CXX object CMakeFiles/imu_interfaces__rosidl_typesupport_introspection_cpp.dir/rosidl_typesupport_introspection_cpp/imu_interfaces/srv/detail/imu_calibration__type_support.cpp.o[0m
[1.879s] [ 41%] [32mBuilding CXX object CMakeFiles/imu_interfaces__rosidl_typesupport_fastrtps_cpp.dir/rosidl_typesupport_fastrtps_cpp/imu_interfaces/srv/detail/dds_fastrtps/imu_calibration__type_support.cpp.o[0m
[1.963s] [ 45%] [32mBuilding C object CMakeFiles/imu_interfaces__rosidl_typesupport_introspection_c.dir/rosidl_typesupport_introspection_c/imu_interfaces/srv/detail/imu_calibration__type_support.c.o[0m
[1.964s] [ 48%] [32mBuilding CXX object CMakeFiles/imu_interfaces__rosidl_typesupport_fastrtps_c.dir/rosidl_typesupport_fastrtps_c/imu_interfaces/srv/detail/imu_calibration__type_support_c.cpp.o[0m
[1.967s] [ 51%] [32mBuilding CXX object CMakeFiles/imu_interfaces__rosidl_typesupport_c.dir/rosidl_typesupport_c/imu_interfaces/srv/imu_calibration__type_support.cpp.o[0m
[1.991s] [ 58%] [32m[1mLinking CXX shared library libimu_interfaces__rosidl_typesupport_c.so[0m
[1.992s] [ 58%] [32m[1mLinking C shared library libimu_interfaces__rosidl_typesupport_introspection_c.so[0m
[2.016s] [ 58%] Built target imu_interfaces__rosidl_typesupport_introspection_c
[2.022s] [ 58%] Built target imu_interfaces__rosidl_typesupport_c
[2.053s] [ 61%] [32m[1mLinking CXX shared library libimu_interfaces__rosidl_typesupport_cpp.so[0m
[2.082s] [ 61%] Built target imu_interfaces__rosidl_typesupport_cpp
[2.133s] [ 64%] [32m[1mLinking CXX shared library libimu_interfaces__rosidl_typesupport_introspection_cpp.so[0m
[2.153s] [ 67%] [32m[1mLinking CXX shared library libimu_interfaces__rosidl_typesupport_fastrtps_cpp.so[0m
[2.181s] [ 70%] [32m[1mLinking CXX shared library libimu_interfaces__rosidl_typesupport_fastrtps_c.so[0m
[2.182s] [ 70%] Built target imu_interfaces__rosidl_typesupport_introspection_cpp
[2.204s] [ 70%] Built target imu_interfaces__rosidl_typesupport_fastrtps_cpp
[2.231s] [ 70%] Built target imu_interfaces__rosidl_typesupport_fastrtps_c
[2.246s] [ 70%] Built target imu_interfaces
[2.260s] [ 74%] [34m[1mGenerating Python code for ROS interfaces[0m
[2.493s] [ 74%] Built target imu_interfaces__py
[2.506s] [ 77%] [32mBuilding C object CMakeFiles/imu_interfaces__rosidl_generator_py.dir/rosidl_generator_py/imu_interfaces/srv/_imu_calibration_s.c.o[0m
[2.573s] [ 80%] [32m[1mLinking C shared library rosidl_generator_py/imu_interfaces/libimu_interfaces__rosidl_generator_py.so[0m
[2.602s] [ 80%] Built target imu_interfaces__rosidl_generator_py
[2.616s] [ 87%] [32mBuilding C object CMakeFiles/imu_interfaces__rosidl_typesupport_introspection_c__pyext.dir/rosidl_generator_py/imu_interfaces/_imu_interfaces_s.ep.rosidl_typesupport_introspection_c.c.o[0m
[2.616s] [ 87%] [32mBuilding C object CMakeFiles/imu_interfaces__rosidl_typesupport_fastrtps_c__pyext.dir/rosidl_generator_py/imu_interfaces/_imu_interfaces_s.ep.rosidl_typesupport_fastrtps_c.c.o[0m
[2.616s] [ 90%] [32mBuilding C object CMakeFiles/imu_interfaces__rosidl_typesupport_c__pyext.dir/rosidl_generator_py/imu_interfaces/_imu_interfaces_s.ep.rosidl_typesupport_c.c.o[0m
[2.681s] [ 93%] [32m[1mLinking C shared library rosidl_generator_py/imu_interfaces/imu_interfaces_s__rosidl_typesupport_introspection_c.cpython-310-x86_64-linux-gnu.so[0m
[2.681s] [ 96%] [32m[1mLinking C shared library rosidl_generator_py/imu_interfaces/imu_interfaces_s__rosidl_typesupport_c.cpython-310-x86_64-linux-gnu.so[0m
[2.688s] [100%] [32m[1mLinking C shared library rosidl_generator_py/imu_interfaces/imu_interfaces_s__rosidl_typesupport_fastrtps_c.cpython-310-x86_64-linux-gnu.so[0m
[2.709s] [100%] Built target imu_interfaces__rosidl_typesupport_c__pyext
[2.710s] [100%] Built target imu_interfaces__rosidl_typesupport_introspection_c__pyext
[2.716s] [100%] Built target imu_interfaces__rosidl_typesupport_fastrtps_c__pyext
[2.724s] Invoked command in '/home/waritt/urosrobotsim_ws/build/imu_interfaces' returned '0': CMAKE_PREFIX_PATH=${CMAKE_PREFIX_PATH}:/opt/ros/humble /usr/bin/cmake --build /home/waritt/urosrobotsim_ws/build/imu_interfaces -- -j16 -l16
[2.774s] Invoking command in '/home/waritt/urosrobotsim_ws/build/imu_interfaces': CMAKE_PREFIX_PATH=${CMAKE_PREFIX_PATH}:/opt/ros/humble /usr/bin/cmake --install /home/waritt/urosrobotsim_ws/build/imu_interfaces
[2.780s] -- Install configuration: ""
[2.780s] -- Installing: /home/waritt/urosrobotsim_ws/install/imu_interfaces/share/ament_index/resource_index/rosidl_interfaces/imu_interfaces
[2.780s] -- Installing: /home/waritt/urosrobotsim_ws/install/imu_interfaces/include/imu_interfaces/imu_interfaces
[2.780s] -- Installing: /home/waritt/urosrobotsim_ws/install/imu_interfaces/include/imu_interfaces/imu_interfaces/msg
[2.780s] -- Installing: /home/waritt/urosrobotsim_ws/install/imu_interfaces/include/imu_interfaces/imu_interfaces/msg/rosidl_generator_c__visibility_control.h
[2.781s] -- Installing: /home/waritt/urosrobotsim_ws/install/imu_interfaces/include/imu_interfaces/imu_interfaces/srv
[2.781s] -- Installing: /home/waritt/urosrobotsim_ws/install/imu_interfaces/include/imu_interfaces/imu_interfaces/srv/imu_calibration.h
[2.781s] -- Installing: /home/waritt/urosrobotsim_ws/install/imu_interfaces/include/imu_interfaces/imu_interfaces/srv/detail
[2.781s] -- Installing: /home/waritt/urosrobotsim_ws/install/imu_interfaces/include/imu_interfaces/imu_interfaces/srv/detail/imu_calibration__functions.h
[2.781s] -- Installing: /home/waritt/urosrobotsim_ws/install/imu_interfaces/include/imu_interfaces/imu_interfaces/srv/detail/imu_calibration__type_support.h
[2.781s] -- Installing: /home/waritt/urosrobotsim_ws/install/imu_interfaces/include/imu_interfaces/imu_interfaces/srv/detail/imu_calibration__struct.h
[2.781s] -- Installing: /home/waritt/urosrobotsim_ws/install/imu_interfaces/include/imu_interfaces/imu_interfaces/srv/detail/imu_calibration__functions.c
[2.781s] -- Installing: /home/waritt/urosrobotsim_ws/install/imu_interfaces/share/imu_interfaces/environment/library_path.sh
[2.781s] -- Installing: /home/waritt/urosrobotsim_ws/install/imu_interfaces/share/imu_interfaces/environment/library_path.dsv
[2.781s] -- Installing: /home/waritt/urosrobotsim_ws/install/imu_interfaces/lib/libimu_interfaces__rosidl_generator_c.so
[2.781s] -- Set runtime path of "/home/waritt/urosrobotsim_ws/install/imu_interfaces/lib/libimu_interfaces__rosidl_generator_c.so" to ""
[2.781s] -- Up-to-date: /home/waritt/urosrobotsim_ws/install/imu_interfaces/include/imu_interfaces/imu_interfaces
[2.781s] -- Up-to-date: /home/waritt/urosrobotsim_ws/install/imu_interfaces/include/imu_interfaces/imu_interfaces/msg
[2.781s] -- Installing: /home/waritt/urosrobotsim_ws/install/imu_interfaces/include/imu_interfaces/imu_interfaces/msg/rosidl_typesupport_fastrtps_c__visibility_control.h
[2.781s] -- Up-to-date: /home/waritt/urosrobotsim_ws/install/imu_interfaces/include/imu_interfaces/imu_interfaces/srv
[2.781s] -- Up-to-date: /home/waritt/urosrobotsim_ws/install/imu_interfaces/include/imu_interfaces/imu_interfaces/srv/detail
[2.781s] -- Installing: /home/waritt/urosrobotsim_ws/install/imu_interfaces/include/imu_interfaces/imu_interfaces/srv/detail/imu_calibration__rosidl_typesupport_fastrtps_c.h
[2.781s] -- Installing: /home/waritt/urosrobotsim_ws/install/imu_interfaces/lib/libimu_interfaces__rosidl_typesupport_fastrtps_c.so
[2.782s] -- Set runtime path of "/home/waritt/urosrobotsim_ws/install/imu_interfaces/lib/libimu_interfaces__rosidl_typesupport_fastrtps_c.so" to ""
[2.782s] -- Up-to-date: /home/waritt/urosrobotsim_ws/install/imu_interfaces/include/imu_interfaces/imu_interfaces
[2.782s] -- Up-to-date: /home/waritt/urosrobotsim_ws/install/imu_interfaces/include/imu_interfaces/imu_interfaces/srv
[2.782s] -- Installing: /home/waritt/urosrobotsim_ws/install/imu_interfaces/include/imu_interfaces/imu_interfaces/srv/imu_calibration.hpp
[2.782s] -- Up-to-date: /home/waritt/urosrobotsim_ws/install/imu_interfaces/include/imu_interfaces/imu_interfaces/srv/detail
[2.782s] -- Installing: /home/waritt/urosrobotsim_ws/install/imu_interfaces/include/imu_interfaces/imu_interfaces/srv/detail/imu_calibration__struct.hpp
[2.782s] -- Installing: /home/waritt/urosrobotsim_ws/install/imu_interfaces/include/imu_interfaces/imu_interfaces/srv/detail/imu_calibration__traits.hpp
[2.782s] -- Installing: /home/waritt/urosrobotsim_ws/install/imu_interfaces/include/imu_interfaces/imu_interfaces/srv/detail/imu_calibration__builder.hpp
[2.782s] -- Up-to-date: /home/waritt/urosrobotsim_ws/install/imu_interfaces/include/imu_interfaces/imu_interfaces
[2.782s] -- Up-to-date: /home/waritt/urosrobotsim_ws/install/imu_interfaces/include/imu_interfaces/imu_interfaces/msg
[2.782s] -- Installing: /home/waritt/urosrobotsim_ws/install/imu_interfaces/include/imu_interfaces/imu_interfaces/msg/rosidl_typesupport_fastrtps_cpp__visibility_control.h
[2.782s] -- Up-to-date: /home/waritt/urosrobotsim_ws/install/imu_interfaces/include/imu_interfaces/imu_interfaces/srv
[2.782s] -- Up-to-date: /home/waritt/urosrobotsim_ws/install/imu_interfaces/include/imu_interfaces/imu_interfaces/srv/detail
[2.782s] -- Installing: /home/waritt/urosrobotsim_ws/install/imu_interfaces/include/imu_interfaces/imu_interfaces/srv/detail/dds_fastrtps
[2.782s] -- Installing: /home/waritt/urosrobotsim_ws/install/imu_interfaces/include/imu_interfaces/imu_interfaces/srv/detail/imu_calibration__rosidl_typesupport_fastrtps_cpp.hpp
[2.782s] -- Installing: /home/waritt/urosrobotsim_ws/install/imu_interfaces/lib/libimu_interfaces__rosidl_typesupport_fastrtps_cpp.so
[2.782s] -- Set runtime path of "/home/waritt/urosrobotsim_ws/install/imu_interfaces/lib/libimu_interfaces__rosidl_typesupport_fastrtps_cpp.so" to ""
[2.782s] -- Up-to-date: /home/waritt/urosrobotsim_ws/install/imu_interfaces/include/imu_interfaces/imu_interfaces
[2.782s] -- Up-to-date: /home/waritt/urosrobotsim_ws/install/imu_interfaces/include/imu_interfaces/imu_interfaces/msg
[2.782s] -- Installing: /home/waritt/urosrobotsim_ws/install/imu_interfaces/include/imu_interfaces/imu_interfaces/msg/rosidl_typesupport_introspection_c__visibility_control.h
[2.782s] -- Up-to-date: /home/waritt/urosrobotsim_ws/install/imu_interfaces/include/imu_interfaces/imu_interfaces/srv
[2.782s] -- Up-to-date: /home/waritt/urosrobotsim_ws/install/imu_interfaces/include/imu_interfaces/imu_interfaces/srv/detail
[2.782s] -- Installing: /home/waritt/urosrobotsim_ws/install/imu_interfaces/include/imu_interfaces/imu_interfaces/srv/detail/imu_calibration__type_support.c
[2.783s] -- Installing: /home/waritt/urosrobotsim_ws/install/imu_interfaces/include/imu_interfaces/imu_interfaces/srv/detail/imu_calibration__rosidl_typesupport_introspection_c.h
[2.783s] -- Installing: /home/waritt/urosrobotsim_ws/install/imu_interfaces/lib/libimu_interfaces__rosidl_typesupport_introspection_c.so
[2.783s] -- Set runtime path of "/home/waritt/urosrobotsim_ws/install/imu_interfaces/lib/libimu_interfaces__rosidl_typesupport_introspection_c.so" to ""
[2.783s] -- Installing: /home/waritt/urosrobotsim_ws/install/imu_interfaces/lib/libimu_interfaces__rosidl_typesupport_c.so
[2.783s] -- Set runtime path of "/home/waritt/urosrobotsim_ws/install/imu_interfaces/lib/libimu_interfaces__rosidl_typesupport_c.so" to ""
[2.783s] -- Up-to-date: /home/waritt/urosrobotsim_ws/install/imu_interfaces/include/imu_interfaces/imu_interfaces
[2.783s] -- Up-to-date: /home/waritt/urosrobotsim_ws/install/imu_interfaces/include/imu_interfaces/imu_interfaces/srv
[2.783s] -- Up-to-date: /home/waritt/urosrobotsim_ws/install/imu_interfaces/include/imu_interfaces/imu_interfaces/srv/detail
[2.783s] -- Installing: /home/waritt/urosrobotsim_ws/install/imu_interfaces/include/imu_interfaces/imu_interfaces/srv/detail/imu_calibration__type_support.cpp
[2.783s] -- Installing: /home/waritt/urosrobotsim_ws/install/imu_interfaces/include/imu_interfaces/imu_interfaces/srv/detail/imu_calibration__rosidl_typesupport_introspection_cpp.hpp
[2.783s] -- Installing: /home/waritt/urosrobotsim_ws/install/imu_interfaces/lib/libimu_interfaces__rosidl_typesupport_introspection_cpp.so
[2.783s] -- Set runtime path of "/home/waritt/urosrobotsim_ws/install/imu_interfaces/lib/libimu_interfaces__rosidl_typesupport_introspection_cpp.so" to ""
[2.783s] -- Installing: /home/waritt/urosrobotsim_ws/install/imu_interfaces/lib/libimu_interfaces__rosidl_typesupport_cpp.so
[2.783s] -- Set runtime path of "/home/waritt/urosrobotsim_ws/install/imu_interfaces/lib/libimu_interfaces__rosidl_typesupport_cpp.so" to ""
[2.783s] -- Installing: /home/waritt/urosrobotsim_ws/install/imu_interfaces/share/imu_interfaces/environment/pythonpath.sh
[2.783s] -- Installing: /home/waritt/urosrobotsim_ws/install/imu_interfaces/share/imu_interfaces/environment/pythonpath.dsv
[2.784s] -- Installing: /home/waritt/urosrobotsim_ws/install/imu_interfaces/local/lib/python3.10/dist-packages/imu_interfaces-0.0.0-py3.10.egg-info
[2.784s] -- Installing: /home/waritt/urosrobotsim_ws/install/imu_interfaces/local/lib/python3.10/dist-packages/imu_interfaces-0.0.0-py3.10.egg-info/SOURCES.txt
[2.784s] -- Installing: /home/waritt/urosrobotsim_ws/install/imu_interfaces/local/lib/python3.10/dist-packages/imu_interfaces-0.0.0-py3.10.egg-info/top_level.txt
[2.784s] -- Installing: /home/waritt/urosrobotsim_ws/install/imu_interfaces/local/lib/python3.10/dist-packages/imu_interfaces-0.0.0-py3.10.egg-info/PKG-INFO
[2.784s] -- Installing: /home/waritt/urosrobotsim_ws/install/imu_interfaces/local/lib/python3.10/dist-packages/imu_interfaces-0.0.0-py3.10.egg-info/dependency_links.txt
[2.784s] -- Installing: /home/waritt/urosrobotsim_ws/install/imu_interfaces/local/lib/python3.10/dist-packages/imu_interfaces
[2.784s] -- Installing: /home/waritt/urosrobotsim_ws/install/imu_interfaces/local/lib/python3.10/dist-packages/imu_interfaces/libimu_interfaces__rosidl_generator_py.so
[2.784s] -- Installing: /home/waritt/urosrobotsim_ws/install/imu_interfaces/local/lib/python3.10/dist-packages/imu_interfaces/imu_interfaces_s__rosidl_typesupport_c.cpython-310-x86_64-linux-gnu.so
[2.784s] -- Installing: /home/waritt/urosrobotsim_ws/install/imu_interfaces/local/lib/python3.10/dist-packages/imu_interfaces/imu_interfaces_s__rosidl_typesupport_fastrtps_c.cpython-310-x86_64-linux-gnu.so
[2.784s] -- Installing: /home/waritt/urosrobotsim_ws/install/imu_interfaces/local/lib/python3.10/dist-packages/imu_interfaces/__init__.py
[2.784s] -- Installing: /home/waritt/urosrobotsim_ws/install/imu_interfaces/local/lib/python3.10/dist-packages/imu_interfaces/_imu_interfaces_s.ep.rosidl_typesupport_c.c
[2.784s] -- Installing: /home/waritt/urosrobotsim_ws/install/imu_interfaces/local/lib/python3.10/dist-packages/imu_interfaces/_imu_interfaces_s.ep.rosidl_typesupport_introspection_c.c
[2.784s] -- Installing: /home/waritt/urosrobotsim_ws/install/imu_interfaces/local/lib/python3.10/dist-packages/imu_interfaces/imu_interfaces_s__rosidl_typesupport_introspection_c.cpython-310-x86_64-linux-gnu.so
[2.784s] -- Installing: /home/waritt/urosrobotsim_ws/install/imu_interfaces/local/lib/python3.10/dist-packages/imu_interfaces/_imu_interfaces_s.ep.rosidl_typesupport_fastrtps_c.c
[2.785s] -- Installing: /home/waritt/urosrobotsim_ws/install/imu_interfaces/local/lib/python3.10/dist-packages/imu_interfaces/srv
[2.785s] -- Installing: /home/waritt/urosrobotsim_ws/install/imu_interfaces/local/lib/python3.10/dist-packages/imu_interfaces/srv/__init__.py
[2.785s] -- Installing: /home/waritt/urosrobotsim_ws/install/imu_interfaces/local/lib/python3.10/dist-packages/imu_interfaces/srv/_imu_calibration_s.c
[2.785s] -- Installing: /home/waritt/urosrobotsim_ws/install/imu_interfaces/local/lib/python3.10/dist-packages/imu_interfaces/srv/_imu_calibration.py
[2.811s] Listing '/home/waritt/urosrobotsim_ws/install/imu_interfaces/local/lib/python3.10/dist-packages/imu_interfaces'...
[2.811s] Compiling '/home/waritt/urosrobotsim_ws/install/imu_interfaces/local/lib/python3.10/dist-packages/imu_interfaces/__init__.py'...
[2.811s] Listing '/home/waritt/urosrobotsim_ws/install/imu_interfaces/local/lib/python3.10/dist-packages/imu_interfaces/srv'...
[2.811s] Compiling '/home/waritt/urosrobotsim_ws/install/imu_interfaces/local/lib/python3.10/dist-packages/imu_interfaces/srv/__init__.py'...
[2.811s] Compiling '/home/waritt/urosrobotsim_ws/install/imu_interfaces/local/lib/python3.10/dist-packages/imu_interfaces/srv/_imu_calibration.py'...
[2.814s] -- Installing: /home/waritt/urosrobotsim_ws/install/imu_interfaces/local/lib/python3.10/dist-packages/imu_interfaces/imu_interfaces_s__rosidl_typesupport_fastrtps_c.cpython-310-x86_64-linux-gnu.so
[2.814s] -- Set runtime path of "/home/waritt/urosrobotsim_ws/install/imu_interfaces/local/lib/python3.10/dist-packages/imu_interfaces/imu_interfaces_s__rosidl_typesupport_fastrtps_c.cpython-310-x86_64-linux-gnu.so" to ""
[2.814s] -- Installing: /home/waritt/urosrobotsim_ws/install/imu_interfaces/local/lib/python3.10/dist-packages/imu_interfaces/imu_interfaces_s__rosidl_typesupport_introspection_c.cpython-310-x86_64-linux-gnu.so
[2.814s] -- Set runtime path of "/home/waritt/urosrobotsim_ws/install/imu_interfaces/local/lib/python3.10/dist-packages/imu_interfaces/imu_interfaces_s__rosidl_typesupport_introspection_c.cpython-310-x86_64-linux-gnu.so" to ""
[2.814s] -- Installing: /home/waritt/urosrobotsim_ws/install/imu_interfaces/local/lib/python3.10/dist-packages/imu_interfaces/imu_interfaces_s__rosidl_typesupport_c.cpython-310-x86_64-linux-gnu.so
[2.814s] -- Set runtime path of "/home/waritt/urosrobotsim_ws/install/imu_interfaces/local/lib/python3.10/dist-packages/imu_interfaces/imu_interfaces_s__rosidl_typesupport_c.cpython-310-x86_64-linux-gnu.so" to ""
[2.814s] -- Installing: /home/waritt/urosrobotsim_ws/install/imu_interfaces/lib/libimu_interfaces__rosidl_generator_py.so
[2.814s] -- Set runtime path of "/home/waritt/urosrobotsim_ws/install/imu_interfaces/lib/libimu_interfaces__rosidl_generator_py.so" to ""
[2.815s] -- Installing: /home/waritt/urosrobotsim_ws/install/imu_interfaces/share/imu_interfaces/srv/ImuCalibration.idl
[2.815s] -- Installing: /home/waritt/urosrobotsim_ws/install/imu_interfaces/share/imu_interfaces/srv/ImuCalibration.srv
[2.815s] -- Installing: /home/waritt/urosrobotsim_ws/install/imu_interfaces/share/imu_interfaces/srv/ImuCalibration_Request.msg
[2.815s] -- Installing: /home/waritt/urosrobotsim_ws/install/imu_interfaces/share/imu_interfaces/srv/ImuCalibration_Response.msg
[2.815s] -- Installing: /home/waritt/urosrobotsim_ws/install/imu_interfaces/share/ament_index/resource_index/package_run_dependencies/imu_interfaces
[2.815s] -- Installing: /home/waritt/urosrobotsim_ws/install/imu_interfaces/share/ament_index/resource_index/parent_prefix_path/imu_interfaces
[2.815s] -- Installing: /home/waritt/urosrobotsim_ws/install/imu_interfaces/share/imu_interfaces/environment/ament_prefix_path.sh
[2.815s] -- Installing: /home/waritt/urosrobotsim_ws/install/imu_interfaces/share/imu_interfaces/environment/ament_prefix_path.dsv
[2.815s] -- Installing: /home/waritt/urosrobotsim_ws/install/imu_interfaces/share/imu_interfaces/environment/path.sh
[2.815s] -- Installing: /home/waritt/urosrobotsim_ws/install/imu_interfaces/share/imu_interfaces/environment/path.dsv
[2.815s] -- Installing: /home/waritt/urosrobotsim_ws/install/imu_interfaces/share/imu_interfaces/local_setup.bash
[2.815s] -- Installing: /home/waritt/urosrobotsim_ws/install/imu_interfaces/share/imu_interfaces/local_setup.sh
[2.815s] -- Installing: /home/waritt/urosrobotsim_ws/install/imu_interfaces/share/imu_interfaces/local_setup.zsh
[2.815s] -- Installing: /home/waritt/urosrobotsim_ws/install/imu_interfaces/share/imu_interfaces/local_setup.dsv
[2.815s] -- Installing: /home/waritt/urosrobotsim_ws/install/imu_interfaces/share/imu_interfaces/package.dsv
[2.815s] -- Installing: /home/waritt/urosrobotsim_ws/install/imu_interfaces/share/ament_index/resource_index/packages/imu_interfaces
[2.815s] -- Installing: /home/waritt/urosrobotsim_ws/install/imu_interfaces/share/imu_interfaces/cmake/export_imu_interfaces__rosidl_generator_cExport.cmake
[2.816s] -- Installing: /home/waritt/urosrobotsim_ws/install/imu_interfaces/share/imu_interfaces/cmake/export_imu_interfaces__rosidl_generator_cExport-noconfig.cmake
[2.816s] -- Installing: /home/waritt/urosrobotsim_ws/install/imu_interfaces/share/imu_interfaces/cmake/export_imu_interfaces__rosidl_typesupport_fastrtps_cExport.cmake
[2.816s] -- Installing: /home/waritt/urosrobotsim_ws/install/imu_interfaces/share/imu_interfaces/cmake/export_imu_interfaces__rosidl_typesupport_fastrtps_cExport-noconfig.cmake
[2.816s] -- Installing: /home/waritt/urosrobotsim_ws/install/imu_interfaces/share/imu_interfaces/cmake/export_imu_interfaces__rosidl_generator_cppExport.cmake
[2.816s] -- Installing: /home/waritt/urosrobotsim_ws/install/imu_interfaces/share/imu_interfaces/cmake/export_imu_interfaces__rosidl_typesupport_fastrtps_cppExport.cmake
[2.816s] -- Installing: /home/waritt/urosrobotsim_ws/install/imu_interfaces/share/imu_interfaces/cmake/export_imu_interfaces__rosidl_typesupport_fastrtps_cppExport-noconfig.cmake
[2.816s] -- Installing: /home/waritt/urosrobotsim_ws/install/imu_interfaces/share/imu_interfaces/cmake/imu_interfaces__rosidl_typesupport_introspection_cExport.cmake
[2.816s] -- Installing: /home/waritt/urosrobotsim_ws/install/imu_interfaces/share/imu_interfaces/cmake/imu_interfaces__rosidl_typesupport_introspection_cExport-noconfig.cmake
[2.816s] -- Installing: /home/waritt/urosrobotsim_ws/install/imu_interfaces/share/imu_interfaces/cmake/imu_interfaces__rosidl_typesupport_cExport.cmake
[2.816s] -- Installing: /home/waritt/urosrobotsim_ws/install/imu_interfaces/share/imu_interfaces/cmake/imu_interfaces__rosidl_typesupport_cExport-noconfig.cmake
[2.816s] -- Installing: /home/waritt/urosrobotsim_ws/install/imu_interfaces/share/imu_interfaces/cmake/imu_interfaces__rosidl_typesupport_introspection_cppExport.cmake
[2.816s] -- Installing: /home/waritt/urosrobotsim_ws/install/imu_interfaces/share/imu_interfaces/cmake/imu_interfaces__rosidl_typesupport_introspection_cppExport-noconfig.cmake
[2.816s] -- Installing: /home/waritt/urosrobotsim_ws/install/imu_interfaces/share/imu_interfaces/cmake/imu_interfaces__rosidl_typesupport_cppExport.cmake
[2.816s] -- Installing: /home/waritt/urosrobotsim_ws/install/imu_interfaces/share/imu_interfaces/cmake/imu_interfaces__rosidl_typesupport_cppExport-noconfig.cmake
[2.816s] -- Installing: /home/waritt/urosrobotsim_ws/install/imu_interfaces/share/imu_interfaces/cmake/export_imu_interfaces__rosidl_generator_pyExport.cmake
[2.817s] -- Installing: /home/waritt/urosrobotsim_ws/install/imu_interfaces/share/imu_interfaces/cmake/export_imu_interfaces__rosidl_generator_pyExport-noconfig.cmake
[2.817s] -- Installing: /home/waritt/urosrobotsim_ws/install/imu_interfaces/share/imu_interfaces/cmake/rosidl_cmake-extras.cmake
[2.817s] -- Installing: /home/waritt/urosrobotsim_ws/install/imu_interfaces/share/imu_interfaces/cmake/ament_cmake_export_dependencies-extras.cmake
[2.817s] -- Installing: /home/waritt/urosrobotsim_ws/install/imu_interfaces/share/imu_interfaces/cmake/ament_cmake_export_include_directories-extras.cmake
[2.817s] -- Installing: /home/waritt/urosrobotsim_ws/install/imu_interfaces/share/imu_interfaces/cmake/ament_cmake_export_libraries-extras.cmake
[2.817s] -- Installing: /home/waritt/urosrobotsim_ws/install/imu_interfaces/share/imu_interfaces/cmake/ament_cmake_export_targets-extras.cmake
[2.817s] -- Installing: /home/waritt/urosrobotsim_ws/install/imu_interfaces/share/imu_interfaces/cmake/rosidl_cmake_export_typesupport_targets-extras.cmake
[2.817s] -- Installing: /home/waritt/urosrobotsim_ws/install/imu_interfaces/share/imu_interfaces/cmake/rosidl_cmake_export_typesupport_libraries-extras.cmake
[2.817s] -- Installing: /home/waritt/urosrobotsim_ws/install/imu_interfaces/share/imu_interfaces/cmake/imu_interfacesConfig.cmake
[2.817s] -- Installing: /home/waritt/urosrobotsim_ws/install/imu_interfaces/share/imu_interfaces/cmake/imu_interfacesConfig-version.cmake
[2.817s] -- Installing: /home/waritt/urosrobotsim_ws/install/imu_interfaces/share/imu_interfaces/package.xml
[2.819s] Invoked command in '/home/waritt/urosrobotsim_ws/build/imu_interfaces' returned '0': CMAKE_PREFIX_PATH=${CMAKE_PREFIX_PATH}:/opt/ros/humble /usr/bin/cmake --install /home/waritt/urosrobotsim_ws/build/imu_interfaces
