[0.008s] Invoking command in '/home/waritt/urosrobotsim_ws/build/calibrate_imu': CMAKE_PREFIX_PATH=${CMAKE_PREFIX_PATH}:/opt/ros/humble /usr/bin/cmake /home/waritt/urosrobotsim_ws/src/calibrate_imu -DCMAKE_INSTALL_PREFIX=/home/waritt/urosrobotsim_ws/install/calibrate_imu
[0.044s] -- The C compiler identification is GNU 11.4.0
[0.079s] -- The CXX compiler identification is GNU 11.4.0
[0.083s] -- Detecting C compiler ABI info
[0.128s] -- Detecting C compiler ABI info - done
[0.133s] -- Check for working C compiler: /usr/bin/cc - skipped
[0.133s] -- Detecting C compile features
[0.133s] -- Detecting C compile features - done
[0.135s] -- Detecting CXX compiler ABI info
[0.187s] -- Detecting CXX compiler ABI info - done
[0.192s] -- Check for working CXX compiler: /usr/bin/c++ - skipped
[0.192s] -- Detecting CXX compile features
[0.192s] -- Detecting CXX compile features - done
[0.194s] -- Found ament_cmake: 1.3.10 (/opt/ros/humble/share/ament_cmake/cmake)
[0.304s] -- Found Python3: /usr/bin/python3 (found version "3.10.12") found components: Interpreter 
[0.382s] -- Found rclcpp: 16.0.10 (/opt/ros/humble/share/rclcpp/cmake)
[0.419s] -- Found rosidl_generator_c: 3.1.5 (/opt/ros/humble/share/rosidl_generator_c/cmake)
[0.424s] -- Found rosidl_adapter: 3.1.5 (/opt/ros/humble/share/rosidl_adapter/cmake)
[0.431s] -- Found rosidl_generator_cpp: 3.1.5 (/opt/ros/humble/share/rosidl_generator_cpp/cmake)
[0.440s] -- Using all available rosidl_typesupport_c: rosidl_typesupport_fastrtps_c;rosidl_typesupport_introspection_c
[0.453s] -- Using all available rosidl_typesupport_cpp: rosidl_typesupport_fastrtps_cpp;rosidl_typesupport_introspection_cpp
[0.494s] -- Found rmw_implementation_cmake: 6.1.2 (/opt/ros/humble/share/rmw_implementation_cmake/cmake)
[0.497s] -- Found rmw_fastrtps_cpp: 6.2.7 (/opt/ros/humble/share/rmw_fastrtps_cpp/cmake)
[0.559s] -- Found OpenSSL: /usr/lib/x86_64-linux-gnu/libcrypto.so (found version "3.0.2")  
[0.581s] -- Found FastRTPS: /opt/ros/humble/include  
[0.609s] -- Using RMW implementation 'rmw_fastrtps_cpp' as default
[0.618s] -- Looking for pthread.h
[0.684s] -- Looking for pthread.h - found
[0.684s] -- Performing Test CMAKE_HAVE_LIBC_PTHREAD
[0.753s] -- Performing Test CMAKE_HAVE_LIBC_PTHREAD - Success
[0.754s] -- Found Threads: TRUE  
[0.801s] -- Found rclpy: 3.3.14 (/opt/ros/humble/share/rclpy/cmake)
[0.907s] -- Configuring done
[0.912s] -- Generating done
[0.913s] -- Build files have been written to: /home/waritt/urosrobotsim_ws/build/calibrate_imu
[0.920s] Invoked command in '/home/waritt/urosrobotsim_ws/build/calibrate_imu' returned '0': CMAKE_PREFIX_PATH=${CMAKE_PREFIX_PATH}:/opt/ros/humble /usr/bin/cmake /home/waritt/urosrobotsim_ws/src/calibrate_imu -DCMAKE_INSTALL_PREFIX=/home/waritt/urosrobotsim_ws/install/calibrate_imu
[0.921s] Invoking command in '/home/waritt/urosrobotsim_ws/build/calibrate_imu': CMAKE_PREFIX_PATH=${CMAKE_PREFIX_PATH}:/opt/ros/humble /usr/bin/cmake --build /home/waritt/urosrobotsim_ws/build/calibrate_imu -- -j16 -l16
[0.976s] [ 50%] [32mBuilding CXX object CMakeFiles/cpp_node_test.dir/src/cpp_node.cpp.o[0m
[0.984s] [ 50%] Built target ament_cmake_python_copy_calibrate_imu
[1.145s] [100%] [32m[1mLinking CXX executable cpp_node_test[0m
[1.148s] running egg_info
[1.148s] creating calibrate_imu.egg-info
[1.148s] writing calibrate_imu.egg-info/PKG-INFO
[1.148s] writing dependency_links to calibrate_imu.egg-info/dependency_links.txt
[1.148s] writing top-level names to calibrate_imu.egg-info/top_level.txt
[1.148s] writing manifest file 'calibrate_imu.egg-info/SOURCES.txt'
[1.150s] reading manifest file 'calibrate_imu.egg-info/SOURCES.txt'
[1.150s] writing manifest file 'calibrate_imu.egg-info/SOURCES.txt'
[1.167s] [100%] Built target ament_cmake_python_build_calibrate_imu_egg
[1.205s] [100%] Built target cpp_node_test
[1.212s] Invoked command in '/home/waritt/urosrobotsim_ws/build/calibrate_imu' returned '0': CMAKE_PREFIX_PATH=${CMAKE_PREFIX_PATH}:/opt/ros/humble /usr/bin/cmake --build /home/waritt/urosrobotsim_ws/build/calibrate_imu -- -j16 -l16
[1.249s] Invoking command in '/home/waritt/urosrobotsim_ws/build/calibrate_imu': CMAKE_PREFIX_PATH=${CMAKE_PREFIX_PATH}:/opt/ros/humble /usr/bin/cmake --install /home/waritt/urosrobotsim_ws/build/calibrate_imu
[1.257s] -- Install configuration: ""
[1.257s] -- Installing: /home/waritt/urosrobotsim_ws/install/calibrate_imu/share/calibrate_imu/environment/pythonpath.sh
[1.257s] -- Installing: /home/waritt/urosrobotsim_ws/install/calibrate_imu/share/calibrate_imu/environment/pythonpath.dsv
[1.257s] -- Installing: /home/waritt/urosrobotsim_ws/install/calibrate_imu/local/lib/python3.10/dist-packages/calibrate_imu-0.0.0-py3.10.egg-info
[1.257s] -- Installing: /home/waritt/urosrobotsim_ws/install/calibrate_imu/local/lib/python3.10/dist-packages/calibrate_imu-0.0.0-py3.10.egg-info/SOURCES.txt
[1.257s] -- Installing: /home/waritt/urosrobotsim_ws/install/calibrate_imu/local/lib/python3.10/dist-packages/calibrate_imu-0.0.0-py3.10.egg-info/top_level.txt
[1.257s] -- Installing: /home/waritt/urosrobotsim_ws/install/calibrate_imu/local/lib/python3.10/dist-packages/calibrate_imu-0.0.0-py3.10.egg-info/PKG-INFO
[1.257s] -- Installing: /home/waritt/urosrobotsim_ws/install/calibrate_imu/local/lib/python3.10/dist-packages/calibrate_imu-0.0.0-py3.10.egg-info/dependency_links.txt
[1.257s] -- Installing: /home/waritt/urosrobotsim_ws/install/calibrate_imu/local/lib/python3.10/dist-packages/calibrate_imu
[1.257s] -- Installing: /home/waritt/urosrobotsim_ws/install/calibrate_imu/local/lib/python3.10/dist-packages/calibrate_imu/__init__.py
[1.257s] -- Installing: /home/waritt/urosrobotsim_ws/install/calibrate_imu/local/lib/python3.10/dist-packages/calibrate_imu/dummy_module.py
[1.284s] Listing '/home/waritt/urosrobotsim_ws/install/calibrate_imu/local/lib/python3.10/dist-packages/calibrate_imu'...
[1.284s] Compiling '/home/waritt/urosrobotsim_ws/install/calibrate_imu/local/lib/python3.10/dist-packages/calibrate_imu/__init__.py'...
[1.284s] Compiling '/home/waritt/urosrobotsim_ws/install/calibrate_imu/local/lib/python3.10/dist-packages/calibrate_imu/dummy_module.py'...
[1.287s] -- Installing: /home/waritt/urosrobotsim_ws/install/calibrate_imu/lib/calibrate_imu/dummy_script.py
[1.287s] -- Installing: /home/waritt/urosrobotsim_ws/install/calibrate_imu/lib/calibrate_imu/cpp_node_test
[1.287s] -- Set runtime path of "/home/waritt/urosrobotsim_ws/install/calibrate_imu/lib/calibrate_imu/cpp_node_test" to ""
[1.287s] -- Up-to-date: /home/waritt/urosrobotsim_ws/install/calibrate_imu/share/calibrate_imu
[1.287s] -- Installing: /home/waritt/urosrobotsim_ws/install/calibrate_imu/share/ament_index/resource_index/package_run_dependencies/calibrate_imu
[1.287s] -- Installing: /home/waritt/urosrobotsim_ws/install/calibrate_imu/share/ament_index/resource_index/parent_prefix_path/calibrate_imu
[1.287s] -- Installing: /home/waritt/urosrobotsim_ws/install/calibrate_imu/share/calibrate_imu/environment/ament_prefix_path.sh
[1.287s] -- Installing: /home/waritt/urosrobotsim_ws/install/calibrate_imu/share/calibrate_imu/environment/ament_prefix_path.dsv
[1.287s] -- Installing: /home/waritt/urosrobotsim_ws/install/calibrate_imu/share/calibrate_imu/environment/path.sh
[1.287s] -- Installing: /home/waritt/urosrobotsim_ws/install/calibrate_imu/share/calibrate_imu/environment/path.dsv
[1.287s] -- Installing: /home/waritt/urosrobotsim_ws/install/calibrate_imu/share/calibrate_imu/local_setup.bash
[1.287s] -- Installing: /home/waritt/urosrobotsim_ws/install/calibrate_imu/share/calibrate_imu/local_setup.sh
[1.287s] -- Installing: /home/waritt/urosrobotsim_ws/install/calibrate_imu/share/calibrate_imu/local_setup.zsh
[1.287s] -- Installing: /home/waritt/urosrobotsim_ws/install/calibrate_imu/share/calibrate_imu/local_setup.dsv
[1.287s] -- Installing: /home/waritt/urosrobotsim_ws/install/calibrate_imu/share/calibrate_imu/package.dsv
[1.287s] -- Installing: /home/waritt/urosrobotsim_ws/install/calibrate_imu/share/ament_index/resource_index/packages/calibrate_imu
[1.287s] -- Installing: /home/waritt/urosrobotsim_ws/install/calibrate_imu/share/calibrate_imu/cmake/calibrate_imuConfig.cmake
[1.287s] -- Installing: /home/waritt/urosrobotsim_ws/install/calibrate_imu/share/calibrate_imu/cmake/calibrate_imuConfig-version.cmake
[1.288s] -- Installing: /home/waritt/urosrobotsim_ws/install/calibrate_imu/share/calibrate_imu/package.xml
[1.289s] Invoked command in '/home/waritt/urosrobotsim_ws/build/calibrate_imu' returned '0': CMAKE_PREFIX_PATH=${CMAKE_PREFIX_PATH}:/opt/ros/humble /usr/bin/cmake --install /home/waritt/urosrobotsim_ws/build/calibrate_imu
