[35m[1mConsolidate compiler generated dependencies of target imu_interfaces__rosidl_generator_c[0m
[  3%] Built target imu_interfaces__cpp
[ 12%] Built target imu_interfaces__rosidl_generator_c
[ 12%] Built target ament_cmake_python_copy_imu_interfaces
[35m[1mConsolidate compiler generated dependencies of target imu_interfaces__rosidl_typesupport_fastrtps_cpp[0m
[35m[1mConsolidate compiler generated dependencies of target imu_interfaces__rosidl_typesupport_introspection_c[0m
[35m[1mConsolidate compiler generated dependencies of target imu_interfaces__rosidl_typesupport_cpp[0m
[35m[1mConsolidate compiler generated dependencies of target imu_interfaces__rosidl_typesupport_introspection_cpp[0m
[35m[1mConsolidate compiler generated dependencies of target imu_interfaces__rosidl_typesupport_fastrtps_c[0m
[35m[1mConsolidate compiler generated dependencies of target imu_interfaces__rosidl_typesupport_c[0m
[ 22%] Built target imu_interfaces__rosidl_typesupport_fastrtps_cpp
[ 32%] Built target imu_interfaces__rosidl_typesupport_c
[ 41%] Built target imu_interfaces__rosidl_typesupport_introspection_c
[ 51%] Built target imu_interfaces__rosidl_typesupport_fastrtps_c
[ 61%] Built target imu_interfaces__rosidl_typesupport_cpp
[ 70%] Built target imu_interfaces__rosidl_typesupport_introspection_cpp
[ 70%] Built target imu_interfaces
[ 74%] Built target imu_interfaces__py
[35m[1mConsolidate compiler generated dependencies of target imu_interfaces__rosidl_generator_py[0m
[ 80%] Built target imu_interfaces__rosidl_generator_py
[35m[1mConsolidate compiler generated dependencies of target imu_interfaces__rosidl_typesupport_fastrtps_c__pyext[0m
[35m[1mConsolidate compiler generated dependencies of target imu_interfaces__rosidl_typesupport_c__pyext[0m
[35m[1mConsolidate compiler generated dependencies of target imu_interfaces__rosidl_typesupport_introspection_c__pyext[0m
[ 93%] Built target imu_interfaces__rosidl_typesupport_introspection_c__pyext
[ 93%] Built target imu_interfaces__rosidl_typesupport_c__pyext
[100%] Built target imu_interfaces__rosidl_typesupport_fastrtps_c__pyext
running egg_info
writing imu_interfaces.egg-info/PKG-INFO
writing dependency_links to imu_interfaces.egg-info/dependency_links.txt
writing top-level names to imu_interfaces.egg-info/top_level.txt
reading manifest file 'imu_interfaces.egg-info/SOURCES.txt'
writing manifest file 'imu_interfaces.egg-info/SOURCES.txt'
[100%] Built target ament_cmake_python_build_imu_interfaces_egg
-- Install configuration: ""
-- Up-to-date: /home/waritt/urosrobotsim_ws/install/imu_interfaces/share/ament_index/resource_index/rosidl_interfaces/imu_interfaces
-- Up-to-date: /home/waritt/urosrobotsim_ws/install/imu_interfaces/include/imu_interfaces/imu_interfaces
-- Up-to-date: /home/waritt/urosrobotsim_ws/install/imu_interfaces/include/imu_interfaces/imu_interfaces/msg
-- Up-to-date: /home/waritt/urosrobotsim_ws/install/imu_interfaces/include/imu_interfaces/imu_interfaces/msg/rosidl_generator_c__visibility_control.h
-- Up-to-date: /home/waritt/urosrobotsim_ws/install/imu_interfaces/include/imu_interfaces/imu_interfaces/srv
-- Up-to-date: /home/waritt/urosrobotsim_ws/install/imu_interfaces/include/imu_interfaces/imu_interfaces/srv/imu_calibration.h
-- Up-to-date: /home/waritt/urosrobotsim_ws/install/imu_interfaces/include/imu_interfaces/imu_interfaces/srv/detail
-- Up-to-date: /home/waritt/urosrobotsim_ws/install/imu_interfaces/include/imu_interfaces/imu_interfaces/srv/detail/imu_calibration__functions.h
-- Up-to-date: /home/waritt/urosrobotsim_ws/install/imu_interfaces/include/imu_interfaces/imu_interfaces/srv/detail/imu_calibration__type_support.h
-- Up-to-date: /home/waritt/urosrobotsim_ws/install/imu_interfaces/include/imu_interfaces/imu_interfaces/srv/detail/imu_calibration__struct.h
-- Up-to-date: /home/waritt/urosrobotsim_ws/install/imu_interfaces/include/imu_interfaces/imu_interfaces/srv/detail/imu_calibration__functions.c
-- Up-to-date: /home/waritt/urosrobotsim_ws/install/imu_interfaces/share/imu_interfaces/environment/library_path.sh
-- Up-to-date: /home/waritt/urosrobotsim_ws/install/imu_interfaces/share/imu_interfaces/environment/library_path.dsv
-- Up-to-date: /home/waritt/urosrobotsim_ws/install/imu_interfaces/lib/libimu_interfaces__rosidl_generator_c.so
-- Up-to-date: /home/waritt/urosrobotsim_ws/install/imu_interfaces/include/imu_interfaces/imu_interfaces
-- Up-to-date: /home/waritt/urosrobotsim_ws/install/imu_interfaces/include/imu_interfaces/imu_interfaces/msg
-- Up-to-date: /home/waritt/urosrobotsim_ws/install/imu_interfaces/include/imu_interfaces/imu_interfaces/msg/rosidl_typesupport_fastrtps_c__visibility_control.h
-- Up-to-date: /home/waritt/urosrobotsim_ws/install/imu_interfaces/include/imu_interfaces/imu_interfaces/srv
-- Up-to-date: /home/waritt/urosrobotsim_ws/install/imu_interfaces/include/imu_interfaces/imu_interfaces/srv/detail
-- Up-to-date: /home/waritt/urosrobotsim_ws/install/imu_interfaces/include/imu_interfaces/imu_interfaces/srv/detail/imu_calibration__rosidl_typesupport_fastrtps_c.h
-- Up-to-date: /home/waritt/urosrobotsim_ws/install/imu_interfaces/lib/libimu_interfaces__rosidl_typesupport_fastrtps_c.so
-- Up-to-date: /home/waritt/urosrobotsim_ws/install/imu_interfaces/include/imu_interfaces/imu_interfaces
-- Up-to-date: /home/waritt/urosrobotsim_ws/install/imu_interfaces/include/imu_interfaces/imu_interfaces/srv
-- Up-to-date: /home/waritt/urosrobotsim_ws/install/imu_interfaces/include/imu_interfaces/imu_interfaces/srv/imu_calibration.hpp
-- Up-to-date: /home/waritt/urosrobotsim_ws/install/imu_interfaces/include/imu_interfaces/imu_interfaces/srv/detail
-- Up-to-date: /home/waritt/urosrobotsim_ws/install/imu_interfaces/include/imu_interfaces/imu_interfaces/srv/detail/imu_calibration__struct.hpp
-- Up-to-date: /home/waritt/urosrobotsim_ws/install/imu_interfaces/include/imu_interfaces/imu_interfaces/srv/detail/imu_calibration__traits.hpp
-- Up-to-date: /home/waritt/urosrobotsim_ws/install/imu_interfaces/include/imu_interfaces/imu_interfaces/srv/detail/imu_calibration__builder.hpp
-- Up-to-date: /home/waritt/urosrobotsim_ws/install/imu_interfaces/include/imu_interfaces/imu_interfaces
-- Up-to-date: /home/waritt/urosrobotsim_ws/install/imu_interfaces/include/imu_interfaces/imu_interfaces/msg
-- Up-to-date: /home/waritt/urosrobotsim_ws/install/imu_interfaces/include/imu_interfaces/imu_interfaces/msg/rosidl_typesupport_fastrtps_cpp__visibility_control.h
-- Up-to-date: /home/waritt/urosrobotsim_ws/install/imu_interfaces/include/imu_interfaces/imu_interfaces/srv
-- Up-to-date: /home/waritt/urosrobotsim_ws/install/imu_interfaces/include/imu_interfaces/imu_interfaces/srv/detail
-- Up-to-date: /home/waritt/urosrobotsim_ws/install/imu_interfaces/include/imu_interfaces/imu_interfaces/srv/detail/dds_fastrtps
-- Up-to-date: /home/waritt/urosrobotsim_ws/install/imu_interfaces/include/imu_interfaces/imu_interfaces/srv/detail/imu_calibration__rosidl_typesupport_fastrtps_cpp.hpp
-- Up-to-date: /home/waritt/urosrobotsim_ws/install/imu_interfaces/lib/libimu_interfaces__rosidl_typesupport_fastrtps_cpp.so
-- Up-to-date: /home/waritt/urosrobotsim_ws/install/imu_interfaces/include/imu_interfaces/imu_interfaces
-- Up-to-date: /home/waritt/urosrobotsim_ws/install/imu_interfaces/include/imu_interfaces/imu_interfaces/msg
-- Up-to-date: /home/waritt/urosrobotsim_ws/install/imu_interfaces/include/imu_interfaces/imu_interfaces/msg/rosidl_typesupport_introspection_c__visibility_control.h
-- Up-to-date: /home/waritt/urosrobotsim_ws/install/imu_interfaces/include/imu_interfaces/imu_interfaces/srv
-- Up-to-date: /home/waritt/urosrobotsim_ws/install/imu_interfaces/include/imu_interfaces/imu_interfaces/srv/detail
-- Up-to-date: /home/waritt/urosrobotsim_ws/install/imu_interfaces/include/imu_interfaces/imu_interfaces/srv/detail/imu_calibration__type_support.c
-- Up-to-date: /home/waritt/urosrobotsim_ws/install/imu_interfaces/include/imu_interfaces/imu_interfaces/srv/detail/imu_calibration__rosidl_typesupport_introspection_c.h
-- Up-to-date: /home/waritt/urosrobotsim_ws/install/imu_interfaces/lib/libimu_interfaces__rosidl_typesupport_introspection_c.so
-- Up-to-date: /home/waritt/urosrobotsim_ws/install/imu_interfaces/lib/libimu_interfaces__rosidl_typesupport_c.so
-- Up-to-date: /home/waritt/urosrobotsim_ws/install/imu_interfaces/include/imu_interfaces/imu_interfaces
-- Up-to-date: /home/waritt/urosrobotsim_ws/install/imu_interfaces/include/imu_interfaces/imu_interfaces/srv
-- Up-to-date: /home/waritt/urosrobotsim_ws/install/imu_interfaces/include/imu_interfaces/imu_interfaces/srv/detail
-- Up-to-date: /home/waritt/urosrobotsim_ws/install/imu_interfaces/include/imu_interfaces/imu_interfaces/srv/detail/imu_calibration__type_support.cpp
-- Up-to-date: /home/waritt/urosrobotsim_ws/install/imu_interfaces/include/imu_interfaces/imu_interfaces/srv/detail/imu_calibration__rosidl_typesupport_introspection_cpp.hpp
-- Up-to-date: /home/waritt/urosrobotsim_ws/install/imu_interfaces/lib/libimu_interfaces__rosidl_typesupport_introspection_cpp.so
-- Up-to-date: /home/waritt/urosrobotsim_ws/install/imu_interfaces/lib/libimu_interfaces__rosidl_typesupport_cpp.so
-- Up-to-date: /home/waritt/urosrobotsim_ws/install/imu_interfaces/share/imu_interfaces/environment/pythonpath.sh
-- Up-to-date: /home/waritt/urosrobotsim_ws/install/imu_interfaces/share/imu_interfaces/environment/pythonpath.dsv
-- Up-to-date: /home/waritt/urosrobotsim_ws/install/imu_interfaces/local/lib/python3.10/dist-packages/imu_interfaces-0.0.0-py3.10.egg-info
-- Installing: /home/waritt/urosrobotsim_ws/install/imu_interfaces/local/lib/python3.10/dist-packages/imu_interfaces-0.0.0-py3.10.egg-info/SOURCES.txt
-- Installing: /home/waritt/urosrobotsim_ws/install/imu_interfaces/local/lib/python3.10/dist-packages/imu_interfaces-0.0.0-py3.10.egg-info/top_level.txt
-- Installing: /home/waritt/urosrobotsim_ws/install/imu_interfaces/local/lib/python3.10/dist-packages/imu_interfaces-0.0.0-py3.10.egg-info/PKG-INFO
-- Installing: /home/waritt/urosrobotsim_ws/install/imu_interfaces/local/lib/python3.10/dist-packages/imu_interfaces-0.0.0-py3.10.egg-info/dependency_links.txt
-- Up-to-date: /home/waritt/urosrobotsim_ws/install/imu_interfaces/local/lib/python3.10/dist-packages/imu_interfaces
-- Up-to-date: /home/waritt/urosrobotsim_ws/install/imu_interfaces/local/lib/python3.10/dist-packages/imu_interfaces/libimu_interfaces__rosidl_generator_py.so
-- Up-to-date: /home/waritt/urosrobotsim_ws/install/imu_interfaces/local/lib/python3.10/dist-packages/imu_interfaces/imu_interfaces_s__rosidl_typesupport_c.cpython-310-x86_64-linux-gnu.so
-- Up-to-date: /home/waritt/urosrobotsim_ws/install/imu_interfaces/local/lib/python3.10/dist-packages/imu_interfaces/imu_interfaces_s__rosidl_typesupport_fastrtps_c.cpython-310-x86_64-linux-gnu.so
-- Up-to-date: /home/waritt/urosrobotsim_ws/install/imu_interfaces/local/lib/python3.10/dist-packages/imu_interfaces/__init__.py
-- Up-to-date: /home/waritt/urosrobotsim_ws/install/imu_interfaces/local/lib/python3.10/dist-packages/imu_interfaces/_imu_interfaces_s.ep.rosidl_typesupport_c.c
-- Up-to-date: /home/waritt/urosrobotsim_ws/install/imu_interfaces/local/lib/python3.10/dist-packages/imu_interfaces/_imu_interfaces_s.ep.rosidl_typesupport_introspection_c.c
-- Up-to-date: /home/waritt/urosrobotsim_ws/install/imu_interfaces/local/lib/python3.10/dist-packages/imu_interfaces/imu_interfaces_s__rosidl_typesupport_introspection_c.cpython-310-x86_64-linux-gnu.so
-- Up-to-date: /home/waritt/urosrobotsim_ws/install/imu_interfaces/local/lib/python3.10/dist-packages/imu_interfaces/_imu_interfaces_s.ep.rosidl_typesupport_fastrtps_c.c
-- Up-to-date: /home/waritt/urosrobotsim_ws/install/imu_interfaces/local/lib/python3.10/dist-packages/imu_interfaces/srv
-- Up-to-date: /home/waritt/urosrobotsim_ws/install/imu_interfaces/local/lib/python3.10/dist-packages/imu_interfaces/srv/__init__.py
-- Up-to-date: /home/waritt/urosrobotsim_ws/install/imu_interfaces/local/lib/python3.10/dist-packages/imu_interfaces/srv/_imu_calibration_s.c
-- Up-to-date: /home/waritt/urosrobotsim_ws/install/imu_interfaces/local/lib/python3.10/dist-packages/imu_interfaces/srv/_imu_calibration.py
Listing '/home/waritt/urosrobotsim_ws/install/imu_interfaces/local/lib/python3.10/dist-packages/imu_interfaces'...
Listing '/home/waritt/urosrobotsim_ws/install/imu_interfaces/local/lib/python3.10/dist-packages/imu_interfaces/srv'...
-- Up-to-date: /home/waritt/urosrobotsim_ws/install/imu_interfaces/local/lib/python3.10/dist-packages/imu_interfaces/imu_interfaces_s__rosidl_typesupport_fastrtps_c.cpython-310-x86_64-linux-gnu.so
-- Up-to-date: /home/waritt/urosrobotsim_ws/install/imu_interfaces/local/lib/python3.10/dist-packages/imu_interfaces/imu_interfaces_s__rosidl_typesupport_introspection_c.cpython-310-x86_64-linux-gnu.so
-- Up-to-date: /home/waritt/urosrobotsim_ws/install/imu_interfaces/local/lib/python3.10/dist-packages/imu_interfaces/imu_interfaces_s__rosidl_typesupport_c.cpython-310-x86_64-linux-gnu.so
-- Up-to-date: /home/waritt/urosrobotsim_ws/install/imu_interfaces/lib/libimu_interfaces__rosidl_generator_py.so
-- Up-to-date: /home/waritt/urosrobotsim_ws/install/imu_interfaces/share/imu_interfaces/srv/ImuCalibration.idl
-- Up-to-date: /home/waritt/urosrobotsim_ws/install/imu_interfaces/share/imu_interfaces/srv/ImuCalibration.srv
-- Up-to-date: /home/waritt/urosrobotsim_ws/install/imu_interfaces/share/imu_interfaces/srv/ImuCalibration_Request.msg
-- Up-to-date: /home/waritt/urosrobotsim_ws/install/imu_interfaces/share/imu_interfaces/srv/ImuCalibration_Response.msg
-- Up-to-date: /home/waritt/urosrobotsim_ws/install/imu_interfaces/share/ament_index/resource_index/package_run_dependencies/imu_interfaces
-- Up-to-date: /home/waritt/urosrobotsim_ws/install/imu_interfaces/share/ament_index/resource_index/parent_prefix_path/imu_interfaces
-- Up-to-date: /home/waritt/urosrobotsim_ws/install/imu_interfaces/share/imu_interfaces/environment/ament_prefix_path.sh
-- Up-to-date: /home/waritt/urosrobotsim_ws/install/imu_interfaces/share/imu_interfaces/environment/ament_prefix_path.dsv
-- Up-to-date: /home/waritt/urosrobotsim_ws/install/imu_interfaces/share/imu_interfaces/environment/path.sh
-- Up-to-date: /home/waritt/urosrobotsim_ws/install/imu_interfaces/share/imu_interfaces/environment/path.dsv
-- Up-to-date: /home/waritt/urosrobotsim_ws/install/imu_interfaces/share/imu_interfaces/local_setup.bash
-- Up-to-date: /home/waritt/urosrobotsim_ws/install/imu_interfaces/share/imu_interfaces/local_setup.sh
-- Up-to-date: /home/waritt/urosrobotsim_ws/install/imu_interfaces/share/imu_interfaces/local_setup.zsh
-- Up-to-date: /home/waritt/urosrobotsim_ws/install/imu_interfaces/share/imu_interfaces/local_setup.dsv
-- Installing: /home/waritt/urosrobotsim_ws/install/imu_interfaces/share/imu_interfaces/package.dsv
-- Up-to-date: /home/waritt/urosrobotsim_ws/install/imu_interfaces/share/ament_index/resource_index/packages/imu_interfaces
-- Up-to-date: /home/waritt/urosrobotsim_ws/install/imu_interfaces/share/imu_interfaces/cmake/export_imu_interfaces__rosidl_generator_cExport.cmake
-- Up-to-date: /home/waritt/urosrobotsim_ws/install/imu_interfaces/share/imu_interfaces/cmake/export_imu_interfaces__rosidl_generator_cExport-noconfig.cmake
-- Up-to-date: /home/waritt/urosrobotsim_ws/install/imu_interfaces/share/imu_interfaces/cmake/export_imu_interfaces__rosidl_typesupport_fastrtps_cExport.cmake
-- Up-to-date: /home/waritt/urosrobotsim_ws/install/imu_interfaces/share/imu_interfaces/cmake/export_imu_interfaces__rosidl_typesupport_fastrtps_cExport-noconfig.cmake
-- Up-to-date: /home/waritt/urosrobotsim_ws/install/imu_interfaces/share/imu_interfaces/cmake/export_imu_interfaces__rosidl_generator_cppExport.cmake
-- Up-to-date: /home/waritt/urosrobotsim_ws/install/imu_interfaces/share/imu_interfaces/cmake/export_imu_interfaces__rosidl_typesupport_fastrtps_cppExport.cmake
-- Up-to-date: /home/waritt/urosrobotsim_ws/install/imu_interfaces/share/imu_interfaces/cmake/export_imu_interfaces__rosidl_typesupport_fastrtps_cppExport-noconfig.cmake
-- Up-to-date: /home/waritt/urosrobotsim_ws/install/imu_interfaces/share/imu_interfaces/cmake/imu_interfaces__rosidl_typesupport_introspection_cExport.cmake
-- Up-to-date: /home/waritt/urosrobotsim_ws/install/imu_interfaces/share/imu_interfaces/cmake/imu_interfaces__rosidl_typesupport_introspection_cExport-noconfig.cmake
-- Up-to-date: /home/waritt/urosrobotsim_ws/install/imu_interfaces/share/imu_interfaces/cmake/imu_interfaces__rosidl_typesupport_cExport.cmake
-- Up-to-date: /home/waritt/urosrobotsim_ws/install/imu_interfaces/share/imu_interfaces/cmake/imu_interfaces__rosidl_typesupport_cExport-noconfig.cmake
-- Up-to-date: /home/waritt/urosrobotsim_ws/install/imu_interfaces/share/imu_interfaces/cmake/imu_interfaces__rosidl_typesupport_introspection_cppExport.cmake
-- Up-to-date: /home/waritt/urosrobotsim_ws/install/imu_interfaces/share/imu_interfaces/cmake/imu_interfaces__rosidl_typesupport_introspection_cppExport-noconfig.cmake
-- Up-to-date: /home/waritt/urosrobotsim_ws/install/imu_interfaces/share/imu_interfaces/cmake/imu_interfaces__rosidl_typesupport_cppExport.cmake
-- Up-to-date: /home/waritt/urosrobotsim_ws/install/imu_interfaces/share/imu_interfaces/cmake/imu_interfaces__rosidl_typesupport_cppExport-noconfig.cmake
-- Up-to-date: /home/waritt/urosrobotsim_ws/install/imu_interfaces/share/imu_interfaces/cmake/export_imu_interfaces__rosidl_generator_pyExport.cmake
-- Up-to-date: /home/waritt/urosrobotsim_ws/install/imu_interfaces/share/imu_interfaces/cmake/export_imu_interfaces__rosidl_generator_pyExport-noconfig.cmake
-- Up-to-date: /home/waritt/urosrobotsim_ws/install/imu_interfaces/share/imu_interfaces/cmake/rosidl_cmake-extras.cmake
-- Up-to-date: /home/waritt/urosrobotsim_ws/install/imu_interfaces/share/imu_interfaces/cmake/ament_cmake_export_dependencies-extras.cmake
-- Up-to-date: /home/waritt/urosrobotsim_ws/install/imu_interfaces/share/imu_interfaces/cmake/ament_cmake_export_include_directories-extras.cmake
-- Up-to-date: /home/waritt/urosrobotsim_ws/install/imu_interfaces/share/imu_interfaces/cmake/ament_cmake_export_libraries-extras.cmake
-- Up-to-date: /home/waritt/urosrobotsim_ws/install/imu_interfaces/share/imu_interfaces/cmake/ament_cmake_export_targets-extras.cmake
-- Up-to-date: /home/waritt/urosrobotsim_ws/install/imu_interfaces/share/imu_interfaces/cmake/rosidl_cmake_export_typesupport_targets-extras.cmake
-- Up-to-date: /home/waritt/urosrobotsim_ws/install/imu_interfaces/share/imu_interfaces/cmake/rosidl_cmake_export_typesupport_libraries-extras.cmake
-- Up-to-date: /home/waritt/urosrobotsim_ws/install/imu_interfaces/share/imu_interfaces/cmake/imu_interfacesConfig.cmake
-- Up-to-date: /home/waritt/urosrobotsim_ws/install/imu_interfaces/share/imu_interfaces/cmake/imu_interfacesConfig-version.cmake
-- Up-to-date: /home/waritt/urosrobotsim_ws/install/imu_interfaces/share/imu_interfaces/package.xml
