[0.017s] Invoking command in '/home/waritt/urosrobotsim_ws/build/imu_interfaces': CMAKE_PREFIX_PATH=${CMAKE_PREFIX_PATH}:/opt/ros/humble /usr/bin/cmake --build /home/waritt/urosrobotsim_ws/build/imu_interfaces -- -j16 -l16
[0.053s] [35m[1mConsolidate compiler generated dependencies of target imu_interfaces__rosidl_generator_c[0m
[0.059s] [  2%] Built target imu_interfaces__cpp
[0.066s] [ 12%] Built target imu_interfaces__rosidl_generator_c
[0.071s] [ 12%] Built target ament_cmake_python_copy_imu_interfaces
[0.080s] [35m[1mConsolidate compiler generated dependencies of target imu_interfaces__rosidl_typesupport_cpp[0m
[0.080s] [35m[1mConsolidate compiler generated dependencies of target imu_interfaces__rosidl_typesupport_introspection_cpp[0m
[0.085s] [35m[1mConsolidate compiler generated dependencies of target imu_interfaces__rosidl_typesupport_fastrtps_cpp[0m
[0.086s] [35m[1mConsolidate compiler generated dependencies of target imu_interfaces__rosidl_typesupport_introspection_c[0m
[0.086s] [35m[1mConsolidate compiler generated dependencies of target imu_interfaces__rosidl_typesupport_fastrtps_c[0m
[0.086s] [35m[1mConsolidate compiler generated dependencies of target imu_interfaces__rosidl_typesupport_c[0m
[0.092s] [ 23%] Built target imu_interfaces__rosidl_typesupport_cpp
[0.095s] [ 33%] Built target imu_interfaces__rosidl_typesupport_introspection_cpp
[0.096s] [ 53%] Built target imu_interfaces__rosidl_typesupport_introspection_c
[0.096s] [ 53%] Built target imu_interfaces__rosidl_typesupport_fastrtps_cpp
[0.097s] [ 64%] Built target imu_interfaces__rosidl_typesupport_c
[0.097s] [ 74%] Built target imu_interfaces__rosidl_typesupport_fastrtps_c
[0.123s] [ 74%] Built target imu_interfaces
[0.130s] [ 76%] Built target imu_interfaces__py
[0.139s] [35m[1mConsolidate compiler generated dependencies of target imu_interfaces__rosidl_generator_py[0m
[0.149s] [ 84%] Built target imu_interfaces__rosidl_generator_py
[0.160s] [35m[1mConsolidate compiler generated dependencies of target imu_interfaces__rosidl_typesupport_introspection_c__pyext[0m
[0.160s] [35m[1mConsolidate compiler generated dependencies of target imu_interfaces__rosidl_typesupport_fastrtps_c__pyext[0m
[0.160s] [35m[1mConsolidate compiler generated dependencies of target imu_interfaces__rosidl_typesupport_c__pyext[0m
[0.169s] [100%] Built target imu_interfaces__rosidl_typesupport_fastrtps_c__pyext
[0.170s] [100%] Built target imu_interfaces__rosidl_typesupport_introspection_c__pyext
[0.170s] [100%] Built target imu_interfaces__rosidl_typesupport_c__pyext
[0.262s] running egg_info
[0.262s] writing imu_interfaces.egg-info/PKG-INFO
[0.262s] writing dependency_links to imu_interfaces.egg-info/dependency_links.txt
[0.262s] writing top-level names to imu_interfaces.egg-info/top_level.txt
[0.264s] reading manifest file 'imu_interfaces.egg-info/SOURCES.txt'
[0.264s] writing manifest file 'imu_interfaces.egg-info/SOURCES.txt'
[0.283s] [100%] Built target ament_cmake_python_build_imu_interfaces_egg
[0.290s] Invoked command in '/home/waritt/urosrobotsim_ws/build/imu_interfaces' returned '0': CMAKE_PREFIX_PATH=${CMAKE_PREFIX_PATH}:/opt/ros/humble /usr/bin/cmake --build /home/waritt/urosrobotsim_ws/build/imu_interfaces -- -j16 -l16
[0.357s] Invoking command in '/home/waritt/urosrobotsim_ws/build/imu_interfaces': CMAKE_PREFIX_PATH=${CMAKE_PREFIX_PATH}:/opt/ros/humble /usr/bin/cmake --install /home/waritt/urosrobotsim_ws/build/imu_interfaces
[0.363s] -- Install configuration: ""
[0.363s] -- Up-to-date: /home/waritt/urosrobotsim_ws/install/imu_interfaces/share/ament_index/resource_index/rosidl_interfaces/imu_interfaces
[0.363s] -- Up-to-date: /home/waritt/urosrobotsim_ws/install/imu_interfaces/include/imu_interfaces/imu_interfaces
[0.363s] -- Up-to-date: /home/waritt/urosrobotsim_ws/install/imu_interfaces/include/imu_interfaces/imu_interfaces/msg
[0.364s] -- Up-to-date: /home/waritt/urosrobotsim_ws/install/imu_interfaces/include/imu_interfaces/imu_interfaces/msg/rosidl_generator_c__visibility_control.h
[0.364s] -- Up-to-date: /home/waritt/urosrobotsim_ws/install/imu_interfaces/include/imu_interfaces/imu_interfaces/srv
[0.364s] -- Up-to-date: /home/waritt/urosrobotsim_ws/install/imu_interfaces/include/imu_interfaces/imu_interfaces/srv/imu_status.h
[0.364s] -- Up-to-date: /home/waritt/urosrobotsim_ws/install/imu_interfaces/include/imu_interfaces/imu_interfaces/srv/imu_calibration.h
[0.364s] -- Up-to-date: /home/waritt/urosrobotsim_ws/install/imu_interfaces/include/imu_interfaces/imu_interfaces/srv/detail
[0.364s] -- Up-to-date: /home/waritt/urosrobotsim_ws/install/imu_interfaces/include/imu_interfaces/imu_interfaces/srv/detail/imu_status__struct.h
[0.364s] -- Up-to-date: /home/waritt/urosrobotsim_ws/install/imu_interfaces/include/imu_interfaces/imu_interfaces/srv/detail/imu_calibration__functions.h
[0.364s] -- Up-to-date: /home/waritt/urosrobotsim_ws/install/imu_interfaces/include/imu_interfaces/imu_interfaces/srv/detail/imu_calibration__type_support.h
[0.364s] -- Up-to-date: /home/waritt/urosrobotsim_ws/install/imu_interfaces/include/imu_interfaces/imu_interfaces/srv/detail/imu_calibration__struct.h
[0.364s] -- Up-to-date: /home/waritt/urosrobotsim_ws/install/imu_interfaces/include/imu_interfaces/imu_interfaces/srv/detail/imu_status__type_support.h
[0.364s] -- Up-to-date: /home/waritt/urosrobotsim_ws/install/imu_interfaces/include/imu_interfaces/imu_interfaces/srv/detail/imu_status__functions.c
[0.364s] -- Up-to-date: /home/waritt/urosrobotsim_ws/install/imu_interfaces/include/imu_interfaces/imu_interfaces/srv/detail/imu_calibration__functions.c
[0.364s] -- Up-to-date: /home/waritt/urosrobotsim_ws/install/imu_interfaces/include/imu_interfaces/imu_interfaces/srv/detail/imu_status__functions.h
[0.364s] -- Up-to-date: /home/waritt/urosrobotsim_ws/install/imu_interfaces/share/imu_interfaces/environment/library_path.sh
[0.364s] -- Up-to-date: /home/waritt/urosrobotsim_ws/install/imu_interfaces/share/imu_interfaces/environment/library_path.dsv
[0.364s] -- Up-to-date: /home/waritt/urosrobotsim_ws/install/imu_interfaces/lib/libimu_interfaces__rosidl_generator_c.so
[0.365s] -- Up-to-date: /home/waritt/urosrobotsim_ws/install/imu_interfaces/include/imu_interfaces/imu_interfaces
[0.365s] -- Up-to-date: /home/waritt/urosrobotsim_ws/install/imu_interfaces/include/imu_interfaces/imu_interfaces/msg
[0.365s] -- Up-to-date: /home/waritt/urosrobotsim_ws/install/imu_interfaces/include/imu_interfaces/imu_interfaces/msg/rosidl_typesupport_fastrtps_c__visibility_control.h
[0.365s] -- Up-to-date: /home/waritt/urosrobotsim_ws/install/imu_interfaces/include/imu_interfaces/imu_interfaces/srv
[0.365s] -- Up-to-date: /home/waritt/urosrobotsim_ws/install/imu_interfaces/include/imu_interfaces/imu_interfaces/srv/detail
[0.365s] -- Up-to-date: /home/waritt/urosrobotsim_ws/install/imu_interfaces/include/imu_interfaces/imu_interfaces/srv/detail/imu_calibration__rosidl_typesupport_fastrtps_c.h
[0.365s] -- Up-to-date: /home/waritt/urosrobotsim_ws/install/imu_interfaces/include/imu_interfaces/imu_interfaces/srv/detail/imu_status__rosidl_typesupport_fastrtps_c.h
[0.365s] -- Up-to-date: /home/waritt/urosrobotsim_ws/install/imu_interfaces/lib/libimu_interfaces__rosidl_typesupport_fastrtps_c.so
[0.365s] -- Up-to-date: /home/waritt/urosrobotsim_ws/install/imu_interfaces/include/imu_interfaces/imu_interfaces
[0.365s] -- Up-to-date: /home/waritt/urosrobotsim_ws/install/imu_interfaces/include/imu_interfaces/imu_interfaces/srv
[0.365s] -- Up-to-date: /home/waritt/urosrobotsim_ws/install/imu_interfaces/include/imu_interfaces/imu_interfaces/srv/imu_calibration.hpp
[0.365s] -- Up-to-date: /home/waritt/urosrobotsim_ws/install/imu_interfaces/include/imu_interfaces/imu_interfaces/srv/detail
[0.365s] -- Up-to-date: /home/waritt/urosrobotsim_ws/install/imu_interfaces/include/imu_interfaces/imu_interfaces/srv/detail/imu_calibration__struct.hpp
[0.366s] -- Up-to-date: /home/waritt/urosrobotsim_ws/install/imu_interfaces/include/imu_interfaces/imu_interfaces/srv/detail/imu_status__traits.hpp
[0.366s] -- Up-to-date: /home/waritt/urosrobotsim_ws/install/imu_interfaces/include/imu_interfaces/imu_interfaces/srv/detail/imu_calibration__traits.hpp
[0.366s] -- Up-to-date: /home/waritt/urosrobotsim_ws/install/imu_interfaces/include/imu_interfaces/imu_interfaces/srv/detail/imu_status__builder.hpp
[0.366s] -- Up-to-date: /home/waritt/urosrobotsim_ws/install/imu_interfaces/include/imu_interfaces/imu_interfaces/srv/detail/imu_calibration__builder.hpp
[0.366s] -- Up-to-date: /home/waritt/urosrobotsim_ws/install/imu_interfaces/include/imu_interfaces/imu_interfaces/srv/detail/imu_status__struct.hpp
[0.366s] -- Up-to-date: /home/waritt/urosrobotsim_ws/install/imu_interfaces/include/imu_interfaces/imu_interfaces/srv/imu_status.hpp
[0.366s] -- Up-to-date: /home/waritt/urosrobotsim_ws/install/imu_interfaces/include/imu_interfaces/imu_interfaces
[0.366s] -- Up-to-date: /home/waritt/urosrobotsim_ws/install/imu_interfaces/include/imu_interfaces/imu_interfaces/msg
[0.366s] -- Up-to-date: /home/waritt/urosrobotsim_ws/install/imu_interfaces/include/imu_interfaces/imu_interfaces/msg/rosidl_typesupport_fastrtps_cpp__visibility_control.h
[0.366s] -- Up-to-date: /home/waritt/urosrobotsim_ws/install/imu_interfaces/include/imu_interfaces/imu_interfaces/srv
[0.366s] -- Up-to-date: /home/waritt/urosrobotsim_ws/install/imu_interfaces/include/imu_interfaces/imu_interfaces/srv/detail
[0.366s] -- Up-to-date: /home/waritt/urosrobotsim_ws/install/imu_interfaces/include/imu_interfaces/imu_interfaces/srv/detail/imu_status__rosidl_typesupport_fastrtps_cpp.hpp
[0.366s] -- Up-to-date: /home/waritt/urosrobotsim_ws/install/imu_interfaces/include/imu_interfaces/imu_interfaces/srv/detail/dds_fastrtps
[0.366s] -- Up-to-date: /home/waritt/urosrobotsim_ws/install/imu_interfaces/include/imu_interfaces/imu_interfaces/srv/detail/imu_calibration__rosidl_typesupport_fastrtps_cpp.hpp
[0.366s] -- Up-to-date: /home/waritt/urosrobotsim_ws/install/imu_interfaces/lib/libimu_interfaces__rosidl_typesupport_fastrtps_cpp.so
[0.366s] -- Up-to-date: /home/waritt/urosrobotsim_ws/install/imu_interfaces/include/imu_interfaces/imu_interfaces
[0.366s] -- Up-to-date: /home/waritt/urosrobotsim_ws/install/imu_interfaces/include/imu_interfaces/imu_interfaces/msg
[0.366s] -- Up-to-date: /home/waritt/urosrobotsim_ws/install/imu_interfaces/include/imu_interfaces/imu_interfaces/msg/rosidl_typesupport_introspection_c__visibility_control.h
[0.366s] -- Up-to-date: /home/waritt/urosrobotsim_ws/install/imu_interfaces/include/imu_interfaces/imu_interfaces/srv
[0.366s] -- Up-to-date: /home/waritt/urosrobotsim_ws/install/imu_interfaces/include/imu_interfaces/imu_interfaces/srv/detail
[0.366s] -- Up-to-date: /home/waritt/urosrobotsim_ws/install/imu_interfaces/include/imu_interfaces/imu_interfaces/srv/detail/imu_status__type_support.c
[0.366s] -- Up-to-date: /home/waritt/urosrobotsim_ws/install/imu_interfaces/include/imu_interfaces/imu_interfaces/srv/detail/imu_status__rosidl_typesupport_introspection_c.h
[0.366s] -- Up-to-date: /home/waritt/urosrobotsim_ws/install/imu_interfaces/include/imu_interfaces/imu_interfaces/srv/detail/imu_calibration__type_support.c
[0.366s] -- Up-to-date: /home/waritt/urosrobotsim_ws/install/imu_interfaces/include/imu_interfaces/imu_interfaces/srv/detail/imu_calibration__rosidl_typesupport_introspection_c.h
[0.366s] -- Up-to-date: /home/waritt/urosrobotsim_ws/install/imu_interfaces/lib/libimu_interfaces__rosidl_typesupport_introspection_c.so
[0.367s] -- Up-to-date: /home/waritt/urosrobotsim_ws/install/imu_interfaces/lib/libimu_interfaces__rosidl_typesupport_c.so
[0.367s] -- Up-to-date: /home/waritt/urosrobotsim_ws/install/imu_interfaces/include/imu_interfaces/imu_interfaces
[0.367s] -- Up-to-date: /home/waritt/urosrobotsim_ws/install/imu_interfaces/include/imu_interfaces/imu_interfaces/srv
[0.367s] -- Up-to-date: /home/waritt/urosrobotsim_ws/install/imu_interfaces/include/imu_interfaces/imu_interfaces/srv/detail
[0.367s] -- Up-to-date: /home/waritt/urosrobotsim_ws/install/imu_interfaces/include/imu_interfaces/imu_interfaces/srv/detail/imu_status__type_support.cpp
[0.367s] -- Up-to-date: /home/waritt/urosrobotsim_ws/install/imu_interfaces/include/imu_interfaces/imu_interfaces/srv/detail/imu_status__rosidl_typesupport_introspection_cpp.hpp
[0.367s] -- Up-to-date: /home/waritt/urosrobotsim_ws/install/imu_interfaces/include/imu_interfaces/imu_interfaces/srv/detail/imu_calibration__type_support.cpp
[0.367s] -- Up-to-date: /home/waritt/urosrobotsim_ws/install/imu_interfaces/include/imu_interfaces/imu_interfaces/srv/detail/imu_calibration__rosidl_typesupport_introspection_cpp.hpp
[0.367s] -- Up-to-date: /home/waritt/urosrobotsim_ws/install/imu_interfaces/lib/libimu_interfaces__rosidl_typesupport_introspection_cpp.so
[0.368s] -- Up-to-date: /home/waritt/urosrobotsim_ws/install/imu_interfaces/lib/libimu_interfaces__rosidl_typesupport_cpp.so
[0.368s] -- Up-to-date: /home/waritt/urosrobotsim_ws/install/imu_interfaces/share/imu_interfaces/environment/pythonpath.sh
[0.368s] -- Up-to-date: /home/waritt/urosrobotsim_ws/install/imu_interfaces/share/imu_interfaces/environment/pythonpath.dsv
[0.368s] -- Up-to-date: /home/waritt/urosrobotsim_ws/install/imu_interfaces/local/lib/python3.10/dist-packages/imu_interfaces-0.0.0-py3.10.egg-info
[0.368s] -- Installing: /home/waritt/urosrobotsim_ws/install/imu_interfaces/local/lib/python3.10/dist-packages/imu_interfaces-0.0.0-py3.10.egg-info/SOURCES.txt
[0.368s] -- Installing: /home/waritt/urosrobotsim_ws/install/imu_interfaces/local/lib/python3.10/dist-packages/imu_interfaces-0.0.0-py3.10.egg-info/top_level.txt
[0.368s] -- Installing: /home/waritt/urosrobotsim_ws/install/imu_interfaces/local/lib/python3.10/dist-packages/imu_interfaces-0.0.0-py3.10.egg-info/PKG-INFO
[0.368s] -- Installing: /home/waritt/urosrobotsim_ws/install/imu_interfaces/local/lib/python3.10/dist-packages/imu_interfaces-0.0.0-py3.10.egg-info/dependency_links.txt
[0.368s] -- Up-to-date: /home/waritt/urosrobotsim_ws/install/imu_interfaces/local/lib/python3.10/dist-packages/imu_interfaces
[0.368s] -- Up-to-date: /home/waritt/urosrobotsim_ws/install/imu_interfaces/local/lib/python3.10/dist-packages/imu_interfaces/libimu_interfaces__rosidl_generator_py.so
[0.368s] -- Up-to-date: /home/waritt/urosrobotsim_ws/install/imu_interfaces/local/lib/python3.10/dist-packages/imu_interfaces/imu_interfaces_s__rosidl_typesupport_c.cpython-310-x86_64-linux-gnu.so
[0.368s] -- Up-to-date: /home/waritt/urosrobotsim_ws/install/imu_interfaces/local/lib/python3.10/dist-packages/imu_interfaces/imu_interfaces_s__rosidl_typesupport_fastrtps_c.cpython-310-x86_64-linux-gnu.so
[0.368s] -- Up-to-date: /home/waritt/urosrobotsim_ws/install/imu_interfaces/local/lib/python3.10/dist-packages/imu_interfaces/__init__.py
[0.368s] -- Up-to-date: /home/waritt/urosrobotsim_ws/install/imu_interfaces/local/lib/python3.10/dist-packages/imu_interfaces/_imu_interfaces_s.ep.rosidl_typesupport_c.c
[0.368s] -- Up-to-date: /home/waritt/urosrobotsim_ws/install/imu_interfaces/local/lib/python3.10/dist-packages/imu_interfaces/_imu_interfaces_s.ep.rosidl_typesupport_introspection_c.c
[0.368s] -- Up-to-date: /home/waritt/urosrobotsim_ws/install/imu_interfaces/local/lib/python3.10/dist-packages/imu_interfaces/imu_interfaces_s__rosidl_typesupport_introspection_c.cpython-310-x86_64-linux-gnu.so
[0.368s] -- Up-to-date: /home/waritt/urosrobotsim_ws/install/imu_interfaces/local/lib/python3.10/dist-packages/imu_interfaces/_imu_interfaces_s.ep.rosidl_typesupport_fastrtps_c.c
[0.368s] -- Up-to-date: /home/waritt/urosrobotsim_ws/install/imu_interfaces/local/lib/python3.10/dist-packages/imu_interfaces/srv
[0.368s] -- Up-to-date: /home/waritt/urosrobotsim_ws/install/imu_interfaces/local/lib/python3.10/dist-packages/imu_interfaces/srv/__init__.py
[0.368s] -- Up-to-date: /home/waritt/urosrobotsim_ws/install/imu_interfaces/local/lib/python3.10/dist-packages/imu_interfaces/srv/_imu_calibration_s.c
[0.368s] -- Up-to-date: /home/waritt/urosrobotsim_ws/install/imu_interfaces/local/lib/python3.10/dist-packages/imu_interfaces/srv/_imu_calibration.py
[0.368s] -- Up-to-date: /home/waritt/urosrobotsim_ws/install/imu_interfaces/local/lib/python3.10/dist-packages/imu_interfaces/srv/_imu_status.py
[0.369s] -- Up-to-date: /home/waritt/urosrobotsim_ws/install/imu_interfaces/local/lib/python3.10/dist-packages/imu_interfaces/srv/_imu_status_s.c
[0.394s] Listing '/home/waritt/urosrobotsim_ws/install/imu_interfaces/local/lib/python3.10/dist-packages/imu_interfaces'...
[0.394s] Listing '/home/waritt/urosrobotsim_ws/install/imu_interfaces/local/lib/python3.10/dist-packages/imu_interfaces/srv'...
[0.397s] -- Up-to-date: /home/waritt/urosrobotsim_ws/install/imu_interfaces/local/lib/python3.10/dist-packages/imu_interfaces/imu_interfaces_s__rosidl_typesupport_fastrtps_c.cpython-310-x86_64-linux-gnu.so
[0.397s] -- Up-to-date: /home/waritt/urosrobotsim_ws/install/imu_interfaces/local/lib/python3.10/dist-packages/imu_interfaces/imu_interfaces_s__rosidl_typesupport_introspection_c.cpython-310-x86_64-linux-gnu.so
[0.397s] -- Up-to-date: /home/waritt/urosrobotsim_ws/install/imu_interfaces/local/lib/python3.10/dist-packages/imu_interfaces/imu_interfaces_s__rosidl_typesupport_c.cpython-310-x86_64-linux-gnu.so
[0.398s] -- Up-to-date: /home/waritt/urosrobotsim_ws/install/imu_interfaces/lib/libimu_interfaces__rosidl_generator_py.so
[0.398s] -- Up-to-date: /home/waritt/urosrobotsim_ws/install/imu_interfaces/share/imu_interfaces/srv/ImuCalibration.idl
[0.398s] -- Up-to-date: /home/waritt/urosrobotsim_ws/install/imu_interfaces/share/imu_interfaces/srv/ImuStatus.idl
[0.398s] -- Up-to-date: /home/waritt/urosrobotsim_ws/install/imu_interfaces/share/imu_interfaces/srv/ImuCalibration.srv
[0.398s] -- Up-to-date: /home/waritt/urosrobotsim_ws/install/imu_interfaces/share/imu_interfaces/srv/ImuCalibration_Request.msg
[0.398s] -- Up-to-date: /home/waritt/urosrobotsim_ws/install/imu_interfaces/share/imu_interfaces/srv/ImuCalibration_Response.msg
[0.398s] -- Up-to-date: /home/waritt/urosrobotsim_ws/install/imu_interfaces/share/imu_interfaces/srv/ImuStatus.srv
[0.398s] -- Up-to-date: /home/waritt/urosrobotsim_ws/install/imu_interfaces/share/imu_interfaces/srv/ImuStatus_Request.msg
[0.398s] -- Up-to-date: /home/waritt/urosrobotsim_ws/install/imu_interfaces/share/imu_interfaces/srv/ImuStatus_Response.msg
[0.398s] -- Up-to-date: /home/waritt/urosrobotsim_ws/install/imu_interfaces/share/ament_index/resource_index/package_run_dependencies/imu_interfaces
[0.398s] -- Up-to-date: /home/waritt/urosrobotsim_ws/install/imu_interfaces/share/ament_index/resource_index/parent_prefix_path/imu_interfaces
[0.398s] -- Up-to-date: /home/waritt/urosrobotsim_ws/install/imu_interfaces/share/imu_interfaces/environment/ament_prefix_path.sh
[0.398s] -- Up-to-date: /home/waritt/urosrobotsim_ws/install/imu_interfaces/share/imu_interfaces/environment/ament_prefix_path.dsv
[0.398s] -- Up-to-date: /home/waritt/urosrobotsim_ws/install/imu_interfaces/share/imu_interfaces/environment/path.sh
[0.398s] -- Up-to-date: /home/waritt/urosrobotsim_ws/install/imu_interfaces/share/imu_interfaces/environment/path.dsv
[0.398s] -- Up-to-date: /home/waritt/urosrobotsim_ws/install/imu_interfaces/share/imu_interfaces/local_setup.bash
[0.399s] -- Up-to-date: /home/waritt/urosrobotsim_ws/install/imu_interfaces/share/imu_interfaces/local_setup.sh
[0.399s] -- Up-to-date: /home/waritt/urosrobotsim_ws/install/imu_interfaces/share/imu_interfaces/local_setup.zsh
[0.399s] -- Up-to-date: /home/waritt/urosrobotsim_ws/install/imu_interfaces/share/imu_interfaces/local_setup.dsv
[0.399s] -- Installing: /home/waritt/urosrobotsim_ws/install/imu_interfaces/share/imu_interfaces/package.dsv
[0.399s] -- Up-to-date: /home/waritt/urosrobotsim_ws/install/imu_interfaces/share/ament_index/resource_index/packages/imu_interfaces
[0.399s] -- Up-to-date: /home/waritt/urosrobotsim_ws/install/imu_interfaces/share/imu_interfaces/cmake/export_imu_interfaces__rosidl_generator_cExport.cmake
[0.399s] -- Up-to-date: /home/waritt/urosrobotsim_ws/install/imu_interfaces/share/imu_interfaces/cmake/export_imu_interfaces__rosidl_generator_cExport-noconfig.cmake
[0.400s] -- Up-to-date: /home/waritt/urosrobotsim_ws/install/imu_interfaces/share/imu_interfaces/cmake/export_imu_interfaces__rosidl_typesupport_fastrtps_cExport.cmake
[0.400s] -- Up-to-date: /home/waritt/urosrobotsim_ws/install/imu_interfaces/share/imu_interfaces/cmake/export_imu_interfaces__rosidl_typesupport_fastrtps_cExport-noconfig.cmake
[0.400s] -- Up-to-date: /home/waritt/urosrobotsim_ws/install/imu_interfaces/share/imu_interfaces/cmake/export_imu_interfaces__rosidl_generator_cppExport.cmake
[0.400s] -- Up-to-date: /home/waritt/urosrobotsim_ws/install/imu_interfaces/share/imu_interfaces/cmake/export_imu_interfaces__rosidl_typesupport_fastrtps_cppExport.cmake
[0.400s] -- Up-to-date: /home/waritt/urosrobotsim_ws/install/imu_interfaces/share/imu_interfaces/cmake/export_imu_interfaces__rosidl_typesupport_fastrtps_cppExport-noconfig.cmake
[0.400s] -- Up-to-date: /home/waritt/urosrobotsim_ws/install/imu_interfaces/share/imu_interfaces/cmake/imu_interfaces__rosidl_typesupport_introspection_cExport.cmake
[0.400s] -- Up-to-date: /home/waritt/urosrobotsim_ws/install/imu_interfaces/share/imu_interfaces/cmake/imu_interfaces__rosidl_typesupport_introspection_cExport-noconfig.cmake
[0.400s] -- Up-to-date: /home/waritt/urosrobotsim_ws/install/imu_interfaces/share/imu_interfaces/cmake/imu_interfaces__rosidl_typesupport_cExport.cmake
[0.400s] -- Up-to-date: /home/waritt/urosrobotsim_ws/install/imu_interfaces/share/imu_interfaces/cmake/imu_interfaces__rosidl_typesupport_cExport-noconfig.cmake
[0.401s] -- Up-to-date: /home/waritt/urosrobotsim_ws/install/imu_interfaces/share/imu_interfaces/cmake/imu_interfaces__rosidl_typesupport_introspection_cppExport.cmake
[0.401s] -- Up-to-date: /home/waritt/urosrobotsim_ws/install/imu_interfaces/share/imu_interfaces/cmake/imu_interfaces__rosidl_typesupport_introspection_cppExport-noconfig.cmake
[0.401s] -- Up-to-date: /home/waritt/urosrobotsim_ws/install/imu_interfaces/share/imu_interfaces/cmake/imu_interfaces__rosidl_typesupport_cppExport.cmake
[0.401s] -- Up-to-date: /home/waritt/urosrobotsim_ws/install/imu_interfaces/share/imu_interfaces/cmake/imu_interfaces__rosidl_typesupport_cppExport-noconfig.cmake
[0.401s] -- Up-to-date: /home/waritt/urosrobotsim_ws/install/imu_interfaces/share/imu_interfaces/cmake/export_imu_interfaces__rosidl_generator_pyExport.cmake
[0.401s] -- Up-to-date: /home/waritt/urosrobotsim_ws/install/imu_interfaces/share/imu_interfaces/cmake/export_imu_interfaces__rosidl_generator_pyExport-noconfig.cmake
[0.401s] -- Up-to-date: /home/waritt/urosrobotsim_ws/install/imu_interfaces/share/imu_interfaces/cmake/rosidl_cmake-extras.cmake
[0.401s] -- Up-to-date: /home/waritt/urosrobotsim_ws/install/imu_interfaces/share/imu_interfaces/cmake/ament_cmake_export_dependencies-extras.cmake
[0.401s] -- Up-to-date: /home/waritt/urosrobotsim_ws/install/imu_interfaces/share/imu_interfaces/cmake/ament_cmake_export_include_directories-extras.cmake
[0.401s] -- Up-to-date: /home/waritt/urosrobotsim_ws/install/imu_interfaces/share/imu_interfaces/cmake/ament_cmake_export_libraries-extras.cmake
[0.401s] -- Up-to-date: /home/waritt/urosrobotsim_ws/install/imu_interfaces/share/imu_interfaces/cmake/ament_cmake_export_targets-extras.cmake
[0.401s] -- Up-to-date: /home/waritt/urosrobotsim_ws/install/imu_interfaces/share/imu_interfaces/cmake/rosidl_cmake_export_typesupport_targets-extras.cmake
[0.402s] -- Up-to-date: /home/waritt/urosrobotsim_ws/install/imu_interfaces/share/imu_interfaces/cmake/rosidl_cmake_export_typesupport_libraries-extras.cmake
[0.402s] -- Up-to-date: /home/waritt/urosrobotsim_ws/install/imu_interfaces/share/imu_interfaces/cmake/imu_interfacesConfig.cmake
[0.402s] -- Up-to-date: /home/waritt/urosrobotsim_ws/install/imu_interfaces/share/imu_interfaces/cmake/imu_interfacesConfig-version.cmake
[0.402s] -- Up-to-date: /home/waritt/urosrobotsim_ws/install/imu_interfaces/share/imu_interfaces/package.xml
[0.403s] Invoked command in '/home/waritt/urosrobotsim_ws/build/imu_interfaces' returned '0': CMAKE_PREFIX_PATH=${CMAKE_PREFIX_PATH}:/opt/ros/humble /usr/bin/cmake --install /home/waritt/urosrobotsim_ws/build/imu_interfaces
