[100%] Built target pub_odom
-- Install configuration: ""
-- Up-to-date: /home/waritt/urosrobotsim_ws/install/megarover_samples_ros2/lib/megarover_samples_ros2/pub_odom
-- Up-to-date: /home/waritt/urosrobotsim_ws/install/megarover_samples_ros2/share/megarover_samples_ros2/config
-- Up-to-date: /home/waritt/urosrobotsim_ws/install/megarover_samples_ros2/share/megarover_samples_ros2/config/gazebo_publish_rate.yaml
-- Up-to-date: /home/waritt/urosrobotsim_ws/install/megarover_samples_ros2/share/megarover_samples_ros2/config/navigation_param.yaml
-- Up-to-date: /home/waritt/urosrobotsim_ws/install/megarover_samples_ros2/share/megarover_samples_ros2/config/mapper_params_online_sync.yaml
-- Up-to-date: /home/waritt/urosrobotsim_ws/install/megarover_samples_ros2/share/megarover_samples_ros2/config/diff_drive_controller.yaml
-- Up-to-date: /home/waritt/urosrobotsim_ws/install/megarover_samples_ros2/share/megarover_samples_ros2/launch
-- Up-to-date: /home/waritt/urosrobotsim_ws/install/megarover_samples_ros2/share/megarover_samples_ros2/launch/vmegarover_with_sample_world.launch.py
-- Up-to-date: /home/waritt/urosrobotsim_ws/install/megarover_samples_ros2/share/megarover_samples_ros2/launch/vmegarover_navigation.launch.py
-- Up-to-date: /home/waritt/urosrobotsim_ws/install/megarover_samples_ros2/share/megarover_samples_ros2/launch/vmegarover_save_map.launch.py
-- Up-to-date: /home/waritt/urosrobotsim_ws/install/megarover_samples_ros2/share/megarover_samples_ros2/launch/vmegarover_with_empty_world.launch.py
-- Up-to-date: /home/waritt/urosrobotsim_ws/install/megarover_samples_ros2/share/megarover_samples_ros2/launch/utils
-- Up-to-date: /home/waritt/urosrobotsim_ws/install/megarover_samples_ros2/share/megarover_samples_ros2/launch/utils/ignition_gazebo.launch.py
-- Up-to-date: /home/waritt/urosrobotsim_ws/install/megarover_samples_ros2/share/megarover_samples_ros2/launch/utils/ros2_control.launch.py
-- Up-to-date: /home/waritt/urosrobotsim_ws/install/megarover_samples_ros2/share/megarover_samples_ros2/launch/utils/robot_description.launch.py
-- Up-to-date: /home/waritt/urosrobotsim_ws/install/megarover_samples_ros2/share/megarover_samples_ros2/launch/utils/classic_gazebo.launch.py
-- Up-to-date: /home/waritt/urosrobotsim_ws/install/megarover_samples_ros2/share/megarover_samples_ros2/launch/vmegarover_mapping.launch.py
-- Up-to-date: /home/waritt/urosrobotsim_ws/install/megarover_samples_ros2/share/megarover_samples_ros2/maps
-- Up-to-date: /home/waritt/urosrobotsim_ws/install/megarover_samples_ros2/share/megarover_samples_ros2/maps/vmegarover_samplemap.yaml
-- Up-to-date: /home/waritt/urosrobotsim_ws/install/megarover_samples_ros2/share/megarover_samples_ros2/maps/vmegarover_samplemap.pgm
-- Up-to-date: /home/waritt/urosrobotsim_ws/install/megarover_samples_ros2/share/megarover_samples_ros2/models
-- Up-to-date: /home/waritt/urosrobotsim_ws/install/megarover_samples_ros2/share/megarover_samples_ros2/models/vmegarover
-- Up-to-date: /home/waritt/urosrobotsim_ws/install/megarover_samples_ros2/share/megarover_samples_ros2/models/vmegarover/meshes
-- Up-to-date: /home/waritt/urosrobotsim_ws/install/megarover_samples_ros2/share/megarover_samples_ros2/models/vmegarover/meshes/dae
-- Up-to-date: /home/waritt/urosrobotsim_ws/install/megarover_samples_ros2/share/megarover_samples_ros2/models/vmegarover/meshes/dae/r5_lrf.png
-- Up-to-date: /home/waritt/urosrobotsim_ws/install/megarover_samples_ros2/share/megarover_samples_ros2/models/vmegarover/meshes/dae/vmega_wheel.dae
-- Up-to-date: /home/waritt/urosrobotsim_ws/install/megarover_samples_ros2/share/megarover_samples_ros2/models/vmegarover/meshes/dae/main_body.dae
-- Up-to-date: /home/waritt/urosrobotsim_ws/install/megarover_samples_ros2/share/megarover_samples_ros2/models/vmegarover/meshes/dae/r5.png
-- Up-to-date: /home/waritt/urosrobotsim_ws/install/megarover_samples_ros2/share/megarover_samples_ros2/models/vmegarover/meshes/dae/lrf.dae
-- Up-to-date: /home/waritt/urosrobotsim_ws/install/megarover_samples_ros2/share/megarover_samples_ros2/models/vmegarover/meshes/dae/megarover.dae
-- Up-to-date: /home/waritt/urosrobotsim_ws/install/megarover_samples_ros2/share/megarover_samples_ros2/models/vmegarover/meshes/dae/vmega_body.dae
-- Up-to-date: /home/waritt/urosrobotsim_ws/install/megarover_samples_ros2/share/megarover_samples_ros2/models/vmegarover/meshes/stl
-- Up-to-date: /home/waritt/urosrobotsim_ws/install/megarover_samples_ros2/share/megarover_samples_ros2/models/vmegarover/meshes/stl/vmega_body.stl
-- Up-to-date: /home/waritt/urosrobotsim_ws/install/megarover_samples_ros2/share/megarover_samples_ros2/models/vmegarover/meshes/stl/lrf.stl
-- Up-to-date: /home/waritt/urosrobotsim_ws/install/megarover_samples_ros2/share/megarover_samples_ros2/models/vmegarover/meshes/stl/vmega_wheel.stl
-- Up-to-date: /home/waritt/urosrobotsim_ws/install/megarover_samples_ros2/share/megarover_samples_ros2/models/vmegarover/meshes/stl/megarover.stl
-- Up-to-date: /home/waritt/urosrobotsim_ws/install/megarover_samples_ros2/share/megarover_samples_ros2/robots
-- Up-to-date: /home/waritt/urosrobotsim_ws/install/megarover_samples_ros2/share/megarover_samples_ros2/robots/vmegarover.urdf.xacro
-- Up-to-date: /home/waritt/urosrobotsim_ws/install/megarover_samples_ros2/share/megarover_samples_ros2/rviz
-- Up-to-date: /home/waritt/urosrobotsim_ws/install/megarover_samples_ros2/share/megarover_samples_ros2/rviz/mapping.rviz
-- Up-to-date: /home/waritt/urosrobotsim_ws/install/megarover_samples_ros2/share/megarover_samples_ros2/rviz/navigation.rviz
-- Up-to-date: /home/waritt/urosrobotsim_ws/install/megarover_samples_ros2/share/megarover_samples_ros2/scripts
-- Up-to-date: /home/waritt/urosrobotsim_ws/install/megarover_samples_ros2/share/megarover_samples_ros2/scripts/.gitkeep
-- Up-to-date: /home/waritt/urosrobotsim_ws/install/megarover_samples_ros2/share/megarover_samples_ros2/urdf
-- Up-to-date: /home/waritt/urosrobotsim_ws/install/megarover_samples_ros2/share/megarover_samples_ros2/urdf/wheel
-- Up-to-date: /home/waritt/urosrobotsim_ws/install/megarover_samples_ros2/share/megarover_samples_ros2/urdf/wheel/vwheel.urdf.xacro
-- Up-to-date: /home/waritt/urosrobotsim_ws/install/megarover_samples_ros2/share/megarover_samples_ros2/urdf/wheel/wheel.gazebo.xacro
-- Up-to-date: /home/waritt/urosrobotsim_ws/install/megarover_samples_ros2/share/megarover_samples_ros2/urdf/lrf
-- Up-to-date: /home/waritt/urosrobotsim_ws/install/megarover_samples_ros2/share/megarover_samples_ros2/urdf/lrf/lrf.urdf.xacro
-- Up-to-date: /home/waritt/urosrobotsim_ws/install/megarover_samples_ros2/share/megarover_samples_ros2/urdf/lrf/lrf.gazebo.xacro
-- Up-to-date: /home/waritt/urosrobotsim_ws/install/megarover_samples_ros2/share/megarover_samples_ros2/urdf/body
-- Up-to-date: /home/waritt/urosrobotsim_ws/install/megarover_samples_ros2/share/megarover_samples_ros2/urdf/body/body.gazebo.xacro
-- Up-to-date: /home/waritt/urosrobotsim_ws/install/megarover_samples_ros2/share/megarover_samples_ros2/urdf/body/vbody.urdf.xacro
-- Up-to-date: /home/waritt/urosrobotsim_ws/install/megarover_samples_ros2/share/megarover_samples_ros2/urdf/common.xacro
-- Up-to-date: /home/waritt/urosrobotsim_ws/install/megarover_samples_ros2/share/megarover_samples_ros2/urdf/camera
-- Up-to-date: /home/waritt/urosrobotsim_ws/install/megarover_samples_ros2/share/megarover_samples_ros2/urdf/camera/camera.gazebo.xacro
-- Up-to-date: /home/waritt/urosrobotsim_ws/install/megarover_samples_ros2/share/megarover_samples_ros2/urdf/camera/camera.urdf.xacro
-- Up-to-date: /home/waritt/urosrobotsim_ws/install/megarover_samples_ros2/share/megarover_samples_ros2/worlds
-- Up-to-date: /home/waritt/urosrobotsim_ws/install/megarover_samples_ros2/share/megarover_samples_ros2/worlds/classic
-- Up-to-date: /home/waritt/urosrobotsim_ws/install/megarover_samples_ros2/share/megarover_samples_ros2/worlds/classic/vmegarover_sample.world
-- Up-to-date: /home/waritt/urosrobotsim_ws/install/megarover_samples_ros2/share/megarover_samples_ros2/worlds/ignition
-- Up-to-date: /home/waritt/urosrobotsim_ws/install/megarover_samples_ros2/share/megarover_samples_ros2/worlds/ignition/vmegarover_sample.sdf
-- Up-to-date: /home/waritt/urosrobotsim_ws/install/megarover_samples_ros2/share/ament_index/resource_index/package_run_dependencies/megarover_samples_ros2
-- Up-to-date: /home/waritt/urosrobotsim_ws/install/megarover_samples_ros2/share/ament_index/resource_index/parent_prefix_path/megarover_samples_ros2
-- Up-to-date: /home/waritt/urosrobotsim_ws/install/megarover_samples_ros2/share/megarover_samples_ros2/environment/ament_prefix_path.sh
-- Up-to-date: /home/waritt/urosrobotsim_ws/install/megarover_samples_ros2/share/megarover_samples_ros2/environment/ament_prefix_path.dsv
-- Up-to-date: /home/waritt/urosrobotsim_ws/install/megarover_samples_ros2/share/megarover_samples_ros2/environment/path.sh
-- Up-to-date: /home/waritt/urosrobotsim_ws/install/megarover_samples_ros2/share/megarover_samples_ros2/environment/path.dsv
-- Up-to-date: /home/waritt/urosrobotsim_ws/install/megarover_samples_ros2/share/megarover_samples_ros2/local_setup.bash
-- Up-to-date: /home/waritt/urosrobotsim_ws/install/megarover_samples_ros2/share/megarover_samples_ros2/local_setup.sh
-- Up-to-date: /home/waritt/urosrobotsim_ws/install/megarover_samples_ros2/share/megarover_samples_ros2/local_setup.zsh
-- Up-to-date: /home/waritt/urosrobotsim_ws/install/megarover_samples_ros2/share/megarover_samples_ros2/local_setup.dsv
-- Installing: /home/waritt/urosrobotsim_ws/install/megarover_samples_ros2/share/megarover_samples_ros2/package.dsv
-- Up-to-date: /home/waritt/urosrobotsim_ws/install/megarover_samples_ros2/share/ament_index/resource_index/packages/megarover_samples_ros2
-- Up-to-date: /home/waritt/urosrobotsim_ws/install/megarover_samples_ros2/share/megarover_samples_ros2/cmake/megarover_samples_ros2Config.cmake
-- Up-to-date: /home/waritt/urosrobotsim_ws/install/megarover_samples_ros2/share/megarover_samples_ros2/cmake/megarover_samples_ros2Config-version.cmake
-- Up-to-date: /home/waritt/urosrobotsim_ws/install/megarover_samples_ros2/share/megarover_samples_ros2/package.xml
