[0.049s] Invoking command in '/home/waritt/urosrobotsim_ws/build/megarover_samples_ros2': CMAKE_PREFIX_PATH=${CMAKE_PREFIX_PATH}:/opt/ros/humble /usr/bin/cmake /home/waritt/urosrobotsim_ws/src/megarover_samples_ros2 -DCMAKE_INSTALL_PREFIX=/home/waritt/urosrobotsim_ws/install/megarover_samples_ros2
[0.131s] -- The C compiler identification is GNU 11.4.0
[0.189s] -- The CXX compiler identification is GNU 11.4.0
[0.195s] -- Detecting C compiler ABI info
[0.242s] -- Detecting C compiler ABI info - done
[0.247s] -- Check for working C compiler: /usr/bin/cc - skipped
[0.247s] -- Detecting C compile features
[0.248s] -- Detecting C compile features - done
[0.250s] -- Detecting CXX compiler ABI info
[0.301s] -- Detecting CXX compiler ABI info - done
[0.306s] -- Check for working CXX compiler: /usr/bin/c++ - skipped
[0.306s] -- Detecting CXX compile features
[0.307s] -- Detecting CXX compile features - done
[0.311s] -- Found ament_cmake: 1.3.10 (/opt/ros/humble/share/ament_cmake/cmake)
[0.423s] -- Found Python3: /usr/bin/python3 (found version "3.10.12") found components: Interpreter 
[0.501s] -- Found gazebo_ros_pkgs: 3.7.0 (/opt/ros/humble/share/gazebo_ros_pkgs/cmake)
[0.503s] -- Found sensor_msgs: 4.2.4 (/opt/ros/humble/share/sensor_msgs/cmake)
[0.538s] -- Found rosidl_generator_c: 3.1.5 (/opt/ros/humble/share/rosidl_generator_c/cmake)
[0.543s] -- Found rosidl_adapter: 3.1.5 (/opt/ros/humble/share/rosidl_adapter/cmake)
[0.551s] -- Found rosidl_generator_cpp: 3.1.5 (/opt/ros/humble/share/rosidl_generator_cpp/cmake)
[0.562s] -- Using all available rosidl_typesupport_c: rosidl_typesupport_fastrtps_c;rosidl_typesupport_introspection_c
[0.577s] -- Using all available rosidl_typesupport_cpp: rosidl_typesupport_fastrtps_cpp;rosidl_typesupport_introspection_cpp
[0.625s] -- Found ament_lint_auto: 0.12.11 (/opt/ros/humble/share/ament_lint_auto/cmake)
[0.691s] -- Added test 'copyright' to check source files copyright and LICENSE
[0.694s] -- Added test 'cppcheck' to perform static code analysis on C / C++ code
[0.694s] -- Configured cppcheck include dirs: 
[0.694s] -- Configured cppcheck exclude dirs and/or files: 
[0.697s] -- Added test 'cpplint' to check C / C++ code against the Google style
[0.697s] -- Configured cpplint exclude dirs and/or files: 
[0.697s] -- Added test 'flake8' to check Python code syntax and style conventions
[0.698s] -- Added test 'lint_cmake' to check CMake code style
[0.699s] -- Added test 'pep257' to check Python code against some of the docstring style conventions in PEP 257
[0.702s] -- Added test 'uncrustify' to check C / C++ code style
[0.702s] -- Configured uncrustify additional arguments: 
[0.703s] -- Added test 'xmllint' to check XML markup files
[0.704s] -- Configuring done
[0.706s] -- Generating done
[0.707s] -- Build files have been written to: /home/waritt/urosrobotsim_ws/build/megarover_samples_ros2
[0.712s] Invoked command in '/home/waritt/urosrobotsim_ws/build/megarover_samples_ros2' returned '0': CMAKE_PREFIX_PATH=${CMAKE_PREFIX_PATH}:/opt/ros/humble /usr/bin/cmake /home/waritt/urosrobotsim_ws/src/megarover_samples_ros2 -DCMAKE_INSTALL_PREFIX=/home/waritt/urosrobotsim_ws/install/megarover_samples_ros2
[0.713s] Invoking command in '/home/waritt/urosrobotsim_ws/build/megarover_samples_ros2': CMAKE_PREFIX_PATH=${CMAKE_PREFIX_PATH}:/opt/ros/humble /usr/bin/cmake --build /home/waritt/urosrobotsim_ws/build/megarover_samples_ros2 -- -j16 -l16
[0.743s] [ 50%] [32mBuilding CXX object CMakeFiles/pub_odom.dir/src/pub_odom.cpp.o[0m
[0.766s] [100%] [32m[1mLinking CXX executable pub_odom[0m
[0.796s] [100%] Built target pub_odom
[0.803s] Invoked command in '/home/waritt/urosrobotsim_ws/build/megarover_samples_ros2' returned '0': CMAKE_PREFIX_PATH=${CMAKE_PREFIX_PATH}:/opt/ros/humble /usr/bin/cmake --build /home/waritt/urosrobotsim_ws/build/megarover_samples_ros2 -- -j16 -l16
[0.826s] Invoking command in '/home/waritt/urosrobotsim_ws/build/megarover_samples_ros2': CMAKE_PREFIX_PATH=${CMAKE_PREFIX_PATH}:/opt/ros/humble /usr/bin/cmake --install /home/waritt/urosrobotsim_ws/build/megarover_samples_ros2
[0.830s] -- Install configuration: ""
[0.831s] -- Installing: /home/waritt/urosrobotsim_ws/install/megarover_samples_ros2/lib/megarover_samples_ros2/pub_odom
[0.831s] -- Installing: /home/waritt/urosrobotsim_ws/install/megarover_samples_ros2/share/megarover_samples_ros2/config
[0.831s] -- Installing: /home/waritt/urosrobotsim_ws/install/megarover_samples_ros2/share/megarover_samples_ros2/config/gazebo_publish_rate.yaml
[0.831s] -- Installing: /home/waritt/urosrobotsim_ws/install/megarover_samples_ros2/share/megarover_samples_ros2/config/navigation_param.yaml
[0.831s] -- Installing: /home/waritt/urosrobotsim_ws/install/megarover_samples_ros2/share/megarover_samples_ros2/config/mapper_params_online_sync.yaml
[0.831s] -- Installing: /home/waritt/urosrobotsim_ws/install/megarover_samples_ros2/share/megarover_samples_ros2/config/diff_drive_controller.yaml
[0.831s] -- Installing: /home/waritt/urosrobotsim_ws/install/megarover_samples_ros2/share/megarover_samples_ros2/launch
[0.831s] -- Installing: /home/waritt/urosrobotsim_ws/install/megarover_samples_ros2/share/megarover_samples_ros2/launch/vmegarover_with_sample_world.launch.py
[0.831s] -- Installing: /home/waritt/urosrobotsim_ws/install/megarover_samples_ros2/share/megarover_samples_ros2/launch/vmegarover_navigation.launch.py
[0.831s] -- Installing: /home/waritt/urosrobotsim_ws/install/megarover_samples_ros2/share/megarover_samples_ros2/launch/vmegarover_save_map.launch.py
[0.831s] -- Installing: /home/waritt/urosrobotsim_ws/install/megarover_samples_ros2/share/megarover_samples_ros2/launch/vmegarover_with_empty_world.launch.py
[0.831s] -- Installing: /home/waritt/urosrobotsim_ws/install/megarover_samples_ros2/share/megarover_samples_ros2/launch/utils
[0.831s] -- Installing: /home/waritt/urosrobotsim_ws/install/megarover_samples_ros2/share/megarover_samples_ros2/launch/utils/ignition_gazebo.launch.py
[0.831s] -- Installing: /home/waritt/urosrobotsim_ws/install/megarover_samples_ros2/share/megarover_samples_ros2/launch/utils/ros2_control.launch.py
[0.831s] -- Installing: /home/waritt/urosrobotsim_ws/install/megarover_samples_ros2/share/megarover_samples_ros2/launch/utils/robot_description.launch.py
[0.831s] -- Installing: /home/waritt/urosrobotsim_ws/install/megarover_samples_ros2/share/megarover_samples_ros2/launch/utils/classic_gazebo.launch.py
[0.832s] -- Installing: /home/waritt/urosrobotsim_ws/install/megarover_samples_ros2/share/megarover_samples_ros2/launch/vmegarover_mapping.launch.py
[0.832s] -- Installing: /home/waritt/urosrobotsim_ws/install/megarover_samples_ros2/share/megarover_samples_ros2/maps
[0.832s] -- Installing: /home/waritt/urosrobotsim_ws/install/megarover_samples_ros2/share/megarover_samples_ros2/maps/vmegarover_samplemap.yaml
[0.832s] -- Installing: /home/waritt/urosrobotsim_ws/install/megarover_samples_ros2/share/megarover_samples_ros2/maps/vmegarover_samplemap.pgm
[0.832s] -- Installing: /home/waritt/urosrobotsim_ws/install/megarover_samples_ros2/share/megarover_samples_ros2/models
[0.832s] -- Installing: /home/waritt/urosrobotsim_ws/install/megarover_samples_ros2/share/megarover_samples_ros2/models/vmegarover
[0.832s] -- Installing: /home/waritt/urosrobotsim_ws/install/megarover_samples_ros2/share/megarover_samples_ros2/models/vmegarover/meshes
[0.832s] -- Installing: /home/waritt/urosrobotsim_ws/install/megarover_samples_ros2/share/megarover_samples_ros2/models/vmegarover/meshes/dae
[0.832s] -- Installing: /home/waritt/urosrobotsim_ws/install/megarover_samples_ros2/share/megarover_samples_ros2/models/vmegarover/meshes/dae/r5_lrf.png
[0.832s] -- Installing: /home/waritt/urosrobotsim_ws/install/megarover_samples_ros2/share/megarover_samples_ros2/models/vmegarover/meshes/dae/vmega_wheel.dae
[0.833s] -- Installing: /home/waritt/urosrobotsim_ws/install/megarover_samples_ros2/share/megarover_samples_ros2/models/vmegarover/meshes/dae/main_body.dae
[0.833s] -- Installing: /home/waritt/urosrobotsim_ws/install/megarover_samples_ros2/share/megarover_samples_ros2/models/vmegarover/meshes/dae/r5.png
[0.833s] -- Installing: /home/waritt/urosrobotsim_ws/install/megarover_samples_ros2/share/megarover_samples_ros2/models/vmegarover/meshes/dae/lrf.dae
[0.833s] -- Installing: /home/waritt/urosrobotsim_ws/install/megarover_samples_ros2/share/megarover_samples_ros2/models/vmegarover/meshes/dae/megarover.dae
[0.834s] -- Installing: /home/waritt/urosrobotsim_ws/install/megarover_samples_ros2/share/megarover_samples_ros2/models/vmegarover/meshes/dae/vmega_body.dae
[0.839s] -- Installing: /home/waritt/urosrobotsim_ws/install/megarover_samples_ros2/share/megarover_samples_ros2/models/vmegarover/meshes/stl
[0.839s] -- Installing: /home/waritt/urosrobotsim_ws/install/megarover_samples_ros2/share/megarover_samples_ros2/models/vmegarover/meshes/stl/vmega_body.stl
[0.841s] -- Installing: /home/waritt/urosrobotsim_ws/install/megarover_samples_ros2/share/megarover_samples_ros2/models/vmegarover/meshes/stl/lrf.stl
[0.841s] -- Installing: /home/waritt/urosrobotsim_ws/install/megarover_samples_ros2/share/megarover_samples_ros2/models/vmegarover/meshes/stl/vmega_wheel.stl
[0.841s] -- Installing: /home/waritt/urosrobotsim_ws/install/megarover_samples_ros2/share/megarover_samples_ros2/models/vmegarover/meshes/stl/megarover.stl
[0.843s] -- Installing: /home/waritt/urosrobotsim_ws/install/megarover_samples_ros2/share/megarover_samples_ros2/robots
[0.843s] -- Installing: /home/waritt/urosrobotsim_ws/install/megarover_samples_ros2/share/megarover_samples_ros2/robots/vmegarover.urdf.xacro
[0.844s] -- Installing: /home/waritt/urosrobotsim_ws/install/megarover_samples_ros2/share/megarover_samples_ros2/rviz
[0.844s] -- Installing: /home/waritt/urosrobotsim_ws/install/megarover_samples_ros2/share/megarover_samples_ros2/rviz/mapping.rviz
[0.844s] -- Installing: /home/waritt/urosrobotsim_ws/install/megarover_samples_ros2/share/megarover_samples_ros2/rviz/navigation.rviz
[0.844s] -- Installing: /home/waritt/urosrobotsim_ws/install/megarover_samples_ros2/share/megarover_samples_ros2/scripts
[0.844s] -- Installing: /home/waritt/urosrobotsim_ws/install/megarover_samples_ros2/share/megarover_samples_ros2/scripts/.gitkeep
[0.844s] -- Installing: /home/waritt/urosrobotsim_ws/install/megarover_samples_ros2/share/megarover_samples_ros2/urdf
[0.844s] -- Installing: /home/waritt/urosrobotsim_ws/install/megarover_samples_ros2/share/megarover_samples_ros2/urdf/wheel
[0.844s] -- Installing: /home/waritt/urosrobotsim_ws/install/megarover_samples_ros2/share/megarover_samples_ros2/urdf/wheel/vwheel.urdf.xacro
[0.844s] -- Installing: /home/waritt/urosrobotsim_ws/install/megarover_samples_ros2/share/megarover_samples_ros2/urdf/wheel/wheel.gazebo.xacro
[0.844s] -- Installing: /home/waritt/urosrobotsim_ws/install/megarover_samples_ros2/share/megarover_samples_ros2/urdf/lrf
[0.844s] -- Installing: /home/waritt/urosrobotsim_ws/install/megarover_samples_ros2/share/megarover_samples_ros2/urdf/lrf/lrf.urdf.xacro
[0.844s] -- Installing: /home/waritt/urosrobotsim_ws/install/megarover_samples_ros2/share/megarover_samples_ros2/urdf/lrf/lrf.gazebo.xacro
[0.844s] -- Installing: /home/waritt/urosrobotsim_ws/install/megarover_samples_ros2/share/megarover_samples_ros2/urdf/body
[0.844s] -- Installing: /home/waritt/urosrobotsim_ws/install/megarover_samples_ros2/share/megarover_samples_ros2/urdf/body/body.gazebo.xacro
[0.844s] -- Installing: /home/waritt/urosrobotsim_ws/install/megarover_samples_ros2/share/megarover_samples_ros2/urdf/body/vbody.urdf.xacro
[0.844s] -- Installing: /home/waritt/urosrobotsim_ws/install/megarover_samples_ros2/share/megarover_samples_ros2/urdf/common.xacro
[0.844s] -- Installing: /home/waritt/urosrobotsim_ws/install/megarover_samples_ros2/share/megarover_samples_ros2/urdf/camera
[0.844s] -- Installing: /home/waritt/urosrobotsim_ws/install/megarover_samples_ros2/share/megarover_samples_ros2/urdf/camera/camera.gazebo.xacro
[0.844s] -- Installing: /home/waritt/urosrobotsim_ws/install/megarover_samples_ros2/share/megarover_samples_ros2/urdf/camera/camera.urdf.xacro
[0.844s] -- Installing: /home/waritt/urosrobotsim_ws/install/megarover_samples_ros2/share/megarover_samples_ros2/worlds
[0.844s] -- Installing: /home/waritt/urosrobotsim_ws/install/megarover_samples_ros2/share/megarover_samples_ros2/worlds/classic
[0.844s] -- Installing: /home/waritt/urosrobotsim_ws/install/megarover_samples_ros2/share/megarover_samples_ros2/worlds/classic/vmegarover_sample.world
[0.844s] -- Installing: /home/waritt/urosrobotsim_ws/install/megarover_samples_ros2/share/megarover_samples_ros2/worlds/ignition
[0.844s] -- Installing: /home/waritt/urosrobotsim_ws/install/megarover_samples_ros2/share/megarover_samples_ros2/worlds/ignition/vmegarover_sample.sdf
[0.844s] -- Installing: /home/waritt/urosrobotsim_ws/install/megarover_samples_ros2/share/ament_index/resource_index/package_run_dependencies/megarover_samples_ros2
[0.844s] -- Installing: /home/waritt/urosrobotsim_ws/install/megarover_samples_ros2/share/ament_index/resource_index/parent_prefix_path/megarover_samples_ros2
[0.845s] -- Installing: /home/waritt/urosrobotsim_ws/install/megarover_samples_ros2/share/megarover_samples_ros2/environment/ament_prefix_path.sh
[0.845s] -- Installing: /home/waritt/urosrobotsim_ws/install/megarover_samples_ros2/share/megarover_samples_ros2/environment/ament_prefix_path.dsv
[0.845s] -- Installing: /home/waritt/urosrobotsim_ws/install/megarover_samples_ros2/share/megarover_samples_ros2/environment/path.sh
[0.845s] -- Installing: /home/waritt/urosrobotsim_ws/install/megarover_samples_ros2/share/megarover_samples_ros2/environment/path.dsv
[0.845s] -- Installing: /home/waritt/urosrobotsim_ws/install/megarover_samples_ros2/share/megarover_samples_ros2/local_setup.bash
[0.845s] -- Installing: /home/waritt/urosrobotsim_ws/install/megarover_samples_ros2/share/megarover_samples_ros2/local_setup.sh
[0.845s] -- Installing: /home/waritt/urosrobotsim_ws/install/megarover_samples_ros2/share/megarover_samples_ros2/local_setup.zsh
[0.845s] -- Installing: /home/waritt/urosrobotsim_ws/install/megarover_samples_ros2/share/megarover_samples_ros2/local_setup.dsv
[0.845s] -- Installing: /home/waritt/urosrobotsim_ws/install/megarover_samples_ros2/share/megarover_samples_ros2/package.dsv
[0.845s] -- Installing: /home/waritt/urosrobotsim_ws/install/megarover_samples_ros2/share/ament_index/resource_index/packages/megarover_samples_ros2
[0.845s] -- Installing: /home/waritt/urosrobotsim_ws/install/megarover_samples_ros2/share/megarover_samples_ros2/cmake/megarover_samples_ros2Config.cmake
[0.845s] -- Installing: /home/waritt/urosrobotsim_ws/install/megarover_samples_ros2/share/megarover_samples_ros2/cmake/megarover_samples_ros2Config-version.cmake
[0.845s] -- Installing: /home/waritt/urosrobotsim_ws/install/megarover_samples_ros2/share/megarover_samples_ros2/package.xml
[0.847s] Invoked command in '/home/waritt/urosrobotsim_ws/build/megarover_samples_ros2' returned '0': CMAKE_PREFIX_PATH=${CMAKE_PREFIX_PATH}:/opt/ros/humble /usr/bin/cmake --install /home/waritt/urosrobotsim_ws/build/megarover_samples_ros2
