[0.017s] Invoking command in '/home/waritt/urosrobotsim_ws/build/imu_interfaces': CMAKE_PREFIX_PATH=${CMAKE_PREFIX_PATH}:/opt/ros/humble /usr/bin/cmake --build /home/waritt/urosrobotsim_ws/build/imu_interfaces -- -j16 -l16
[0.058s] [  9%] Built target imu_interfaces__rosidl_generator_c
[0.061s] [ 12%] Built target imu_interfaces__cpp
[0.073s] [ 12%] Built target ament_cmake_python_copy_imu_interfaces
[0.088s] [ 22%] Built target imu_interfaces__rosidl_typesupport_c
[0.088s] [ 32%] Built target imu_interfaces__rosidl_typesupport_introspection_c
[0.089s] [ 41%] Built target imu_interfaces__rosidl_typesupport_fastrtps_c
[0.095s] [ 51%] Built target imu_interfaces__rosidl_typesupport_cpp
[0.095s] [ 61%] Built target imu_interfaces__rosidl_typesupport_fastrtps_cpp
[0.096s] [ 70%] Built target imu_interfaces__rosidl_typesupport_introspection_cpp
[0.125s] [ 70%] Built target imu_interfaces
[0.133s] [ 74%] Built target imu_interfaces__py
[0.154s] [ 80%] Built target imu_interfaces__rosidl_generator_py
[0.178s] [ 87%] Built target imu_interfaces__rosidl_typesupport_c__pyext
[0.179s] [100%] Built target imu_interfaces__rosidl_typesupport_fastrtps_c__pyext
[0.179s] [100%] Built target imu_interfaces__rosidl_typesupport_introspection_c__pyext
[0.279s] running egg_info
[0.280s] writing imu_interfaces.egg-info/PKG-INFO
[0.280s] writing dependency_links to imu_interfaces.egg-info/dependency_links.txt
[0.280s] writing top-level names to imu_interfaces.egg-info/top_level.txt
[0.282s] reading manifest file 'imu_interfaces.egg-info/SOURCES.txt'
[0.282s] writing manifest file 'imu_interfaces.egg-info/SOURCES.txt'
[0.302s] [100%] Built target ament_cmake_python_build_imu_interfaces_egg
[0.310s] Invoked command in '/home/waritt/urosrobotsim_ws/build/imu_interfaces' returned '0': CMAKE_PREFIX_PATH=${CMAKE_PREFIX_PATH}:/opt/ros/humble /usr/bin/cmake --build /home/waritt/urosrobotsim_ws/build/imu_interfaces -- -j16 -l16
[0.361s] Invoking command in '/home/waritt/urosrobotsim_ws/build/imu_interfaces': CMAKE_PREFIX_PATH=${CMAKE_PREFIX_PATH}:/opt/ros/humble /usr/bin/cmake --install /home/waritt/urosrobotsim_ws/build/imu_interfaces
[0.367s] -- Install configuration: ""
[0.367s] -- Up-to-date: /home/waritt/urosrobotsim_ws/install/imu_interfaces/share/ament_index/resource_index/rosidl_interfaces/imu_interfaces
[0.367s] -- Up-to-date: /home/waritt/urosrobotsim_ws/install/imu_interfaces/include/imu_interfaces/imu_interfaces
[0.367s] -- Up-to-date: /home/waritt/urosrobotsim_ws/install/imu_interfaces/include/imu_interfaces/imu_interfaces/msg
[0.367s] -- Up-to-date: /home/waritt/urosrobotsim_ws/install/imu_interfaces/include/imu_interfaces/imu_interfaces/msg/rosidl_generator_c__visibility_control.h
[0.367s] -- Up-to-date: /home/waritt/urosrobotsim_ws/install/imu_interfaces/include/imu_interfaces/imu_interfaces/srv
[0.367s] -- Up-to-date: /home/waritt/urosrobotsim_ws/install/imu_interfaces/include/imu_interfaces/imu_interfaces/srv/imu_calibration.h
[0.367s] -- Up-to-date: /home/waritt/urosrobotsim_ws/install/imu_interfaces/include/imu_interfaces/imu_interfaces/srv/detail
[0.368s] -- Up-to-date: /home/waritt/urosrobotsim_ws/install/imu_interfaces/include/imu_interfaces/imu_interfaces/srv/detail/imu_calibration__functions.h
[0.368s] -- Up-to-date: /home/waritt/urosrobotsim_ws/install/imu_interfaces/include/imu_interfaces/imu_interfaces/srv/detail/imu_calibration__type_support.h
[0.368s] -- Up-to-date: /home/waritt/urosrobotsim_ws/install/imu_interfaces/include/imu_interfaces/imu_interfaces/srv/detail/imu_calibration__struct.h
[0.368s] -- Up-to-date: /home/waritt/urosrobotsim_ws/install/imu_interfaces/include/imu_interfaces/imu_interfaces/srv/detail/imu_calibration__functions.c
[0.368s] -- Up-to-date: /home/waritt/urosrobotsim_ws/install/imu_interfaces/share/imu_interfaces/environment/library_path.sh
[0.368s] -- Up-to-date: /home/waritt/urosrobotsim_ws/install/imu_interfaces/share/imu_interfaces/environment/library_path.dsv
[0.368s] -- Up-to-date: /home/waritt/urosrobotsim_ws/install/imu_interfaces/lib/libimu_interfaces__rosidl_generator_c.so
[0.368s] -- Up-to-date: /home/waritt/urosrobotsim_ws/install/imu_interfaces/include/imu_interfaces/imu_interfaces
[0.369s] -- Up-to-date: /home/waritt/urosrobotsim_ws/install/imu_interfaces/include/imu_interfaces/imu_interfaces/msg
[0.369s] -- Up-to-date: /home/waritt/urosrobotsim_ws/install/imu_interfaces/include/imu_interfaces/imu_interfaces/msg/rosidl_typesupport_fastrtps_c__visibility_control.h
[0.370s] -- Up-to-date: /home/waritt/urosrobotsim_ws/install/imu_interfaces/include/imu_interfaces/imu_interfaces/srv
[0.370s] -- Up-to-date: /home/waritt/urosrobotsim_ws/install/imu_interfaces/include/imu_interfaces/imu_interfaces/srv/detail
[0.370s] -- Up-to-date: /home/waritt/urosrobotsim_ws/install/imu_interfaces/include/imu_interfaces/imu_interfaces/srv/detail/imu_calibration__rosidl_typesupport_fastrtps_c.h
[0.370s] -- Up-to-date: /home/waritt/urosrobotsim_ws/install/imu_interfaces/lib/libimu_interfaces__rosidl_typesupport_fastrtps_c.so
[0.370s] -- Up-to-date: /home/waritt/urosrobotsim_ws/install/imu_interfaces/include/imu_interfaces/imu_interfaces
[0.371s] -- Up-to-date: /home/waritt/urosrobotsim_ws/install/imu_interfaces/include/imu_interfaces/imu_interfaces/srv
[0.371s] -- Up-to-date: /home/waritt/urosrobotsim_ws/install/imu_interfaces/include/imu_interfaces/imu_interfaces/srv/imu_calibration.hpp
[0.371s] -- Up-to-date: /home/waritt/urosrobotsim_ws/install/imu_interfaces/include/imu_interfaces/imu_interfaces/srv/detail
[0.371s] -- Up-to-date: /home/waritt/urosrobotsim_ws/install/imu_interfaces/include/imu_interfaces/imu_interfaces/srv/detail/imu_calibration__struct.hpp
[0.371s] -- Up-to-date: /home/waritt/urosrobotsim_ws/install/imu_interfaces/include/imu_interfaces/imu_interfaces/srv/detail/imu_calibration__traits.hpp
[0.371s] -- Up-to-date: /home/waritt/urosrobotsim_ws/install/imu_interfaces/include/imu_interfaces/imu_interfaces/srv/detail/imu_calibration__builder.hpp
[0.371s] -- Up-to-date: /home/waritt/urosrobotsim_ws/install/imu_interfaces/include/imu_interfaces/imu_interfaces
[0.371s] -- Up-to-date: /home/waritt/urosrobotsim_ws/install/imu_interfaces/include/imu_interfaces/imu_interfaces/msg
[0.371s] -- Up-to-date: /home/waritt/urosrobotsim_ws/install/imu_interfaces/include/imu_interfaces/imu_interfaces/msg/rosidl_typesupport_fastrtps_cpp__visibility_control.h
[0.371s] -- Up-to-date: /home/waritt/urosrobotsim_ws/install/imu_interfaces/include/imu_interfaces/imu_interfaces/srv
[0.371s] -- Up-to-date: /home/waritt/urosrobotsim_ws/install/imu_interfaces/include/imu_interfaces/imu_interfaces/srv/detail
[0.371s] -- Up-to-date: /home/waritt/urosrobotsim_ws/install/imu_interfaces/include/imu_interfaces/imu_interfaces/srv/detail/dds_fastrtps
[0.371s] -- Up-to-date: /home/waritt/urosrobotsim_ws/install/imu_interfaces/include/imu_interfaces/imu_interfaces/srv/detail/imu_calibration__rosidl_typesupport_fastrtps_cpp.hpp
[0.371s] -- Up-to-date: /home/waritt/urosrobotsim_ws/install/imu_interfaces/lib/libimu_interfaces__rosidl_typesupport_fastrtps_cpp.so
[0.371s] -- Up-to-date: /home/waritt/urosrobotsim_ws/install/imu_interfaces/include/imu_interfaces/imu_interfaces
[0.371s] -- Up-to-date: /home/waritt/urosrobotsim_ws/install/imu_interfaces/include/imu_interfaces/imu_interfaces/msg
[0.371s] -- Up-to-date: /home/waritt/urosrobotsim_ws/install/imu_interfaces/include/imu_interfaces/imu_interfaces/msg/rosidl_typesupport_introspection_c__visibility_control.h
[0.371s] -- Up-to-date: /home/waritt/urosrobotsim_ws/install/imu_interfaces/include/imu_interfaces/imu_interfaces/srv
[0.371s] -- Up-to-date: /home/waritt/urosrobotsim_ws/install/imu_interfaces/include/imu_interfaces/imu_interfaces/srv/detail
[0.372s] -- Up-to-date: /home/waritt/urosrobotsim_ws/install/imu_interfaces/include/imu_interfaces/imu_interfaces/srv/detail/imu_calibration__type_support.c
[0.372s] -- Up-to-date: /home/waritt/urosrobotsim_ws/install/imu_interfaces/include/imu_interfaces/imu_interfaces/srv/detail/imu_calibration__rosidl_typesupport_introspection_c.h
[0.372s] -- Up-to-date: /home/waritt/urosrobotsim_ws/install/imu_interfaces/lib/libimu_interfaces__rosidl_typesupport_introspection_c.so
[0.372s] -- Up-to-date: /home/waritt/urosrobotsim_ws/install/imu_interfaces/lib/libimu_interfaces__rosidl_typesupport_c.so
[0.372s] -- Up-to-date: /home/waritt/urosrobotsim_ws/install/imu_interfaces/include/imu_interfaces/imu_interfaces
[0.372s] -- Up-to-date: /home/waritt/urosrobotsim_ws/install/imu_interfaces/include/imu_interfaces/imu_interfaces/srv
[0.372s] -- Up-to-date: /home/waritt/urosrobotsim_ws/install/imu_interfaces/include/imu_interfaces/imu_interfaces/srv/detail
[0.372s] -- Up-to-date: /home/waritt/urosrobotsim_ws/install/imu_interfaces/include/imu_interfaces/imu_interfaces/srv/detail/imu_calibration__type_support.cpp
[0.372s] -- Up-to-date: /home/waritt/urosrobotsim_ws/install/imu_interfaces/include/imu_interfaces/imu_interfaces/srv/detail/imu_calibration__rosidl_typesupport_introspection_cpp.hpp
[0.372s] -- Up-to-date: /home/waritt/urosrobotsim_ws/install/imu_interfaces/lib/libimu_interfaces__rosidl_typesupport_introspection_cpp.so
[0.372s] -- Up-to-date: /home/waritt/urosrobotsim_ws/install/imu_interfaces/lib/libimu_interfaces__rosidl_typesupport_cpp.so
[0.372s] -- Up-to-date: /home/waritt/urosrobotsim_ws/install/imu_interfaces/share/imu_interfaces/environment/pythonpath.sh
[0.372s] -- Up-to-date: /home/waritt/urosrobotsim_ws/install/imu_interfaces/share/imu_interfaces/environment/pythonpath.dsv
[0.372s] -- Up-to-date: /home/waritt/urosrobotsim_ws/install/imu_interfaces/local/lib/python3.10/dist-packages/imu_interfaces-0.0.0-py3.10.egg-info
[0.372s] -- Installing: /home/waritt/urosrobotsim_ws/install/imu_interfaces/local/lib/python3.10/dist-packages/imu_interfaces-0.0.0-py3.10.egg-info/SOURCES.txt
[0.372s] -- Installing: /home/waritt/urosrobotsim_ws/install/imu_interfaces/local/lib/python3.10/dist-packages/imu_interfaces-0.0.0-py3.10.egg-info/top_level.txt
[0.372s] -- Installing: /home/waritt/urosrobotsim_ws/install/imu_interfaces/local/lib/python3.10/dist-packages/imu_interfaces-0.0.0-py3.10.egg-info/PKG-INFO
[0.372s] -- Installing: /home/waritt/urosrobotsim_ws/install/imu_interfaces/local/lib/python3.10/dist-packages/imu_interfaces-0.0.0-py3.10.egg-info/dependency_links.txt
[0.372s] -- Up-to-date: /home/waritt/urosrobotsim_ws/install/imu_interfaces/local/lib/python3.10/dist-packages/imu_interfaces
[0.372s] -- Up-to-date: /home/waritt/urosrobotsim_ws/install/imu_interfaces/local/lib/python3.10/dist-packages/imu_interfaces/libimu_interfaces__rosidl_generator_py.so
[0.372s] -- Up-to-date: /home/waritt/urosrobotsim_ws/install/imu_interfaces/local/lib/python3.10/dist-packages/imu_interfaces/imu_interfaces_s__rosidl_typesupport_c.cpython-310-x86_64-linux-gnu.so
[0.372s] -- Up-to-date: /home/waritt/urosrobotsim_ws/install/imu_interfaces/local/lib/python3.10/dist-packages/imu_interfaces/imu_interfaces_s__rosidl_typesupport_fastrtps_c.cpython-310-x86_64-linux-gnu.so
[0.372s] -- Up-to-date: /home/waritt/urosrobotsim_ws/install/imu_interfaces/local/lib/python3.10/dist-packages/imu_interfaces/__init__.py
[0.372s] -- Up-to-date: /home/waritt/urosrobotsim_ws/install/imu_interfaces/local/lib/python3.10/dist-packages/imu_interfaces/_imu_interfaces_s.ep.rosidl_typesupport_c.c
[0.372s] -- Up-to-date: /home/waritt/urosrobotsim_ws/install/imu_interfaces/local/lib/python3.10/dist-packages/imu_interfaces/_imu_interfaces_s.ep.rosidl_typesupport_introspection_c.c
[0.373s] -- Up-to-date: /home/waritt/urosrobotsim_ws/install/imu_interfaces/local/lib/python3.10/dist-packages/imu_interfaces/imu_interfaces_s__rosidl_typesupport_introspection_c.cpython-310-x86_64-linux-gnu.so
[0.373s] -- Up-to-date: /home/waritt/urosrobotsim_ws/install/imu_interfaces/local/lib/python3.10/dist-packages/imu_interfaces/_imu_interfaces_s.ep.rosidl_typesupport_fastrtps_c.c
[0.373s] -- Up-to-date: /home/waritt/urosrobotsim_ws/install/imu_interfaces/local/lib/python3.10/dist-packages/imu_interfaces/srv
[0.373s] -- Up-to-date: /home/waritt/urosrobotsim_ws/install/imu_interfaces/local/lib/python3.10/dist-packages/imu_interfaces/srv/__init__.py
[0.373s] -- Up-to-date: /home/waritt/urosrobotsim_ws/install/imu_interfaces/local/lib/python3.10/dist-packages/imu_interfaces/srv/_imu_calibration_s.c
[0.373s] -- Up-to-date: /home/waritt/urosrobotsim_ws/install/imu_interfaces/local/lib/python3.10/dist-packages/imu_interfaces/srv/_imu_calibration.py
[0.396s] Listing '/home/waritt/urosrobotsim_ws/install/imu_interfaces/local/lib/python3.10/dist-packages/imu_interfaces'...
[0.396s] Listing '/home/waritt/urosrobotsim_ws/install/imu_interfaces/local/lib/python3.10/dist-packages/imu_interfaces/srv'...
[0.399s] -- Up-to-date: /home/waritt/urosrobotsim_ws/install/imu_interfaces/local/lib/python3.10/dist-packages/imu_interfaces/imu_interfaces_s__rosidl_typesupport_fastrtps_c.cpython-310-x86_64-linux-gnu.so
[0.401s] -- Up-to-date: /home/waritt/urosrobotsim_ws/install/imu_interfaces/local/lib/python3.10/dist-packages/imu_interfaces/imu_interfaces_s__rosidl_typesupport_introspection_c.cpython-310-x86_64-linux-gnu.so
[0.401s] -- Up-to-date: /home/waritt/urosrobotsim_ws/install/imu_interfaces/local/lib/python3.10/dist-packages/imu_interfaces/imu_interfaces_s__rosidl_typesupport_c.cpython-310-x86_64-linux-gnu.so
[0.401s] -- Up-to-date: /home/waritt/urosrobotsim_ws/install/imu_interfaces/lib/libimu_interfaces__rosidl_generator_py.so
[0.401s] -- Up-to-date: /home/waritt/urosrobotsim_ws/install/imu_interfaces/share/imu_interfaces/srv/ImuCalibration.idl
[0.401s] -- Up-to-date: /home/waritt/urosrobotsim_ws/install/imu_interfaces/share/imu_interfaces/srv/ImuCalibration.srv
[0.401s] -- Up-to-date: /home/waritt/urosrobotsim_ws/install/imu_interfaces/share/imu_interfaces/srv/ImuCalibration_Request.msg
[0.401s] -- Up-to-date: /home/waritt/urosrobotsim_ws/install/imu_interfaces/share/imu_interfaces/srv/ImuCalibration_Response.msg
[0.402s] -- Up-to-date: /home/waritt/urosrobotsim_ws/install/imu_interfaces/share/ament_index/resource_index/package_run_dependencies/imu_interfaces
[0.402s] -- Up-to-date: /home/waritt/urosrobotsim_ws/install/imu_interfaces/share/ament_index/resource_index/parent_prefix_path/imu_interfaces
[0.402s] -- Up-to-date: /home/waritt/urosrobotsim_ws/install/imu_interfaces/share/imu_interfaces/environment/ament_prefix_path.sh
[0.402s] -- Up-to-date: /home/waritt/urosrobotsim_ws/install/imu_interfaces/share/imu_interfaces/environment/ament_prefix_path.dsv
[0.402s] -- Up-to-date: /home/waritt/urosrobotsim_ws/install/imu_interfaces/share/imu_interfaces/environment/path.sh
[0.402s] -- Up-to-date: /home/waritt/urosrobotsim_ws/install/imu_interfaces/share/imu_interfaces/environment/path.dsv
[0.402s] -- Up-to-date: /home/waritt/urosrobotsim_ws/install/imu_interfaces/share/imu_interfaces/local_setup.bash
[0.402s] -- Up-to-date: /home/waritt/urosrobotsim_ws/install/imu_interfaces/share/imu_interfaces/local_setup.sh
[0.402s] -- Up-to-date: /home/waritt/urosrobotsim_ws/install/imu_interfaces/share/imu_interfaces/local_setup.zsh
[0.402s] -- Up-to-date: /home/waritt/urosrobotsim_ws/install/imu_interfaces/share/imu_interfaces/local_setup.dsv
[0.402s] -- Installing: /home/waritt/urosrobotsim_ws/install/imu_interfaces/share/imu_interfaces/package.dsv
[0.402s] -- Up-to-date: /home/waritt/urosrobotsim_ws/install/imu_interfaces/share/ament_index/resource_index/packages/imu_interfaces
[0.402s] -- Up-to-date: /home/waritt/urosrobotsim_ws/install/imu_interfaces/share/imu_interfaces/cmake/export_imu_interfaces__rosidl_generator_cExport.cmake
[0.402s] -- Up-to-date: /home/waritt/urosrobotsim_ws/install/imu_interfaces/share/imu_interfaces/cmake/export_imu_interfaces__rosidl_generator_cExport-noconfig.cmake
[0.402s] -- Up-to-date: /home/waritt/urosrobotsim_ws/install/imu_interfaces/share/imu_interfaces/cmake/export_imu_interfaces__rosidl_typesupport_fastrtps_cExport.cmake
[0.402s] -- Up-to-date: /home/waritt/urosrobotsim_ws/install/imu_interfaces/share/imu_interfaces/cmake/export_imu_interfaces__rosidl_typesupport_fastrtps_cExport-noconfig.cmake
[0.403s] -- Up-to-date: /home/waritt/urosrobotsim_ws/install/imu_interfaces/share/imu_interfaces/cmake/export_imu_interfaces__rosidl_generator_cppExport.cmake
[0.403s] -- Up-to-date: /home/waritt/urosrobotsim_ws/install/imu_interfaces/share/imu_interfaces/cmake/export_imu_interfaces__rosidl_typesupport_fastrtps_cppExport.cmake
[0.404s] -- Up-to-date: /home/waritt/urosrobotsim_ws/install/imu_interfaces/share/imu_interfaces/cmake/export_imu_interfaces__rosidl_typesupport_fastrtps_cppExport-noconfig.cmake
[0.404s] -- Up-to-date: /home/waritt/urosrobotsim_ws/install/imu_interfaces/share/imu_interfaces/cmake/imu_interfaces__rosidl_typesupport_introspection_cExport.cmake
[0.404s] -- Up-to-date: /home/waritt/urosrobotsim_ws/install/imu_interfaces/share/imu_interfaces/cmake/imu_interfaces__rosidl_typesupport_introspection_cExport-noconfig.cmake
[0.404s] -- Up-to-date: /home/waritt/urosrobotsim_ws/install/imu_interfaces/share/imu_interfaces/cmake/imu_interfaces__rosidl_typesupport_cExport.cmake
[0.404s] -- Up-to-date: /home/waritt/urosrobotsim_ws/install/imu_interfaces/share/imu_interfaces/cmake/imu_interfaces__rosidl_typesupport_cExport-noconfig.cmake
[0.404s] -- Up-to-date: /home/waritt/urosrobotsim_ws/install/imu_interfaces/share/imu_interfaces/cmake/imu_interfaces__rosidl_typesupport_introspection_cppExport.cmake
[0.404s] -- Up-to-date: /home/waritt/urosrobotsim_ws/install/imu_interfaces/share/imu_interfaces/cmake/imu_interfaces__rosidl_typesupport_introspection_cppExport-noconfig.cmake
[0.404s] -- Up-to-date: /home/waritt/urosrobotsim_ws/install/imu_interfaces/share/imu_interfaces/cmake/imu_interfaces__rosidl_typesupport_cppExport.cmake
[0.404s] -- Up-to-date: /home/waritt/urosrobotsim_ws/install/imu_interfaces/share/imu_interfaces/cmake/imu_interfaces__rosidl_typesupport_cppExport-noconfig.cmake
[0.404s] -- Up-to-date: /home/waritt/urosrobotsim_ws/install/imu_interfaces/share/imu_interfaces/cmake/export_imu_interfaces__rosidl_generator_pyExport.cmake
[0.405s] -- Up-to-date: /home/waritt/urosrobotsim_ws/install/imu_interfaces/share/imu_interfaces/cmake/export_imu_interfaces__rosidl_generator_pyExport-noconfig.cmake
[0.405s] -- Up-to-date: /home/waritt/urosrobotsim_ws/install/imu_interfaces/share/imu_interfaces/cmake/rosidl_cmake-extras.cmake
[0.405s] -- Up-to-date: /home/waritt/urosrobotsim_ws/install/imu_interfaces/share/imu_interfaces/cmake/ament_cmake_export_dependencies-extras.cmake
[0.405s] -- Up-to-date: /home/waritt/urosrobotsim_ws/install/imu_interfaces/share/imu_interfaces/cmake/ament_cmake_export_include_directories-extras.cmake
[0.405s] -- Up-to-date: /home/waritt/urosrobotsim_ws/install/imu_interfaces/share/imu_interfaces/cmake/ament_cmake_export_libraries-extras.cmake
[0.405s] -- Up-to-date: /home/waritt/urosrobotsim_ws/install/imu_interfaces/share/imu_interfaces/cmake/ament_cmake_export_targets-extras.cmake
[0.405s] -- Up-to-date: /home/waritt/urosrobotsim_ws/install/imu_interfaces/share/imu_interfaces/cmake/rosidl_cmake_export_typesupport_targets-extras.cmake
[0.405s] -- Up-to-date: /home/waritt/urosrobotsim_ws/install/imu_interfaces/share/imu_interfaces/cmake/rosidl_cmake_export_typesupport_libraries-extras.cmake
[0.405s] -- Up-to-date: /home/waritt/urosrobotsim_ws/install/imu_interfaces/share/imu_interfaces/cmake/imu_interfacesConfig.cmake
[0.405s] -- Up-to-date: /home/waritt/urosrobotsim_ws/install/imu_interfaces/share/imu_interfaces/cmake/imu_interfacesConfig-version.cmake
[0.405s] -- Up-to-date: /home/waritt/urosrobotsim_ws/install/imu_interfaces/share/imu_interfaces/package.xml
[0.410s] Invoked command in '/home/waritt/urosrobotsim_ws/build/imu_interfaces' returned '0': CMAKE_PREFIX_PATH=${CMAKE_PREFIX_PATH}:/opt/ros/humble /usr/bin/cmake --install /home/waritt/urosrobotsim_ws/build/imu_interfaces
