2024-10-29 17:02:00,185 [INFO] Activator:176 - 


2024-10-29 17:02:00,186 [INFO] Activator:177 - !SESSION log4j initialized
2024-10-29 17:02:01,921 [INFO] LogOutputStream:77 - [STDOUT_REDIRECT] 
2024-10-29 17:02:02,807 [INFO] ApplicationProperties:184 - Using Application install path: /opt/st/stm32cubeide_1.16.1/plugins/com.st.stm32cube.common.mx_6.12.1.202409122256
2024-10-29 17:02:02,816 [INFO] DbMcusXml:78 - Set database path to: /opt/st/stm32cubeide_1.16.1/plugins/com.st.stm32cube.common.mx_6.12.1.202409122256//db//mcu/
2024-10-29 17:02:02,816 [INFO] ApiDb:274 - Set plugin database path to: /opt/st/stm32cubeide_1.16.1/plugins/com.st.stm32cube.common.mx_6.12.1.202409122256//db//plugins/boardmanager/
2024-10-29 17:02:02,816 [WARN] ApiDb:259 - Overriding images path with different value:  => /opt/st/stm32cubeide_1.16.1/plugins/com.st.stm32cube.common.mx_6.12.1.202409122256//db//plugins/mcufinder/images/
2024-10-29 17:02:02,818 [INFO] ApiDb:250 - Set database path to: /home/waritt/.stmcufinder/plugins/mcufinder//mcu/
2024-10-29 17:02:02,819 [INFO] DbMcusAds:125 - Set database path to: /home/waritt/.stmcufinder/plugins/mcufinder//mcu/
2024-10-29 17:02:02,820 [INFO] CrossReferenceDbSqlite:203 - Set database path to: /home/waritt/.stmcufinder/plugins/mcufinder//mcu/cs/
2024-10-29 17:02:02,882 [INFO] RulesReader:64 - Compatibility file has been processed (297 Rules)
2024-10-29 17:02:02,921 [INFO] DbMcusXml:78 - Set database path to: /opt/st/stm32cubeide_1.16.1/plugins/com.st.stm32cube.common.mx_6.12.1.202409122256//db//mcu/
2024-10-29 17:02:02,921 [INFO] ApiDb:274 - Set plugin database path to: /opt/st/stm32cubeide_1.16.1/plugins/com.st.stm32cube.common.mx_6.12.1.202409122256//db//plugins/boardmanager/
2024-10-29 17:02:02,921 [INFO] ApiDb:261 - Set plugin images path to: /opt/st/stm32cubeide_1.16.1/plugins/com.st.stm32cube.common.mx_6.12.1.202409122256//db//plugins/mcufinder/images/
2024-10-29 17:02:02,921 [WARN] DbFile:41 - Overriding database path with different value: /home/waritt/.stmcufinder/plugins/mcufinder/ => /home/waritt/.stmcufinder/plugins/mcufinder
2024-10-29 17:02:02,921 [INFO] ApiDb:250 - Set database path to: /home/waritt/.stmcufinder/plugins/mcufinder//mcu/
2024-10-29 17:02:02,921 [WARN] DbFile:41 - Overriding database path with different value: /home/waritt/.stmcufinder/plugins/mcufinder/ => /home/waritt/.stmcufinder/plugins/mcufinder
2024-10-29 17:02:02,921 [INFO] DbMcusAds:125 - Set database path to: /home/waritt/.stmcufinder/plugins/mcufinder//mcu/
2024-10-29 17:02:02,921 [WARN] DbFile:41 - Overriding database path with different value: /home/waritt/.stmcufinder/plugins/mcufinder/ => /home/waritt/.stmcufinder/plugins/mcufinder
2024-10-29 17:02:02,921 [WARN] DbFile:41 - Overriding database path with different value: /home/waritt/.stmcufinder/plugins/mcufinder/ => /home/waritt/.stmcufinder/plugins/mcufinder
2024-10-29 17:02:02,921 [INFO] CrossReferenceDbSqlite:203 - Set database path to: /home/waritt/.stmcufinder/plugins/mcufinder//mcu/cs/
2024-10-29 17:02:02,961 [INFO] MainPanel:268 - HeapMemory: 268435456
2024-10-29 17:02:03,020 [INFO] DbMcusXml:78 - Set database path to: /opt/st/stm32cubeide_1.16.1/plugins/com.st.stm32cube.common.mx_6.12.1.202409122256//db//mcu/
2024-10-29 17:02:03,020 [INFO] ApiDb:274 - Set plugin database path to: /opt/st/stm32cubeide_1.16.1/plugins/com.st.stm32cube.common.mx_6.12.1.202409122256//db//plugins/boardmanager/
2024-10-29 17:02:03,020 [INFO] ApiDb:261 - Set plugin images path to: /opt/st/stm32cubeide_1.16.1/plugins/com.st.stm32cube.common.mx_6.12.1.202409122256//db//plugins/mcufinder/images/
2024-10-29 17:02:03,020 [WARN] DbFile:41 - Overriding database path with different value: /home/waritt/.stmcufinder/plugins/mcufinder/ => /home/waritt/.stmcufinder/plugins/mcufinder
2024-10-29 17:02:03,020 [INFO] ApiDb:250 - Set database path to: /home/waritt/.stmcufinder/plugins/mcufinder//mcu/
2024-10-29 17:02:03,020 [WARN] DbFile:41 - Overriding database path with different value: /home/waritt/.stmcufinder/plugins/mcufinder/ => /home/waritt/.stmcufinder/plugins/mcufinder
2024-10-29 17:02:03,020 [INFO] DbMcusAds:125 - Set database path to: /home/waritt/.stmcufinder/plugins/mcufinder//mcu/
2024-10-29 17:02:03,020 [WARN] DbFile:41 - Overriding database path with different value: /home/waritt/.stmcufinder/plugins/mcufinder/ => /home/waritt/.stmcufinder/plugins/mcufinder
2024-10-29 17:02:03,020 [WARN] DbFile:41 - Overriding database path with different value: /home/waritt/.stmcufinder/plugins/mcufinder/ => /home/waritt/.stmcufinder/plugins/mcufinder
2024-10-29 17:02:03,020 [INFO] CrossReferenceDbSqlite:203 - Set database path to: /home/waritt/.stmcufinder/plugins/mcufinder//mcu/cs/
2024-10-29 17:02:03,029 [INFO] ApplicationProperties:184 - Using Application install path: /opt/st/stm32cubeide_1.16.1/plugins/com.st.stm32cube.common.mx_6.12.1.202409122256
2024-10-29 17:02:03,030 [INFO] PluginManage:196 - Search for loadable plugins [exclusion list=, ]
2024-10-29 17:02:03,031 [INFO] PluginManage:310 - Check plugin analytics
2024-10-29 17:02:03,108 [INFO] AnalyticsPlugin:253 - Accepted Software Licenses: 
2024-10-29 17:02:03,108 [INFO] AnalyticsPlugin:255 - Accepted CMSIS Pack Licenses: 
2024-10-29 17:02:03,108 [INFO] AnalyticsPlugin:257 - Accepted Firmware Licenses: FW.G4.1.6.0
2024-10-29 17:02:03,109 [INFO] PluginManage:359 - Loaded plugin analytics (category:tool,tabindex:-1)
2024-10-29 17:02:03,110 [INFO] PluginManage:310 - Check plugin cadmodel
2024-10-29 17:02:03,111 [INFO] CADModel:105 - Init CAD model plugin
2024-10-29 17:02:03,111 [INFO] PluginManage:359 - Loaded plugin cadmodel (category:power,tabindex:5)
2024-10-29 17:02:03,112 [INFO] PluginManage:310 - Check plugin clock
2024-10-29 17:02:03,116 [INFO] PluginManage:359 - Loaded plugin clock (category:base,tabindex:2)
2024-10-29 17:02:03,116 [INFO] PluginManage:310 - Check plugin ddr
2024-10-29 17:02:03,117 [INFO] PluginManage:359 - Loaded plugin ddr (category:tool,tabindex:6)
2024-10-29 17:02:03,117 [INFO] PluginManage:310 - Check plugin filemanager
2024-10-29 17:02:03,200 [INFO] PluginManage:359 - Loaded plugin filemanager (category:base,tabindex:10)
2024-10-29 17:02:03,200 [INFO] PluginManage:310 - Check plugin ipmanager
2024-10-29 17:02:03,203 [INFO] PluginManage:359 - Loaded plugin ipmanager (category:base,tabindex:5)
2024-10-29 17:02:03,203 [INFO] PluginManage:310 - Check plugin lpbam
2024-10-29 17:02:03,215 [INFO] PluginManage:359 - Loaded plugin lpbam (category:base,tabindex:0)
2024-10-29 17:02:03,215 [INFO] PluginManage:310 - Check plugin memorymap
2024-10-29 17:02:03,223 [INFO] PluginManage:359 - Loaded plugin memorymap (category:base,tabindex:4)
2024-10-29 17:02:03,223 [INFO] PluginManage:310 - Check plugin pinoutandconfiguration
2024-10-29 17:02:03,227 [INFO] PluginManage:359 - Loaded plugin pinoutandconfiguration (category:base,tabindex:1)
2024-10-29 17:02:03,228 [INFO] PluginManage:310 - Check plugin pinoutconfig
2024-10-29 17:02:03,288 [WARN] SupportedApi:132 - Cannot load RTOS API schema: s4s-elt-must-match.1: The content of 'definitions' must match (annotation?, (simpleType | complexType)?, (unique | key | keyref)*)). A problem was found starting at: attribute.
2024-10-29 17:02:03,366 [INFO] PluginManage:359 - Loaded plugin pinoutconfig (category:base,tabindex:0)
2024-10-29 17:02:03,366 [INFO] PluginManage:310 - Check plugin power
2024-10-29 17:02:03,370 [INFO] PluginManage:359 - Loaded plugin power (category:power,tabindex:4)
2024-10-29 17:02:03,370 [INFO] PluginManage:310 - Check plugin projectmanager
2024-10-29 17:02:03,378 [INFO] PluginManage:359 - Loaded plugin projectmanager (category:projectmanager,tabindex:4)
2024-10-29 17:02:03,379 [INFO] PluginManage:310 - Check plugin rif
2024-10-29 17:02:03,381 [INFO] PluginManage:359 - Loaded plugin rif (category:base,tabindex:3)
2024-10-29 17:02:03,381 [INFO] PluginManage:310 - Check plugin thirdparty
2024-10-29 17:02:03,443 [INFO] PluginManage:359 - Loaded plugin thirdparty (category:base,tabindex:-1)
2024-10-29 17:02:03,443 [WARN] IntegrityCheckThread:84 - waiting for thirdparty lock release [integrity check]
2024-10-29 17:02:03,443 [INFO] PluginManage:310 - Check plugin tools
2024-10-29 17:02:03,443 [INFO] IntegrityCheckThread:86 - entering critical section [integrity check]
2024-10-29 17:02:03,444 [INFO] ThirdPartyUpdaterWithRetryManager:70 - Updater plugin not ready yet. [1/15]
2024-10-29 17:02:03,445 [INFO] PluginManage:359 - Loaded plugin tools (category:base,tabindex:7)
2024-10-29 17:02:03,445 [INFO] PluginManage:310 - Check plugin tutovideos
2024-10-29 17:02:03,534 [INFO] PluginManage:359 - Loaded plugin tutovideos (category:base,tabindex:-1)
2024-10-29 17:02:03,534 [INFO] PluginManage:310 - Check plugin updater
2024-10-29 17:02:03,544 [INFO] PluginManage:359 - Loaded plugin updater (category:base,tabindex:12)
2024-10-29 17:02:03,544 [INFO] PluginManage:310 - Check plugin userauth
2024-10-29 17:02:03,547 [INFO] UserAuth:113 - Init User Auth plugin
2024-10-29 17:02:03,547 [INFO] PluginManage:359 - Loaded plugin userauth (category:base,tabindex:14)
2024-10-29 17:02:03,547 [INFO] PluginManage:283 - PluginManage : Loaded plugins [18]
2024-10-29 17:02:03,635 [INFO] PinOutPanel:1561 - setPackage(No Configuration,No Configuration)
2024-10-29 17:02:03,677 [INFO] CADModel:165 - CPN selected for project level
2024-10-29 17:02:03,677 [INFO] CADModel:114 - Register for checkConnection events
2024-10-29 17:02:03,686 [INFO] IPUIPlugin:80 - create IPUIPlugin
2024-10-29 17:02:03,686 [INFO] PluginManager:220 - loadIPPluginJar : add stm32_wpan
2024-10-29 17:02:03,687 [INFO] IPUIPlugin:80 - create IPUIPlugin
2024-10-29 17:02:03,688 [INFO] PluginManager:220 - loadIPPluginJar : add dma3
2024-10-29 17:02:03,689 [INFO] IPUIPlugin:80 - create IPUIPlugin
2024-10-29 17:02:03,689 [INFO] PluginManager:220 - loadIPPluginJar : add aes
2024-10-29 17:02:03,692 [INFO] IPUIPlugin:80 - create IPUIPlugin
2024-10-29 17:02:03,693 [INFO] PluginManager:220 - loadIPPluginJar : add plateformsettings
2024-10-29 17:02:03,694 [INFO] IPUIPlugin:80 - create IPUIPlugin
2024-10-29 17:02:03,695 [INFO] PluginManager:220 - loadIPPluginJar : add resmgrutility
2024-10-29 17:02:03,698 [INFO] IPUIPlugin:80 - create IPUIPlugin
2024-10-29 17:02:03,699 [INFO] PluginManager:220 - loadIPPluginJar : add linkedlist
2024-10-29 17:02:03,702 [INFO] IPUIPlugin:80 - create IPUIPlugin
2024-10-29 17:02:03,702 [INFO] PluginManager:220 - loadIPPluginJar : add freertos
2024-10-29 17:02:03,702 [INFO] IPUIPlugin:80 - create IPUIPlugin
2024-10-29 17:02:03,703 [INFO] PluginManager:220 - loadIPPluginJar : add genericplugin
2024-10-29 17:02:03,704 [INFO] IPUIPlugin:80 - create IPUIPlugin
2024-10-29 17:02:03,704 [INFO] PluginManager:220 - loadIPPluginJar : add usbx
2024-10-29 17:02:03,705 [INFO] IPUIPlugin:80 - create IPUIPlugin
2024-10-29 17:02:03,705 [INFO] PluginManager:220 - loadIPPluginJar : add openamp
2024-10-29 17:02:03,706 [INFO] IPUIPlugin:80 - create IPUIPlugin
2024-10-29 17:02:03,706 [INFO] PluginManager:220 - loadIPPluginJar : add ddr_ctrl_phy
2024-10-29 17:02:03,709 [INFO] IPUIPlugin:80 - create IPUIPlugin
2024-10-29 17:02:03,709 [INFO] PluginManager:220 - loadIPPluginJar : add dma
2024-10-29 17:02:03,710 [INFO] IPUIPlugin:80 - create IPUIPlugin
2024-10-29 17:02:03,710 [INFO] PluginManager:220 - loadIPPluginJar : add usart
2024-10-29 17:02:03,711 [INFO] IPUIPlugin:80 - create IPUIPlugin
2024-10-29 17:02:03,711 [INFO] PluginManager:220 - loadIPPluginJar : add lorawan
2024-10-29 17:02:03,712 [INFO] IPUIPlugin:80 - create IPUIPlugin
2024-10-29 17:02:03,713 [INFO] PluginManager:220 - loadIPPluginJar : add nvic
2024-10-29 17:02:03,713 [INFO] IPUIPlugin:80 - create IPUIPlugin
2024-10-29 17:02:03,713 [INFO] PluginManager:220 - loadIPPluginJar : add i2s
2024-10-29 17:02:03,714 [INFO] IPUIPlugin:80 - create IPUIPlugin
2024-10-29 17:02:03,714 [INFO] PluginManager:220 - loadIPPluginJar : add gfxmmu
2024-10-29 17:02:03,715 [INFO] IPUIPlugin:80 - create IPUIPlugin
2024-10-29 17:02:03,715 [INFO] PluginManager:220 - loadIPPluginJar : add spi
2024-10-29 17:02:03,716 [INFO] IPUIPlugin:80 - create IPUIPlugin
2024-10-29 17:02:03,716 [INFO] PluginManager:220 - loadIPPluginJar : add ipddr
2024-10-29 17:02:03,718 [INFO] IPUIPlugin:80 - create IPUIPlugin
2024-10-29 17:02:03,718 [INFO] PluginManager:220 - loadIPPluginJar : add gpio
2024-10-29 17:02:03,719 [INFO] IPUIPlugin:80 - create IPUIPlugin
2024-10-29 17:02:03,719 [INFO] PluginManager:220 - loadIPPluginJar : add can
2024-10-29 17:02:03,719 [INFO] IPUIPlugin:80 - create IPUIPlugin
2024-10-29 17:02:03,719 [INFO] PluginManager:220 - loadIPPluginJar : add ltdc
2024-10-29 17:02:03,720 [INFO] IPUIPlugin:80 - create IPUIPlugin
2024-10-29 17:02:03,720 [INFO] PluginManager:220 - loadIPPluginJar : add fatfs
2024-10-29 17:02:03,722 [INFO] IPUIPlugin:80 - create IPUIPlugin
2024-10-29 17:02:03,722 [INFO] PluginManager:220 - loadIPPluginJar : add fmc
2024-10-29 17:02:03,723 [INFO] IPUIPlugin:80 - create IPUIPlugin
2024-10-29 17:02:03,723 [INFO] PluginManager:220 - loadIPPluginJar : add hash
2024-10-29 17:02:03,724 [INFO] IPUIPlugin:80 - create IPUIPlugin
2024-10-29 17:02:03,724 [INFO] PluginManager:220 - loadIPPluginJar : add radio
2024-10-29 17:02:03,725 [INFO] IPUIPlugin:80 - create IPUIPlugin
2024-10-29 17:02:03,725 [INFO] PluginManager:220 - loadIPPluginJar : add sai
2024-10-29 17:02:03,727 [INFO] IPUIPlugin:80 - create IPUIPlugin
2024-10-29 17:02:03,727 [INFO] PluginManager:220 - loadIPPluginJar : add touchsensing
2024-10-29 17:02:03,728 [INFO] IPUIPlugin:80 - create IPUIPlugin
2024-10-29 17:02:03,728 [INFO] PluginManager:220 - loadIPPluginJar : add i3c
2024-10-29 17:02:03,729 [INFO] IPUIPlugin:80 - create IPUIPlugin
2024-10-29 17:02:03,729 [INFO] PluginManager:220 - loadIPPluginJar : add tim
2024-10-29 17:02:03,729 [INFO] IPUIPlugin:80 - create IPUIPlugin
2024-10-29 17:02:03,729 [INFO] PluginManager:220 - loadIPPluginJar : add ucpd
2024-10-29 17:02:03,732 [INFO] IPUIPlugin:80 - create IPUIPlugin
2024-10-29 17:02:03,732 [INFO] PluginManager:220 - loadIPPluginJar : add gic
2024-10-29 17:02:03,733 [INFO] IPUIPlugin:80 - create IPUIPlugin
2024-10-29 17:02:03,733 [INFO] PluginManager:220 - loadIPPluginJar : add cryp
2024-10-29 17:02:03,736 [INFO] IPUIPlugin:80 - create IPUIPlugin
2024-10-29 17:02:03,736 [INFO] PluginManager:220 - loadIPPluginJar : add adc
2024-10-29 17:02:03,737 [INFO] IPUIPlugin:80 - create IPUIPlugin
2024-10-29 17:02:03,737 [INFO] PluginManager:220 - loadIPPluginJar : add opamp
2024-10-29 17:02:03,738 [INFO] IPUIPlugin:80 - create IPUIPlugin
2024-10-29 17:02:03,738 [INFO] PluginManager:220 - loadIPPluginJar : add tsc
2024-10-29 17:02:03,739 [INFO] IPUIPlugin:80 - create IPUIPlugin
2024-10-29 17:02:03,739 [INFO] PluginManager:220 - loadIPPluginJar : add i2c
2024-10-29 17:02:03,740 [INFO] IPUIPlugin:80 - create IPUIPlugin
2024-10-29 17:02:03,740 [INFO] PluginManager:220 - loadIPPluginJar : add gtzc
2024-10-29 17:02:03,740 [INFO] IPUIPlugin:80 - create IPUIPlugin
2024-10-29 17:02:03,740 [INFO] PluginManager:220 - loadIPPluginJar : add quadspi
2024-10-29 17:02:03,741 [INFO] IPUIPlugin:80 - create IPUIPlugin
2024-10-29 17:02:03,741 [INFO] PluginManager:220 - loadIPPluginJar : add comp
2024-10-29 17:02:03,744 [INFO] IPUIPlugin:80 - create IPUIPlugin
2024-10-29 17:02:03,744 [INFO] PluginManager:220 - loadIPPluginJar : add mdma
2024-10-29 17:02:03,745 [INFO] IPUIPlugin:80 - create IPUIPlugin
2024-10-29 17:02:03,745 [INFO] PluginManager:220 - loadIPPluginJar : add dfsdm
2024-10-29 17:02:03,745 [INFO] IPUIPlugin:80 - create IPUIPlugin
2024-10-29 17:02:03,746 [INFO] PluginManager:220 - loadIPPluginJar : add ts
2024-10-29 17:02:03,746 [INFO] IPUIPlugin:80 - create IPUIPlugin
2024-10-29 17:02:03,746 [INFO] PluginManager:220 - loadIPPluginJar : add tracer_emb
2024-10-29 17:02:03,747 [INFO] IPUIPlugin:80 - create IPUIPlugin
2024-10-29 17:02:03,747 [INFO] PluginManager:220 - loadIPPluginJar : add pdm2pcm
2024-10-29 17:02:03,748 [INFO] IPUIPlugin:80 - create IPUIPlugin
2024-10-29 17:02:03,748 [INFO] PluginManager:220 - loadIPPluginJar : add extmemmanager
2024-10-29 17:02:03,834 [INFO] CADModel:165 - CPN selected for project level
2024-10-29 17:02:03,834 [INFO] CADModel:114 - Register for checkConnection events
2024-10-29 17:02:03,835 [FATAL] Updater:334 - Updater called before beeing initialized
2024-10-29 17:02:03,835 [ERROR] CADModel:125 - Updater not yet initialized, retry later 
2024-10-29 17:02:03,897 [INFO] CADModel:165 - CPN selected for project level
2024-10-29 17:02:03,897 [INFO] CADModel:114 - Register for checkConnection events
2024-10-29 17:02:03,897 [FATAL] Updater:334 - Updater called before beeing initialized
2024-10-29 17:02:03,897 [ERROR] CADModel:125 - Updater not yet initialized, retry later 
2024-10-29 17:02:03,900 [FATAL] Updater:334 - Updater called before beeing initialized
2024-10-29 17:02:03,946 [FATAL] Updater:334 - Updater called before beeing initialized
2024-10-29 17:02:03,949 [INFO] DbMcusAds:53 - JSON generation date=Fri Sep 20 20:04:38 ICT 2024 (1726837478367)
2024-10-29 17:02:03,949 [FATAL] Updater:334 - Updater called before beeing initialized
2024-10-29 17:02:03,969 [WARN] DetailPanel:346 - Failed to get advertising image, set to default
2024-10-29 17:02:04,016 [FATAL] Updater:334 - Updater called before beeing initialized
2024-10-29 17:02:04,017 [FATAL] Updater:334 - Updater called before beeing initialized
2024-10-29 17:02:04,017 [FATAL] Updater:334 - Updater called before beeing initialized
2024-10-29 17:02:04,017 [WARN] DetailPanel:346 - Failed to get advertising image, set to default
2024-10-29 17:02:04,018 [FATAL] Updater:334 - Updater called before beeing initialized
2024-10-29 17:02:04,035 [ERROR] Updater:1164 - MainUpdater not yet initialized. External WinMGr cannot be set.
2024-10-29 17:02:04,036 [INFO] Updater:1100 - Updater Version found : 6.12.1
2024-10-29 17:02:04,048 [INFO] ApplicationProperties:184 - Using Application install path: /opt/st/stm32cubeide_1.16.1/plugins/com.st.stm32cube.common.mx_6.12.1.202409122256
2024-10-29 17:02:04,192 [INFO] MainUpdater:2873 - connection check result : 10
2024-10-29 17:02:04,193 [INFO] MainUpdater:290 - Updater Check For Update Now.
2024-10-29 17:02:04,193 [INFO] MicroXplorer:498 - Change Database Version : DB.6.0.121
2024-10-29 17:02:04,196 [INFO] McuFinderGlobals:63 - Set McuFinder mode to 2 (CubeIDE integrated)
2024-10-29 17:02:04,197 [INFO] UserAuth:417 - Internet connection configuration mode: 1
2024-10-29 17:02:04,203 [INFO] JxBrowserEngine:152 - Initiate JxBrowser Engine with user profile folder
2024-10-29 17:02:04,345 [INFO] CheckServerUpdateThread:120 - End of CheckServer Thread
2024-10-29 17:02:04,547 [INFO] WebApp:167 - Instantiating new browser for Auth
2024-10-29 17:02:04,952 [INFO] WebApp:448 - Apply proxy settings
2024-10-29 17:02:04,952 [INFO] WebApp:533 - Chromium requires no authentication
2024-10-29 17:02:04,957 [INFO] WebApp:476 - Direct internet connection detected
2024-10-29 17:02:04,967 [INFO] WebApp:869 - Register for checkConnection events
2024-10-29 17:02:04,968 [INFO] WebApp:448 - Apply proxy settings
2024-10-29 17:02:04,968 [INFO] WebApp:533 - Chromium requires no authentication
2024-10-29 17:02:04,968 [INFO] WebApp:476 - Direct internet connection detected
2024-10-29 17:02:05,040 [INFO] WebApp:220 - Starting web application
2024-10-29 17:02:05,041 [INFO] WebApp:578 - Web application path used /opt/st/stm32cubeide_1.16.1/plugins/com.st.stm32cube.common.mx_6.12.1.202409122256/db/plugins/mcufinder/reactClient1/index.html
2024-10-29 17:02:05,094 [INFO] UserAuth:417 - Internet connection configuration mode: 1
2024-10-29 17:02:05,170 [INFO] WebApp:186 - Connection restablished
2024-10-29 17:02:06,491 [WARN] PackLoader:240 - Cannot read IP mode file for STMicroelectronics.FP-SNS-MOTENVWB1.1.4.0
2024-10-29 17:02:06,496 [WARN] PackLoader:240 - Cannot read IP mode file for STMicroelectronics.FP-SNS-FLIGHT1.5.0.2
2024-10-29 17:02:06,499 [WARN] PackLoader:240 - Cannot read IP mode file for STMicroelectronics.FP-SNS-SMARTAG2.1.2.0
2024-10-29 17:02:06,502 [WARN] PackLoader:240 - Cannot read IP mode file for STMicroelectronics.FP-SNS-MOTENV1.5.0.0
2024-10-29 17:02:06,507 [WARN] PackLoader:240 - Cannot read IP mode file for STMicroelectronics.FP-ATR-SIGFOX1.3.2.0
2024-10-29 17:02:06,510 [WARN] PackLoader:240 - Cannot read IP mode file for STMicroelectronics.FP-ATR-ASTRA1.2.0.0
2024-10-29 17:02:06,511 [INFO] ThirdParty:978 - Integrity check success = true
2024-10-29 17:02:06,511 [INFO] IntegrityCheckThread:100 - exiting critical section [integrity check]
2024-10-29 17:02:06,511 [INFO] IntegrityCheckThread:103 - End integrity checks thread
2024-10-29 17:02:10,970 [ERROR] LogOutputStream:75 - [STDERR_REDIRECT] 
