[0.040s] Invoking command in '/home/waritt/urosrobotsim_ws/build/megarover_samples_ros2': CMAKE_PREFIX_PATH=${CMAKE_PREFIX_PATH}:/opt/ros/humble /usr/bin/cmake --build /home/waritt/urosrobotsim_ws/build/megarover_samples_ros2 -- -j16 -l16
[0.086s] [100%] Built target pub_odom
[0.097s] Invoked command in '/home/waritt/urosrobotsim_ws/build/megarover_samples_ros2' returned '0': CMAKE_PREFIX_PATH=${CMAKE_PREFIX_PATH}:/opt/ros/humble /usr/bin/cmake --build /home/waritt/urosrobotsim_ws/build/megarover_samples_ros2 -- -j16 -l16
[0.138s] Invoking command in '/home/waritt/urosrobotsim_ws/build/megarover_samples_ros2': CMAKE_PREFIX_PATH=${CMAKE_PREFIX_PATH}:/opt/ros/humble /usr/bin/cmake --install /home/waritt/urosrobotsim_ws/build/megarover_samples_ros2
[0.139s] -- Install configuration: ""
[0.140s] -- Up-to-date: /home/waritt/urosrobotsim_ws/install/megarover_samples_ros2/lib/megarover_samples_ros2/pub_odom
[0.140s] -- Up-to-date: /home/waritt/urosrobotsim_ws/install/megarover_samples_ros2/share/megarover_samples_ros2/config
[0.140s] -- Up-to-date: /home/waritt/urosrobotsim_ws/install/megarover_samples_ros2/share/megarover_samples_ros2/config/gazebo_publish_rate.yaml
[0.140s] -- Up-to-date: /home/waritt/urosrobotsim_ws/install/megarover_samples_ros2/share/megarover_samples_ros2/config/navigation_param.yaml
[0.140s] -- Up-to-date: /home/waritt/urosrobotsim_ws/install/megarover_samples_ros2/share/megarover_samples_ros2/config/mapper_params_online_sync.yaml
[0.140s] -- Up-to-date: /home/waritt/urosrobotsim_ws/install/megarover_samples_ros2/share/megarover_samples_ros2/config/diff_drive_controller.yaml
[0.140s] -- Up-to-date: /home/waritt/urosrobotsim_ws/install/megarover_samples_ros2/share/megarover_samples_ros2/launch
[0.140s] -- Up-to-date: /home/waritt/urosrobotsim_ws/install/megarover_samples_ros2/share/megarover_samples_ros2/launch/vmegarover_with_sample_world.launch.py
[0.141s] -- Up-to-date: /home/waritt/urosrobotsim_ws/install/megarover_samples_ros2/share/megarover_samples_ros2/launch/vmegarover_navigation.launch.py
[0.141s] -- Up-to-date: /home/waritt/urosrobotsim_ws/install/megarover_samples_ros2/share/megarover_samples_ros2/launch/vmegarover_save_map.launch.py
[0.141s] -- Up-to-date: /home/waritt/urosrobotsim_ws/install/megarover_samples_ros2/share/megarover_samples_ros2/launch/vmegarover_with_empty_world.launch.py
[0.141s] -- Up-to-date: /home/waritt/urosrobotsim_ws/install/megarover_samples_ros2/share/megarover_samples_ros2/launch/utils
[0.141s] -- Up-to-date: /home/waritt/urosrobotsim_ws/install/megarover_samples_ros2/share/megarover_samples_ros2/launch/utils/ignition_gazebo.launch.py
[0.141s] -- Up-to-date: /home/waritt/urosrobotsim_ws/install/megarover_samples_ros2/share/megarover_samples_ros2/launch/utils/ros2_control.launch.py
[0.141s] -- Up-to-date: /home/waritt/urosrobotsim_ws/install/megarover_samples_ros2/share/megarover_samples_ros2/launch/utils/robot_description.launch.py
[0.141s] -- Up-to-date: /home/waritt/urosrobotsim_ws/install/megarover_samples_ros2/share/megarover_samples_ros2/launch/utils/classic_gazebo.launch.py
[0.141s] -- Up-to-date: /home/waritt/urosrobotsim_ws/install/megarover_samples_ros2/share/megarover_samples_ros2/launch/vmegarover_mapping.launch.py
[0.141s] -- Up-to-date: /home/waritt/urosrobotsim_ws/install/megarover_samples_ros2/share/megarover_samples_ros2/maps
[0.141s] -- Up-to-date: /home/waritt/urosrobotsim_ws/install/megarover_samples_ros2/share/megarover_samples_ros2/maps/vmegarover_samplemap.yaml
[0.141s] -- Up-to-date: /home/waritt/urosrobotsim_ws/install/megarover_samples_ros2/share/megarover_samples_ros2/maps/vmegarover_samplemap.pgm
[0.141s] -- Up-to-date: /home/waritt/urosrobotsim_ws/install/megarover_samples_ros2/share/megarover_samples_ros2/models
[0.142s] -- Up-to-date: /home/waritt/urosrobotsim_ws/install/megarover_samples_ros2/share/megarover_samples_ros2/models/vmegarover
[0.142s] -- Up-to-date: /home/waritt/urosrobotsim_ws/install/megarover_samples_ros2/share/megarover_samples_ros2/models/vmegarover/meshes
[0.142s] -- Up-to-date: /home/waritt/urosrobotsim_ws/install/megarover_samples_ros2/share/megarover_samples_ros2/models/vmegarover/meshes/dae
[0.142s] -- Up-to-date: /home/waritt/urosrobotsim_ws/install/megarover_samples_ros2/share/megarover_samples_ros2/models/vmegarover/meshes/dae/r5_lrf.png
[0.142s] -- Up-to-date: /home/waritt/urosrobotsim_ws/install/megarover_samples_ros2/share/megarover_samples_ros2/models/vmegarover/meshes/dae/vmega_wheel.dae
[0.142s] -- Up-to-date: /home/waritt/urosrobotsim_ws/install/megarover_samples_ros2/share/megarover_samples_ros2/models/vmegarover/meshes/dae/main_body.dae
[0.142s] -- Up-to-date: /home/waritt/urosrobotsim_ws/install/megarover_samples_ros2/share/megarover_samples_ros2/models/vmegarover/meshes/dae/r5.png
[0.142s] -- Up-to-date: /home/waritt/urosrobotsim_ws/install/megarover_samples_ros2/share/megarover_samples_ros2/models/vmegarover/meshes/dae/lrf.dae
[0.142s] -- Up-to-date: /home/waritt/urosrobotsim_ws/install/megarover_samples_ros2/share/megarover_samples_ros2/models/vmegarover/meshes/dae/megarover.dae
[0.142s] -- Up-to-date: /home/waritt/urosrobotsim_ws/install/megarover_samples_ros2/share/megarover_samples_ros2/models/vmegarover/meshes/dae/vmega_body.dae
[0.142s] -- Up-to-date: /home/waritt/urosrobotsim_ws/install/megarover_samples_ros2/share/megarover_samples_ros2/models/vmegarover/meshes/stl
[0.142s] -- Up-to-date: /home/waritt/urosrobotsim_ws/install/megarover_samples_ros2/share/megarover_samples_ros2/models/vmegarover/meshes/stl/vmega_body.stl
[0.142s] -- Up-to-date: /home/waritt/urosrobotsim_ws/install/megarover_samples_ros2/share/megarover_samples_ros2/models/vmegarover/meshes/stl/lrf.stl
[0.142s] -- Up-to-date: /home/waritt/urosrobotsim_ws/install/megarover_samples_ros2/share/megarover_samples_ros2/models/vmegarover/meshes/stl/vmega_wheel.stl
[0.142s] -- Up-to-date: /home/waritt/urosrobotsim_ws/install/megarover_samples_ros2/share/megarover_samples_ros2/models/vmegarover/meshes/stl/megarover.stl
[0.142s] -- Up-to-date: /home/waritt/urosrobotsim_ws/install/megarover_samples_ros2/share/megarover_samples_ros2/robots
[0.142s] -- Up-to-date: /home/waritt/urosrobotsim_ws/install/megarover_samples_ros2/share/megarover_samples_ros2/robots/vmegarover.urdf.xacro
[0.142s] -- Up-to-date: /home/waritt/urosrobotsim_ws/install/megarover_samples_ros2/share/megarover_samples_ros2/rviz
[0.142s] -- Up-to-date: /home/waritt/urosrobotsim_ws/install/megarover_samples_ros2/share/megarover_samples_ros2/rviz/mapping.rviz
[0.142s] -- Up-to-date: /home/waritt/urosrobotsim_ws/install/megarover_samples_ros2/share/megarover_samples_ros2/rviz/navigation.rviz
[0.142s] -- Up-to-date: /home/waritt/urosrobotsim_ws/install/megarover_samples_ros2/share/megarover_samples_ros2/scripts
[0.143s] -- Up-to-date: /home/waritt/urosrobotsim_ws/install/megarover_samples_ros2/share/megarover_samples_ros2/scripts/.gitkeep
[0.143s] -- Up-to-date: /home/waritt/urosrobotsim_ws/install/megarover_samples_ros2/share/megarover_samples_ros2/urdf
[0.143s] -- Up-to-date: /home/waritt/urosrobotsim_ws/install/megarover_samples_ros2/share/megarover_samples_ros2/urdf/wheel
[0.143s] -- Up-to-date: /home/waritt/urosrobotsim_ws/install/megarover_samples_ros2/share/megarover_samples_ros2/urdf/wheel/vwheel.urdf.xacro
[0.143s] -- Up-to-date: /home/waritt/urosrobotsim_ws/install/megarover_samples_ros2/share/megarover_samples_ros2/urdf/wheel/wheel.gazebo.xacro
[0.143s] -- Up-to-date: /home/waritt/urosrobotsim_ws/install/megarover_samples_ros2/share/megarover_samples_ros2/urdf/lrf
[0.143s] -- Up-to-date: /home/waritt/urosrobotsim_ws/install/megarover_samples_ros2/share/megarover_samples_ros2/urdf/lrf/lrf.urdf.xacro
[0.143s] -- Up-to-date: /home/waritt/urosrobotsim_ws/install/megarover_samples_ros2/share/megarover_samples_ros2/urdf/lrf/lrf.gazebo.xacro
[0.143s] -- Up-to-date: /home/waritt/urosrobotsim_ws/install/megarover_samples_ros2/share/megarover_samples_ros2/urdf/body
[0.143s] -- Up-to-date: /home/waritt/urosrobotsim_ws/install/megarover_samples_ros2/share/megarover_samples_ros2/urdf/body/body.gazebo.xacro
[0.143s] -- Up-to-date: /home/waritt/urosrobotsim_ws/install/megarover_samples_ros2/share/megarover_samples_ros2/urdf/body/vbody.urdf.xacro
[0.143s] -- Up-to-date: /home/waritt/urosrobotsim_ws/install/megarover_samples_ros2/share/megarover_samples_ros2/urdf/common.xacro
[0.143s] -- Up-to-date: /home/waritt/urosrobotsim_ws/install/megarover_samples_ros2/share/megarover_samples_ros2/urdf/camera
[0.143s] -- Up-to-date: /home/waritt/urosrobotsim_ws/install/megarover_samples_ros2/share/megarover_samples_ros2/urdf/camera/camera.gazebo.xacro
[0.143s] -- Up-to-date: /home/waritt/urosrobotsim_ws/install/megarover_samples_ros2/share/megarover_samples_ros2/urdf/camera/camera.urdf.xacro
[0.143s] -- Up-to-date: /home/waritt/urosrobotsim_ws/install/megarover_samples_ros2/share/megarover_samples_ros2/worlds
[0.143s] -- Up-to-date: /home/waritt/urosrobotsim_ws/install/megarover_samples_ros2/share/megarover_samples_ros2/worlds/classic
[0.143s] -- Up-to-date: /home/waritt/urosrobotsim_ws/install/megarover_samples_ros2/share/megarover_samples_ros2/worlds/classic/vmegarover_sample.world
[0.143s] -- Up-to-date: /home/waritt/urosrobotsim_ws/install/megarover_samples_ros2/share/megarover_samples_ros2/worlds/ignition
[0.143s] -- Up-to-date: /home/waritt/urosrobotsim_ws/install/megarover_samples_ros2/share/megarover_samples_ros2/worlds/ignition/vmegarover_sample.sdf
[0.144s] -- Up-to-date: /home/waritt/urosrobotsim_ws/install/megarover_samples_ros2/share/ament_index/resource_index/package_run_dependencies/megarover_samples_ros2
[0.144s] -- Up-to-date: /home/waritt/urosrobotsim_ws/install/megarover_samples_ros2/share/ament_index/resource_index/parent_prefix_path/megarover_samples_ros2
[0.144s] -- Up-to-date: /home/waritt/urosrobotsim_ws/install/megarover_samples_ros2/share/megarover_samples_ros2/environment/ament_prefix_path.sh
[0.144s] -- Up-to-date: /home/waritt/urosrobotsim_ws/install/megarover_samples_ros2/share/megarover_samples_ros2/environment/ament_prefix_path.dsv
[0.144s] -- Up-to-date: /home/waritt/urosrobotsim_ws/install/megarover_samples_ros2/share/megarover_samples_ros2/environment/path.sh
[0.144s] -- Up-to-date: /home/waritt/urosrobotsim_ws/install/megarover_samples_ros2/share/megarover_samples_ros2/environment/path.dsv
[0.144s] -- Up-to-date: /home/waritt/urosrobotsim_ws/install/megarover_samples_ros2/share/megarover_samples_ros2/local_setup.bash
[0.144s] -- Up-to-date: /home/waritt/urosrobotsim_ws/install/megarover_samples_ros2/share/megarover_samples_ros2/local_setup.sh
[0.144s] -- Up-to-date: /home/waritt/urosrobotsim_ws/install/megarover_samples_ros2/share/megarover_samples_ros2/local_setup.zsh
[0.144s] -- Up-to-date: /home/waritt/urosrobotsim_ws/install/megarover_samples_ros2/share/megarover_samples_ros2/local_setup.dsv
[0.144s] -- Installing: /home/waritt/urosrobotsim_ws/install/megarover_samples_ros2/share/megarover_samples_ros2/package.dsv
[0.144s] -- Up-to-date: /home/waritt/urosrobotsim_ws/install/megarover_samples_ros2/share/ament_index/resource_index/packages/megarover_samples_ros2
[0.144s] -- Up-to-date: /home/waritt/urosrobotsim_ws/install/megarover_samples_ros2/share/megarover_samples_ros2/cmake/megarover_samples_ros2Config.cmake
[0.144s] -- Up-to-date: /home/waritt/urosrobotsim_ws/install/megarover_samples_ros2/share/megarover_samples_ros2/cmake/megarover_samples_ros2Config-version.cmake
[0.144s] -- Up-to-date: /home/waritt/urosrobotsim_ws/install/megarover_samples_ros2/share/megarover_samples_ros2/package.xml
[0.159s] Invoked command in '/home/waritt/urosrobotsim_ws/build/megarover_samples_ros2' returned '0': CMAKE_PREFIX_PATH=${CMAKE_PREFIX_PATH}:/opt/ros/humble /usr/bin/cmake --install /home/waritt/urosrobotsim_ws/build/megarover_samples_ros2
